Log file open, 08/26/21 13:49:16
LogWindows: Failed to load 'aqProf.dll' (GetLastError=126)
LogWindows: File 'aqProf.dll' does not exist
LogWindows: Failed to load 'VtuneApi.dll' (GetLastError=126)
LogWindows: File 'VtuneApi.dll' does not exist
LogWindows: Failed to load 'VtuneApi32e.dll' (GetLastError=126)
LogWindows: File 'VtuneApi32e.dll' does not exist
LogConsoleResponse: Display: Failed to find resolution value strings in scalability ini. Falling back to default.
LogConsoleResponse: Display: Failed to find resolution value strings in scalability ini. Falling back to default.
LogInit: Display: Running engine for game: NDisplay
LogPlatformFile: Not using cached read wrapper
LogTaskGraph: Started task graph with 5 named threads and 59 total threads with 3 sets of task threads.
LogStats: Stats thread started at 0.240380
LogICUInternationalization: ICU TimeZone Detection - Raw Offset: -6:00, Platform Override: ''
LogInit: Display: Loading text-based GConfig....
LogPluginManager: Mounting plugin MeshPainting
LogPluginManager: Mounting plugin XGEController
LogPluginManager: Mounting plugin Paper2D
LogPluginManager: Mounting plugin LiveLink
LogPluginManager: Mounting plugin AISupport
LogPluginManager: Mounting plugin EnvironmentQueryEditor
LogPluginManager: Mounting plugin LightPropagationVolume
LogPluginManager: Mounting plugin CameraShakePreviewer
LogPluginManager: Mounting plugin Composure
LogPluginManager: Mounting plugin LensDistortion
LogPluginManager: Mounting plugin GameplayCameras
LogPluginManager: Mounting plugin OpenColorIO
LogPluginManager: Mounting plugin AnimationSharing
LogPluginManager: Mounting plugin OodleData
LogPluginManager: Mounting plugin CodeLiteSourceCodeAccess
LogPluginManager: Mounting plugin CLionSourceCodeAccess
LogPluginManager: Mounting plugin GitSourceControl
LogPluginManager: Mounting plugin OodleNetwork
LogPluginManager: Mounting plugin NullSourceCodeAccess
LogPluginManager: Mounting plugin PlasticSourceControl
LogPluginManager: Mounting plugin PluginUtils
LogPluginManager: Mounting plugin PerforceSourceControl
LogPluginManager: Mounting plugin KDevelopSourceCodeAccess
LogPluginManager: Mounting plugin PropertyAccessNode
LogPluginManager: Mounting plugin RiderSourceCodeAccess
LogPluginManager: Mounting plugin SubversionSourceControl
LogPluginManager: Mounting plugin UObjectPlugin
LogPluginManager: Mounting plugin PixWinPlugin
LogPluginManager: Mounting plugin VisualStudioCodeSourceCodeAccess
LogPluginManager: Mounting plugin VisualStudioSourceCodeAccess
LogPluginManager: Mounting plugin TextureFormatOodle
LogPluginManager: Mounting plugin AssetManagerEditor
LogPluginManager: Mounting plugin BlueprintMaterialTextureNodes
LogPluginManager: Mounting plugin CryptoKeys
LogPluginManager: Mounting plugin CurveEditorTools
LogPluginManager: Mounting plugin XCodeSourceCodeAccess
LogPluginManager: Mounting plugin EditorScriptingUtilities
LogPluginManager: Mounting plugin DataValidation
LogPluginManager: Mounting plugin GeometryMode
LogPluginManager: Mounting plugin MaterialAnalyzer
LogPluginManager: Mounting plugin FacialAnimation
LogPluginManager: Mounting plugin MacGraphicsSwitching
LogPluginManager: Mounting plugin PluginBrowser
LogPluginManager: Mounting plugin AlembicImporter
LogPluginManager: Mounting plugin Niagara
LogPluginManager: Mounting plugin BackChannel
LogPluginManager: Mounting plugin AutomationUtils
LogPluginManager: Mounting plugin ChaosClothEditor
LogPluginManager: Mounting plugin MobileLauncherProfileWizard
LogPluginManager: Mounting plugin ChaosSolverPlugin
LogPluginManager: Mounting plugin ChaosEditor
LogPluginManager: Mounting plugin ChaosNiagara
LogPluginManager: Mounting plugin CharacterAI
LogPluginManager: Mounting plugin ChaosCloth
LogPluginManager: Mounting plugin SpeedTreeImporter
LogPluginManager: Mounting plugin GameplayTagsEditor
LogPluginManager: Mounting plugin ColorCorrectRegions
LogPluginManager: Mounting plugin AndroidMedia
LogPluginManager: Mounting plugin LuminPlatformFeatures
LogPluginManager: Mounting plugin AvfMedia
LogPluginManager: Mounting plugin MagicLeap
LogPluginManager: Mounting plugin GeometryCache
LogPluginManager: Mounting plugin GeometryCollectionPlugin
LogPluginManager: Mounting plugin MagicLeapLightEstimation
LogPluginManager: Mounting plugin ImgMedia
LogPluginManager: Mounting plugin MagicLeapMedia
LogPluginManager: Mounting plugin MediaCompositing
LogPluginManager: Mounting plugin MediaIOFramework
LogPluginManager: Mounting plugin GeometryProcessing
LogPluginManager: Mounting plugin MediaPlayerEditor
LogPluginManager: Mounting plugin WebMMedia
LogPluginManager: Mounting plugin WmfMedia
LogPluginManager: Mounting plugin MotoSynth
LogPluginManager: Mounting plugin OpenImageDenoise
LogPluginManager: Mounting plugin PlanarCut
LogPluginManager: Mounting plugin ProxyLODPlugin
LogPluginManager: Mounting plugin PlatformCrypto
LogPluginManager: Mounting plugin PythonScriptPlugin
LogPluginManager: Mounting plugin MLSDK
LogPluginManager: Mounting plugin MagicLeapPassableWorld
LogPluginManager: Mounting plugin SkeletalReduction
LogPluginManager: Mounting plugin VirtualProductionUtilities
LogPluginManager: Mounting plugin DatasmithContent
LogPluginManager: Mounting plugin VariantManagerContent
LogPluginManager: Mounting plugin TcpMessaging
LogPluginManager: Mounting plugin ActorSequence
LogPluginManager: Mounting plugin UdpMessaging
LogPluginManager: Mounting plugin SequencerScripting
LogPluginManager: Mounting plugin LevelSequenceEditor
LogPluginManager: Mounting plugin MatineeToLevelSequence
LogPluginManager: Mounting plugin TemplateSequence
LogPluginManager: Mounting plugin OnlineSubsystem
LogPluginManager: Mounting plugin OnlineSubsystemNull
LogPluginManager: Mounting plugin ActorLayerUtilities
LogPluginManager: Mounting plugin AndroidDeviceProfileSelector
LogPluginManager: Mounting plugin AndroidMoviePlayer
LogPluginManager: Mounting plugin OnlineSubsystemUtils
LogPluginManager: Mounting plugin AndroidPermission
LogPluginManager: Mounting plugin AppleImageUtils
LogPluginManager: Mounting plugin AppleMoviePlayer
LogPluginManager: Mounting plugin ScreenshotTools
LogPluginManager: Mounting plugin ArchVisCharacter
LogPluginManager: Mounting plugin AudioCapture
LogPluginManager: Mounting plugin AssetTags
LogPluginManager: Mounting plugin AudioSynesthesia
LogPluginManager: Mounting plugin CableComponent
LogPluginManager: Mounting plugin ChunkDownloader
LogPluginManager: Mounting plugin CustomMeshComponent
LogPluginManager: Mounting plugin EditableMesh
LogPluginManager: Mounting plugin ExampleDeviceProfileSelector
LogPluginManager: Mounting plugin GoogleCloudMessaging
LogPluginManager: Mounting plugin GooglePAD
LogPluginManager: Mounting plugin LauncherChunkInstaller
LogPluginManager: Mounting plugin IOSDeviceProfileSelector
LogPluginManager: Mounting plugin LinuxDeviceProfileSelector
LogPluginManager: Mounting plugin LocationServicesBPLibrary
LogPluginManager: Mounting plugin nDisplay
LogPluginManager: Mounting plugin MobilePatchingUtils
LogPluginManager: Mounting plugin OpenXR
LogPluginManager: Mounting plugin OpenXRHandTracking
LogPluginManager: Mounting plugin OpenXREyeTracker
LogPluginManager: Mounting plugin OSC
LogPluginManager: Mounting plugin PhysXVehicles
LogPluginManager: Mounting plugin CameraCalibrationCore
LogPluginManager: Mounting plugin PostSplashScreen
LogPluginManager: Mounting plugin ProceduralMeshComponent
LogPluginManager: Mounting plugin PropertyAccessEditor
LogPluginManager: Mounting plugin RuntimePhysXCooking
LogPluginManager: Mounting plugin SignificanceManager
LogPluginManager: Mounting plugin SoundFields
LogPluginManager: Mounting plugin MultiUserTakes
LogPluginManager: Mounting plugin Synthesis
LogPluginManager: Mounting plugin RemoteControlInterception
LogPluginManager: Mounting plugin TextureShare
LogPluginManager: Mounting plugin WebMMoviePlayer
LogPluginManager: Mounting plugin WindowsMoviePlayer
LogPluginManager: Mounting plugin Switchboard
LogPluginManager: Mounting plugin Takes
LogPluginManager: Mounting plugin MultiUserClient
LogPluginManager: Mounting plugin ConcertMain
LogPluginManager: Mounting plugin ContentBrowserAssetDataSource
LogPluginManager: Mounting plugin ContentBrowserClassDataSource
LogPluginManager: Mounting plugin ContentBrowserFileDataSource
LogPluginManager: Mounting plugin OnlineSubsystemGooglePlay
LogPluginManager: Mounting plugin OnlineSubsystemIOS
LogPluginManager: Mounting plugin SQLiteCore
LogPluginManager: Mounting plugin ConcertSyncCore
LogPluginManager: Mounting plugin ConcertSyncClient
PixWinPlugin: PIX capture plugin failed to initialize! Check that the process is launched from PIX.
LogInit: Using libcurl 7.55.1-DEV
LogInit:  - built for x86_64-pc-win32
LogInit:  - supports SSL with OpenSSL/1.1.1
LogInit:  - supports HTTP deflate (compression) using libz 1.2.8
LogInit:  - other features:
LogInit:      CURL_VERSION_SSL
LogInit:      CURL_VERSION_LIBZ
LogInit:      CURL_VERSION_IPV6
LogInit:      CURL_VERSION_ASYNCHDNS
LogInit:      CURL_VERSION_LARGEFILE
LogInit:      CURL_VERSION_IDN
LogInit:  CurlRequestOptions (configurable via config and command line):
LogInit:  - bVerifyPeer = true  - Libcurl will verify peer certificate
LogInit:  - bUseHttpProxy = false  - Libcurl will NOT use HTTP proxy
LogInit:  - bDontReuseConnections = false  - Libcurl will reuse connections
LogInit:  - MaxHostConnections = 16  - Libcurl will limit the number of connections to a host
LogInit:  - LocalHostAddr = Default
LogInit:  - BufferSize = 65536
LogOnline: OSS: Creating online subsystem instance for: NULL
LogInit: WinSock: version 1.1 (2.2), MaxSocks=32767, MaxUdp=65467
LogOnline: OSS: TryLoadSubsystemAndSetDefault: Loaded subsystem for module [NULL]
LogTextureShare: TextureShare module has been instantiated
LogTextureShare: TextureShare module has started
LogInit: Build: ++UE4+Release-4.27-CL-17155196
LogInit: Engine Version: 4.27.0-17155196+++UE4+Release-4.27
LogInit: Compatible Engine Version: 4.27.0-17155196+++UE4+Release-4.27
LogInit: Net CL: 17155196
LogInit: OS: Windows 10 (Release 2009) (), CPU: Intel(R) Core(TM) i9-10850K CPU @ 3.60GHz, GPU: NVIDIA GeForce RTX 3080
LogInit: Compiled (64-bit): Aug 13 2021 06:13:13
LogInit: Compiled with Visual C++: 19.24.28315.00
LogInit: Build Configuration: Development
LogInit: Branch Name: ++UE4+Release-4.27
LogInit: Command Line:  NDisplay -game -messaging -dc_cluster -nosplash -fixedseed -NoVerifyGC -noxrstereo -xrtrackingonly -RemoteControlIsHeadless -StageFriendlyName=Node_0 -MaxGPUCount=2 -dc_cfg=C:\Users\micha\AppData\Local\Temp\ndisplay\171507A84B8D6CC561A3808ACB3DF03B.ndisplay -dx12 -dc_dev_mono -dc_node=Node_0 Log=Node_0.log -ini:Engine:[/Script/Engine.Engine]:GameEngine=/Script/DisplayCluster.DisplayClusterGameEngine,[/Script/Engine.Engine]:GameViewportClientClassName=/Script/DisplayCluster.DisplayClusterViewportClient,[/Script/Engine.UserInterfaceSettings]:bAllowHighDPIInGameMode=True -ini:Game:[/Script/EngineSettings.GeneralProjectSettings]:bUseBorderlessWindow=True -unattended -ExecCmds=DisableAllScreenMessages -windowed -forceres WinX=0 WinY=0 ResX=7680 ResY=2160
LogInit: Base Directory: D:/Games/UE_4.27/Engine/Binaries/Win64/
LogInit: Allocator: TBB
LogInit: Installed Engine Build: 1
LogDevObjectVersion: Number of dev versions registered: 29
LogDevObjectVersion:   Dev-Blueprints (B0D832E4-1F89-4F0D-ACCF-7EB736FD4AA2): 10
LogDevObjectVersion:   Dev-Build (E1C64328-A22C-4D53-A36C-8E866417BD8C): 0
LogDevObjectVersion:   Dev-Core (375EC13C-06E4-48FB-B500-84F0262A717E): 4
LogDevObjectVersion:   Dev-Editor (E4B068ED-F494-42E9-A231-DA0B2E46BB41): 40
LogDevObjectVersion:   Dev-Framework (CFFC743F-43B0-4480-9391-14DF171D2073): 37
LogDevObjectVersion:   Dev-Mobile (B02B49B5-BB20-44E9-A304-32B752E40360): 3
LogDevObjectVersion:   Dev-Networking (A4E4105C-59A1-49B5-A7C5-40C4547EDFEE): 0
LogDevObjectVersion:   Dev-Online (39C831C9-5AE6-47DC-9A44-9C173E1C8E7C): 0
LogDevObjectVersion:   Dev-Physics (78F01B33-EBEA-4F98-B9B4-84EACCB95AA2): 14
LogDevObjectVersion:   Dev-Platform (6631380F-2D4D-43E0-8009-CF276956A95A): 0
LogDevObjectVersion:   Dev-Rendering (12F88B9F-8875-4AFC-A67C-D90C383ABD29): 45
LogDevObjectVersion:   Dev-Sequencer (7B5AE74C-D270-4C10-A958-57980B212A5A): 13
LogDevObjectVersion:   Dev-VR (D7296918-1DD6-4BDD-9DE2-64A83CC13884): 3
LogDevObjectVersion:   Dev-LoadTimes (C2A15278-BFE7-4AFE-6C17-90FF531DF755): 1
LogDevObjectVersion:   Private-Geometry (6EACA3D4-40EC-4CC1-B786-8BED09428FC5): 3
LogDevObjectVersion:   Dev-AnimPhys (29E575DD-E0A3-4627-9D10-D276232CDCEA): 17
LogDevObjectVersion:   Dev-Anim (AF43A65D-7FD3-4947-9873-3E8ED9C1BB05): 15
LogDevObjectVersion:   Dev-ReflectionCapture (6B266CEC-1EC7-4B8F-A30B-E4D90942FC07): 1
LogDevObjectVersion:   Dev-Automation (0DF73D61-A23F-47EA-B727-89E90C41499A): 1
LogDevObjectVersion:   FortniteMain (601D1886-AC64-4F84-AA16-D3DE0DEAC7D6): 47
LogDevObjectVersion:   FortniteRelease (E7086368-6B23-4C58-8439-1B7016265E91): 1
LogDevObjectVersion:   Dev-Enterprise (9DFFBCD6-494F-0158-E221-12823C92A888): 10
LogDevObjectVersion:   Dev-Niagara (F2AED0AC-9AFE-416F-8664-AA7FFA26D6FC): 1
LogDevObjectVersion:   Dev-Destruction (174F1F0B-B4C6-45A5-B13F-2EE8D0FB917D): 10
LogDevObjectVersion:   Dev-Physics-Ext (35F94A83-E258-406C-A318-09F59610247C): 41
LogDevObjectVersion:   Dev-PhysicsMaterial-Chaos (B68FC16E-8B1B-42E2-B453-215C058844FE): 1
LogDevObjectVersion:   Dev-CineCamera (B2E18506-4273-CFC2-A54E-F4BB758BBA07): 1
LogDevObjectVersion:   Dev-VirtualProduction (64F58936-FD1B-42BA-BA96-7289D5D0FA4E): 1
LogDevObjectVersion:   Dev-MediaFramework (6F0ED827-A609-4895-9C91-998D90180EA4): 2
LogInit: Presizing for max 25165824 objects, including 0 objects not considered by GC, pre-allocating 0 bytes for permanent pool.
LogConfig: Applying CVar settings from Section [/Script/Engine.StreamingSettings] File [D:/Documents/Github/Packaging_Workshop/NDisplay/Saved/Config/Windows/Engine.ini]
LogConfig: Setting CVar [[s.MinBulkDataSizeForAsyncLoading:131072]]
LogConfig: Setting CVar [[s.AsyncLoadingThreadEnabled:0]]
LogConfig: Setting CVar [[s.EventDrivenLoaderEnabled:1]]
LogConfig: Setting CVar [[s.WarnIfTimeLimitExceeded:0]]
LogConfig: Setting CVar [[s.TimeLimitExceededMultiplier:1.5]]
LogConfig: Setting CVar [[s.TimeLimitExceededMinTime:0.005]]
LogConfig: Setting CVar [[s.UseBackgroundLevelStreaming:1]]
LogConfig: Setting CVar [[s.PriorityAsyncLoadingExtraTime:15.0]]
LogConfig: Setting CVar [[s.LevelStreamingActorsUpdateTimeLimit:5.0]]
LogConfig: Setting CVar [[s.PriorityLevelStreamingActorsUpdateExtraTime:5.0]]
LogConfig: Setting CVar [[s.LevelStreamingComponentsRegistrationGranularity:10]]
LogConfig: Setting CVar [[s.UnregisterComponentsTimeLimit:1.0]]
LogConfig: Setting CVar [[s.LevelStreamingComponentsUnregistrationGranularity:5]]
LogConfig: Setting CVar [[s.FlushStreamingOnExit:1]]
LogInit: Object subsystem initialized
LogConfig: Setting CVar [[con.DebugEarlyDefault:1]]
LogConfig: Setting CVar [[r.setres:1280x720]]
[2021.08.26-18.49.16:392][  0]LogConfig: Setting CVar [[con.DebugEarlyDefault:1]]
[2021.08.26-18.49.16:392][  0]LogConfig: Setting CVar [[r.setres:1280x720]]
[2021.08.26-18.49.16:392][  0]LogConfig: Applying CVar settings from Section [/Script/Engine.RendererSettings] File [D:/Documents/Github/Packaging_Workshop/NDisplay/Saved/Config/Windows/Engine.ini]
[2021.08.26-18.49.16:392][  0]LogConfig: Setting CVar [[r.GPUCrashDebugging:0]]
[2021.08.26-18.49.16:392][  0]LogConfig: Setting CVar [[r.DefaultFeature.Bloom:0]]
[2021.08.26-18.49.16:392][  0]LogConfig: Setting CVar [[r.DefaultFeature.AutoExposure:0]]
[2021.08.26-18.49.16:392][  0]LogConfig: Setting CVar [[r.DefaultFeature.MotionBlur:0]]
[2021.08.26-18.49.16:392][  0]LogConfig: Setting CVar [[r.SceneRenderTargetResizeMethod:2]]
[2021.08.26-18.49.16:392][  0]LogConfig: Setting CVar [[vr.AllowMotionBlurInVR:1]]
[2021.08.26-18.49.16:392][  0]LogConfig: Applying CVar settings from Section [/Script/Engine.RendererOverrideSettings] File [D:/Documents/Github/Packaging_Workshop/NDisplay/Saved/Config/Windows/Engine.ini]
[2021.08.26-18.49.16:392][  0]LogConfig: Applying CVar settings from Section [/Script/Engine.StreamingSettings] File [D:/Documents/Github/Packaging_Workshop/NDisplay/Saved/Config/Windows/Engine.ini]
[2021.08.26-18.49.16:392][  0]LogConfig: Setting CVar [[s.MinBulkDataSizeForAsyncLoading:131072]]
[2021.08.26-18.49.16:392][  0]LogConfig: Setting CVar [[s.AsyncLoadingThreadEnabled:0]]
[2021.08.26-18.49.16:392][  0]LogConfig: Setting CVar [[s.EventDrivenLoaderEnabled:1]]
[2021.08.26-18.49.16:392][  0]LogConfig: Setting CVar [[s.WarnIfTimeLimitExceeded:0]]
[2021.08.26-18.49.16:392][  0]LogConfig: Setting CVar [[s.TimeLimitExceededMultiplier:1.5]]
[2021.08.26-18.49.16:392][  0]LogConfig: Setting CVar [[s.TimeLimitExceededMinTime:0.005]]
[2021.08.26-18.49.16:392][  0]LogConfig: Setting CVar [[s.UseBackgroundLevelStreaming:1]]
[2021.08.26-18.49.16:392][  0]LogConfig: Setting CVar [[s.PriorityAsyncLoadingExtraTime:15.0]]
[2021.08.26-18.49.16:392][  0]LogConfig: Setting CVar [[s.LevelStreamingActorsUpdateTimeLimit:5.0]]
[2021.08.26-18.49.16:392][  0]LogConfig: Setting CVar [[s.PriorityLevelStreamingActorsUpdateExtraTime:5.0]]
[2021.08.26-18.49.16:392][  0]LogConfig: Setting CVar [[s.LevelStreamingComponentsRegistrationGranularity:10]]
[2021.08.26-18.49.16:392][  0]LogConfig: Setting CVar [[s.UnregisterComponentsTimeLimit:1.0]]
[2021.08.26-18.49.16:392][  0]LogConfig: Setting CVar [[s.LevelStreamingComponentsUnregistrationGranularity:5]]
[2021.08.26-18.49.16:392][  0]LogConfig: Setting CVar [[s.FlushStreamingOnExit:1]]
[2021.08.26-18.49.16:392][  0]LogConfig: Applying CVar settings from Section [/Script/Engine.GarbageCollectionSettings] File [D:/Documents/Github/Packaging_Workshop/NDisplay/Saved/Config/Windows/Engine.ini]
[2021.08.26-18.49.16:392][  0]LogConfig: Setting CVar [[gc.MaxObjectsNotConsideredByGC:1]]
[2021.08.26-18.49.16:392][  0]LogConfig: Setting CVar [[gc.SizeOfPermanentObjectPool:0]]
[2021.08.26-18.49.16:392][  0]LogConfig: Setting CVar [[gc.FlushStreamingOnGC:0]]
[2021.08.26-18.49.16:392][  0]LogConfig: Setting CVar [[gc.NumRetriesBeforeForcingGC:10]]
[2021.08.26-18.49.16:392][  0]LogConfig: Setting CVar [[gc.AllowParallelGC:1]]
[2021.08.26-18.49.16:392][  0]LogConfig: Setting CVar [[gc.TimeBetweenPurgingPendingKillObjects:61.1]]
[2021.08.26-18.49.16:392][  0]LogConfig: Setting CVar [[gc.MaxObjectsInEditor:25165824]]
[2021.08.26-18.49.16:392][  0]LogConfig: Setting CVar [[gc.IncrementalBeginDestroyEnabled:1]]
[2021.08.26-18.49.16:392][  0]LogConfig: Setting CVar [[gc.CreateGCClusters:1]]
[2021.08.26-18.49.16:392][  0]LogConfig: Setting CVar [[gc.MinGCClusterSize:5]]
[2021.08.26-18.49.16:392][  0]LogConfig: Setting CVar [[gc.ActorClusteringEnabled:0]]
[2021.08.26-18.49.16:392][  0]LogConfig: Setting CVar [[gc.BlueprintClusteringEnabled:0]]
[2021.08.26-18.49.16:392][  0]LogConfig: Setting CVar [[gc.UseDisregardForGCOnDedicatedServers:0]]
[2021.08.26-18.49.16:392][  0]LogConfig: Setting CVar [[gc.MultithreadedDestructionEnabled:1]]
[2021.08.26-18.49.16:392][  0]LogConfig: Applying CVar settings from Section [/Script/Engine.NetworkSettings] File [D:/Documents/Github/Packaging_Workshop/NDisplay/Saved/Config/Windows/Engine.ini]
[2021.08.26-18.49.16:392][  0]LogConfig: Applying CVar settings from Section [/Script/UnrealEd.CookerSettings] File [D:/Documents/Github/Packaging_Workshop/NDisplay/Saved/Config/Windows/Engine.ini]
[2021.08.26-18.49.16:403][  0]LogConfig: Applying CVar settings from Section [ViewDistanceQuality@3] File [D:/Documents/Github/Packaging_Workshop/NDisplay/Saved/Config/Windows/Scalability.ini]
[2021.08.26-18.49.16:403][  0]LogConfig: Setting CVar [[r.SkeletalMeshLODBias:0]]
[2021.08.26-18.49.16:403][  0]LogConfig: Setting CVar [[r.ViewDistanceScale:1.0]]
[2021.08.26-18.49.16:403][  0]LogConfig: Applying CVar settings from Section [AntiAliasingQuality@3] File [D:/Documents/Github/Packaging_Workshop/NDisplay/Saved/Config/Windows/Scalability.ini]
[2021.08.26-18.49.16:403][  0]LogConfig: Setting CVar [[r.PostProcessAAQuality:4]]
[2021.08.26-18.49.16:403][  0]LogConfig: Applying CVar settings from Section [ShadowQuality@3] File [D:/Documents/Github/Packaging_Workshop/NDisplay/Saved/Config/Windows/Scalability.ini]
[2021.08.26-18.49.16:403][  0]LogConfig: Setting CVar [[r.LightFunctionQuality:1]]
[2021.08.26-18.49.16:403][  0]LogConfig: Setting CVar [[r.ShadowQuality:5]]
[2021.08.26-18.49.16:403][  0]LogConfig: Setting CVar [[r.Shadow.CSM.MaxCascades:10]]
[2021.08.26-18.49.16:403][  0]LogConfig: Setting CVar [[r.Shadow.MaxResolution:2048]]
[2021.08.26-18.49.16:403][  0]LogConfig: Setting CVar [[r.Shadow.MaxCSMResolution:2048]]
[2021.08.26-18.49.16:403][  0]LogConfig: Setting CVar [[r.Shadow.RadiusThreshold:0.01]]
[2021.08.26-18.49.16:403][  0]LogConfig: Setting CVar [[r.Shadow.DistanceScale:1.0]]
[2021.08.26-18.49.16:403][  0]LogConfig: Setting CVar [[r.Shadow.CSM.TransitionScale:1.0]]
[2021.08.26-18.49.16:403][  0]LogConfig: Setting CVar [[r.Shadow.PreShadowResolutionFactor:1.0]]
[2021.08.26-18.49.16:403][  0]LogConfig: Setting CVar [[r.DistanceFieldShadowing:1]]
[2021.08.26-18.49.16:403][  0]LogConfig: Setting CVar [[r.DistanceFieldAO:1]]
[2021.08.26-18.49.16:403][  0]LogConfig: Setting CVar [[r.AOQuality:2]]
[2021.08.26-18.49.16:403][  0]LogConfig: Setting CVar [[r.VolumetricFog:1]]
[2021.08.26-18.49.16:403][  0]LogConfig: Setting CVar [[r.VolumetricFog.GridPixelSize:8]]
[2021.08.26-18.49.16:403][  0]LogConfig: Setting CVar [[r.VolumetricFog.GridSizeZ:128]]
[2021.08.26-18.49.16:403][  0]LogConfig: Setting CVar [[r.VolumetricFog.HistoryMissSupersampleCount:4]]
[2021.08.26-18.49.16:403][  0]LogConfig: Setting CVar [[r.LightMaxDrawDistanceScale:1]]
[2021.08.26-18.49.16:403][  0]LogConfig: Setting CVar [[r.CapsuleShadows:1]]
[2021.08.26-18.49.16:403][  0]LogConfig: Applying CVar settings from Section [PostProcessQuality@3] File [D:/Documents/Github/Packaging_Workshop/NDisplay/Saved/Config/Windows/Scalability.ini]
[2021.08.26-18.49.16:403][  0]LogConfig: Setting CVar [[r.MotionBlurQuality:4]]
[2021.08.26-18.49.16:403][  0]LogConfig: Setting CVar [[r.AmbientOcclusionMipLevelFactor:0.4]]
[2021.08.26-18.49.16:403][  0]LogConfig: Setting CVar [[r.AmbientOcclusionMaxQuality:100]]
[2021.08.26-18.49.16:403][  0]LogConfig: Setting CVar [[r.AmbientOcclusionLevels:-1]]
[2021.08.26-18.49.16:403][  0]LogConfig: Setting CVar [[r.AmbientOcclusionRadiusScale:1.0]]
[2021.08.26-18.49.16:403][  0]LogConfig: Setting CVar [[r.DepthOfFieldQuality:2]]
[2021.08.26-18.49.16:403][  0]LogConfig: Setting CVar [[r.RenderTargetPoolMin:400]]
[2021.08.26-18.49.16:403][  0]LogConfig: Setting CVar [[r.LensFlareQuality:2]]
[2021.08.26-18.49.16:403][  0]LogConfig: Setting CVar [[r.SceneColorFringeQuality:1]]
[2021.08.26-18.49.16:403][  0]LogConfig: Setting CVar [[r.EyeAdaptationQuality:2]]
[2021.08.26-18.49.16:403][  0]LogConfig: Setting CVar [[r.BloomQuality:5]]
[2021.08.26-18.49.16:403][  0]LogConfig: Setting CVar [[r.FastBlurThreshold:100]]
[2021.08.26-18.49.16:403][  0]LogConfig: Setting CVar [[r.Upscale.Quality:3]]
[2021.08.26-18.49.16:403][  0]LogConfig: Setting CVar [[r.Tonemapper.GrainQuantization:1]]
[2021.08.26-18.49.16:403][  0]LogConfig: Setting CVar [[r.LightShaftQuality:1]]
[2021.08.26-18.49.16:403][  0]LogConfig: Setting CVar [[r.Filter.SizeScale:1]]
[2021.08.26-18.49.16:403][  0]LogConfig: Setting CVar [[r.Tonemapper.Quality:5]]
[2021.08.26-18.49.16:403][  0]LogConfig: Setting CVar [[r.DOF.Gather.AccumulatorQuality:1        ; higher gathering accumulator quality]]
[2021.08.26-18.49.16:403][  0]LogConfig: Setting CVar [[r.DOF.Gather.PostfilterMethod:1          ; Median3x3 postfilering method]]
[2021.08.26-18.49.16:403][  0]LogConfig: Setting CVar [[r.DOF.Gather.EnableBokehSettings:0       ; no bokeh simulation when gathering]]
[2021.08.26-18.49.16:403][  0]LogConfig: Setting CVar [[r.DOF.Gather.RingCount:4                 ; medium number of samples when gathering]]
[2021.08.26-18.49.16:403][  0]LogConfig: Setting CVar [[r.DOF.Scatter.ForegroundCompositing:1    ; additive foreground scattering]]
[2021.08.26-18.49.16:403][  0]LogConfig: Setting CVar [[r.DOF.Scatter.BackgroundCompositing:2    ; additive background scattering]]
[2021.08.26-18.49.16:403][  0]LogConfig: Setting CVar [[r.DOF.Scatter.EnableBokehSettings:1      ; bokeh simulation when scattering]]
[2021.08.26-18.49.16:403][  0]LogConfig: Setting CVar [[r.DOF.Scatter.MaxSpriteRatio:0.1         ; only a maximum of 10% of scattered bokeh]]
[2021.08.26-18.49.16:403][  0]LogConfig: Setting CVar [[r.DOF.Recombine.Quality:1                ; cheap slight out of focus]]
[2021.08.26-18.49.16:403][  0]LogConfig: Setting CVar [[r.DOF.Recombine.EnableBokehSettings:0    ; no bokeh simulation on slight out of focus]]
[2021.08.26-18.49.16:403][  0]LogConfig: Setting CVar [[r.DOF.TemporalAAQuality:1                ; more stable temporal accumulation]]
[2021.08.26-18.49.16:403][  0]LogConfig: Setting CVar [[r.DOF.Kernel.MaxForegroundRadius:0.025]]
[2021.08.26-18.49.16:403][  0]LogConfig: Setting CVar [[r.DOF.Kernel.MaxBackgroundRadius:0.025]]
[2021.08.26-18.49.16:403][  0]LogConfig: Applying CVar settings from Section [TextureQuality@3] File [D:/Documents/Github/Packaging_Workshop/NDisplay/Saved/Config/Windows/Scalability.ini]
[2021.08.26-18.49.16:403][  0]LogConfig: Setting CVar [[r.Streaming.MipBias:0]]
[2021.08.26-18.49.16:403][  0]LogConfig: Setting CVar [[r.Streaming.AmortizeCPUToGPUCopy:0]]
[2021.08.26-18.49.16:403][  0]LogConfig: Setting CVar [[r.Streaming.MaxNumTexturesToStreamPerFrame:0]]
[2021.08.26-18.49.16:403][  0]LogConfig: Setting CVar [[r.Streaming.Boost:1]]
[2021.08.26-18.49.16:403][  0]LogConfig: Setting CVar [[r.MaxAnisotropy:8]]
[2021.08.26-18.49.16:403][  0]LogConfig: Setting CVar [[r.VT.MaxAnisotropy:8]]
[2021.08.26-18.49.16:403][  0]LogConfig: Setting CVar [[r.Streaming.LimitPoolSizeToVRAM:0]]
[2021.08.26-18.49.16:403][  0]LogConfig: Setting CVar [[r.Streaming.PoolSize:1000]]
[2021.08.26-18.49.16:403][  0]LogConfig: Setting CVar [[r.Streaming.MaxEffectiveScreenSize:0]]
[2021.08.26-18.49.16:403][  0]LogConfig: Applying CVar settings from Section [EffectsQuality@3] File [D:/Documents/Github/Packaging_Workshop/NDisplay/Saved/Config/Windows/Scalability.ini]
[2021.08.26-18.49.16:403][  0]LogConfig: Setting CVar [[r.TranslucencyLightingVolumeDim:64]]
[2021.08.26-18.49.16:403][  0]LogConfig: Setting CVar [[r.RefractionQuality:2]]
[2021.08.26-18.49.16:403][  0]LogConfig: Setting CVar [[r.SSR.Quality:3]]
[2021.08.26-18.49.16:403][  0]LogConfig: Setting CVar [[r.SSR.HalfResSceneColor:0]]
[2021.08.26-18.49.16:403][  0]LogConfig: Setting CVar [[r.SceneColorFormat:4]]
[2021.08.26-18.49.16:403][  0]LogConfig: Setting CVar [[r.DetailMode:2]]
[2021.08.26-18.49.16:403][  0]LogConfig: Setting CVar [[r.TranslucencyVolumeBlur:1]]
[2021.08.26-18.49.16:403][  0]LogConfig: Setting CVar [[r.MaterialQualityLevel:1 ; High quality]]
[2021.08.26-18.49.16:403][  0]LogConfig: Setting CVar [[r.AnisotropicMaterials:1]]
[2021.08.26-18.49.16:403][  0]LogConfig: Setting CVar [[r.SSS.Scale:1]]
[2021.08.26-18.49.16:403][  0]LogConfig: Setting CVar [[r.SSS.SampleSet:2]]
[2021.08.26-18.49.16:403][  0]LogConfig: Setting CVar [[r.SSS.Quality:1]]
[2021.08.26-18.49.16:403][  0]LogConfig: Setting CVar [[r.SSS.HalfRes:0]]
[2021.08.26-18.49.16:403][  0]LogConfig: Setting CVar [[r.SSGI.Quality:3]]
[2021.08.26-18.49.16:403][  0]LogConfig: Setting CVar [[r.EmitterSpawnRateScale:1.0]]
[2021.08.26-18.49.16:403][  0]LogConfig: Setting CVar [[r.ParticleLightQuality:2]]
[2021.08.26-18.49.16:403][  0]LogConfig: Setting CVar [[r.SkyAtmosphere.AerialPerspectiveLUT.FastApplyOnOpaque:1 ; Always have FastSkyLUT 1 in this case to avoid wrong sky]]
[2021.08.26-18.49.16:403][  0]LogConfig: Setting CVar [[r.SkyAtmosphere.AerialPerspectiveLUT.SampleCountMaxPerSlice:4]]
[2021.08.26-18.49.16:403][  0]LogConfig: Setting CVar [[r.SkyAtmosphere.AerialPerspectiveLUT.DepthResolution:16.0]]
[2021.08.26-18.49.16:403][  0]LogConfig: Setting CVar [[r.SkyAtmosphere.FastSkyLUT:1]]
[2021.08.26-18.49.16:403][  0]LogConfig: Setting CVar [[r.SkyAtmosphere.FastSkyLUT.SampleCountMin:4.0]]
[2021.08.26-18.49.16:403][  0]LogConfig: Setting CVar [[r.SkyAtmosphere.FastSkyLUT.SampleCountMax:128.0]]
[2021.08.26-18.49.16:403][  0]LogConfig: Setting CVar [[r.SkyAtmosphere.SampleCountMin:4.0]]
[2021.08.26-18.49.16:403][  0]LogConfig: Setting CVar [[r.SkyAtmosphere.SampleCountMax:128.0]]
[2021.08.26-18.49.16:403][  0]LogConfig: Setting CVar [[r.SkyAtmosphere.TransmittanceLUT.UseSmallFormat:0]]
[2021.08.26-18.49.16:403][  0]LogConfig: Setting CVar [[r.SkyAtmosphere.TransmittanceLUT.SampleCount:10.0]]
[2021.08.26-18.49.16:403][  0]LogConfig: Setting CVar [[r.SkyAtmosphere.MultiScatteringLUT.SampleCount:15.0]]
[2021.08.26-18.49.16:403][  0]LogConfig: Setting CVar [[r.SkyLight.RealTimeReflectionCapture:1]]
[2021.08.26-18.49.16:403][  0]LogConfig: Applying CVar settings from Section [FoliageQuality@3] File [D:/Documents/Github/Packaging_Workshop/NDisplay/Saved/Config/Windows/Scalability.ini]
[2021.08.26-18.49.16:404][  0]LogConfig: Setting CVar [[foliage.DensityScale:1.0]]
[2021.08.26-18.49.16:404][  0]LogConfig: Setting CVar [[grass.DensityScale:1.0]]
[2021.08.26-18.49.16:404][  0]LogConfig: Applying CVar settings from Section [ShadingQuality@3] File [D:/Documents/Github/Packaging_Workshop/NDisplay/Saved/Config/Windows/Scalability.ini]
[2021.08.26-18.49.16:404][  0]LogConfig: Setting CVar [[r.HairStrands.SkyLighting.IntegrationType:2]]
[2021.08.26-18.49.16:404][  0]LogConfig: Setting CVar [[r.HairStrands.SkyAO.SampleCount:4]]
[2021.08.26-18.49.16:404][  0]LogConfig: Setting CVar [[r.HairStrands.Visibility.MSAA.SamplePerPixel:4]]
[2021.08.26-18.49.16:404][  0]LogInit: Selected Device Profile: [Windows]
[2021.08.26-18.49.16:404][  0]LogInit: Applying CVar settings loaded from the selected device profile: [Windows]
[2021.08.26-18.49.16:404][  0]LogHAL: Display: Platform has ~ 32 GB [34217267200 / 34359738368 / 32], which maps to Largest [LargestMinGB=32, LargerMinGB=12, DefaultMinGB=8, SmallerMinGB=6, SmallestMinGB=0)
[2021.08.26-18.49.16:404][  0]LogInit: Going up to parent DeviceProfile []
[2021.08.26-18.49.16:404][  0]LogConfig: Applying CVar settings from Section [ViewDistanceQuality@3] File [D:/Documents/Github/Packaging_Workshop/NDisplay/Saved/Config/Windows/Scalability.ini]
[2021.08.26-18.49.16:404][  0]LogConfig: Setting CVar [[r.SkeletalMeshLODBias:0]]
[2021.08.26-18.49.16:404][  0]LogConfig: Setting CVar [[r.ViewDistanceScale:1.0]]
[2021.08.26-18.49.16:404][  0]LogConfig: Applying CVar settings from Section [AntiAliasingQuality@3] File [D:/Documents/Github/Packaging_Workshop/NDisplay/Saved/Config/Windows/Scalability.ini]
[2021.08.26-18.49.16:404][  0]LogConfig: Setting CVar [[r.PostProcessAAQuality:4]]
[2021.08.26-18.49.16:404][  0]LogConfig: Applying CVar settings from Section [ShadowQuality@3] File [D:/Documents/Github/Packaging_Workshop/NDisplay/Saved/Config/Windows/Scalability.ini]
[2021.08.26-18.49.16:404][  0]LogConfig: Setting CVar [[r.LightFunctionQuality:1]]
[2021.08.26-18.49.16:404][  0]LogConfig: Setting CVar [[r.ShadowQuality:5]]
[2021.08.26-18.49.16:404][  0]LogConfig: Setting CVar [[r.Shadow.CSM.MaxCascades:10]]
[2021.08.26-18.49.16:404][  0]LogConfig: Setting CVar [[r.Shadow.MaxResolution:2048]]
[2021.08.26-18.49.16:404][  0]LogConfig: Setting CVar [[r.Shadow.MaxCSMResolution:2048]]
[2021.08.26-18.49.16:404][  0]LogConfig: Setting CVar [[r.Shadow.RadiusThreshold:0.01]]
[2021.08.26-18.49.16:404][  0]LogConfig: Setting CVar [[r.Shadow.DistanceScale:1.0]]
[2021.08.26-18.49.16:404][  0]LogConfig: Setting CVar [[r.Shadow.CSM.TransitionScale:1.0]]
[2021.08.26-18.49.16:404][  0]LogConfig: Setting CVar [[r.Shadow.PreShadowResolutionFactor:1.0]]
[2021.08.26-18.49.16:404][  0]LogConfig: Setting CVar [[r.DistanceFieldShadowing:1]]
[2021.08.26-18.49.16:404][  0]LogConfig: Setting CVar [[r.DistanceFieldAO:1]]
[2021.08.26-18.49.16:404][  0]LogConfig: Setting CVar [[r.AOQuality:2]]
[2021.08.26-18.49.16:404][  0]LogConfig: Setting CVar [[r.VolumetricFog:1]]
[2021.08.26-18.49.16:404][  0]LogConfig: Setting CVar [[r.VolumetricFog.GridPixelSize:8]]
[2021.08.26-18.49.16:404][  0]LogConfig: Setting CVar [[r.VolumetricFog.GridSizeZ:128]]
[2021.08.26-18.49.16:404][  0]LogConfig: Setting CVar [[r.VolumetricFog.HistoryMissSupersampleCount:4]]
[2021.08.26-18.49.16:404][  0]LogConfig: Setting CVar [[r.LightMaxDrawDistanceScale:1]]
[2021.08.26-18.49.16:404][  0]LogConfig: Setting CVar [[r.CapsuleShadows:1]]
[2021.08.26-18.49.16:404][  0]LogConfig: Applying CVar settings from Section [PostProcessQuality@3] File [D:/Documents/Github/Packaging_Workshop/NDisplay/Saved/Config/Windows/Scalability.ini]
[2021.08.26-18.49.16:404][  0]LogConfig: Setting CVar [[r.MotionBlurQuality:4]]
[2021.08.26-18.49.16:404][  0]LogConfig: Setting CVar [[r.AmbientOcclusionMipLevelFactor:0.4]]
[2021.08.26-18.49.16:404][  0]LogConfig: Setting CVar [[r.AmbientOcclusionMaxQuality:100]]
[2021.08.26-18.49.16:404][  0]LogConfig: Setting CVar [[r.AmbientOcclusionLevels:-1]]
[2021.08.26-18.49.16:404][  0]LogConfig: Setting CVar [[r.AmbientOcclusionRadiusScale:1.0]]
[2021.08.26-18.49.16:404][  0]LogConfig: Setting CVar [[r.DepthOfFieldQuality:2]]
[2021.08.26-18.49.16:404][  0]LogConfig: Setting CVar [[r.RenderTargetPoolMin:400]]
[2021.08.26-18.49.16:404][  0]LogConfig: Setting CVar [[r.LensFlareQuality:2]]
[2021.08.26-18.49.16:404][  0]LogConfig: Setting CVar [[r.SceneColorFringeQuality:1]]
[2021.08.26-18.49.16:404][  0]LogConfig: Setting CVar [[r.EyeAdaptationQuality:2]]
[2021.08.26-18.49.16:404][  0]LogConfig: Setting CVar [[r.BloomQuality:5]]
[2021.08.26-18.49.16:404][  0]LogConfig: Setting CVar [[r.FastBlurThreshold:100]]
[2021.08.26-18.49.16:404][  0]LogConfig: Setting CVar [[r.Upscale.Quality:3]]
[2021.08.26-18.49.16:404][  0]LogConfig: Setting CVar [[r.Tonemapper.GrainQuantization:1]]
[2021.08.26-18.49.16:404][  0]LogConfig: Setting CVar [[r.LightShaftQuality:1]]
[2021.08.26-18.49.16:404][  0]LogConfig: Setting CVar [[r.Filter.SizeScale:1]]
[2021.08.26-18.49.16:404][  0]LogConfig: Setting CVar [[r.Tonemapper.Quality:5]]
[2021.08.26-18.49.16:404][  0]LogConfig: Setting CVar [[r.DOF.Gather.AccumulatorQuality:1        ; higher gathering accumulator quality]]
[2021.08.26-18.49.16:404][  0]LogConfig: Setting CVar [[r.DOF.Gather.PostfilterMethod:1          ; Median3x3 postfilering method]]
[2021.08.26-18.49.16:404][  0]LogConfig: Setting CVar [[r.DOF.Gather.EnableBokehSettings:0       ; no bokeh simulation when gathering]]
[2021.08.26-18.49.16:404][  0]LogConfig: Setting CVar [[r.DOF.Gather.RingCount:4                 ; medium number of samples when gathering]]
[2021.08.26-18.49.16:404][  0]LogConfig: Setting CVar [[r.DOF.Scatter.ForegroundCompositing:1    ; additive foreground scattering]]
[2021.08.26-18.49.16:404][  0]LogConfig: Setting CVar [[r.DOF.Scatter.BackgroundCompositing:2    ; additive background scattering]]
[2021.08.26-18.49.16:404][  0]LogConfig: Setting CVar [[r.DOF.Scatter.EnableBokehSettings:1      ; bokeh simulation when scattering]]
[2021.08.26-18.49.16:404][  0]LogConfig: Setting CVar [[r.DOF.Scatter.MaxSpriteRatio:0.1         ; only a maximum of 10% of scattered bokeh]]
[2021.08.26-18.49.16:404][  0]LogConfig: Setting CVar [[r.DOF.Recombine.Quality:1                ; cheap slight out of focus]]
[2021.08.26-18.49.16:404][  0]LogConfig: Setting CVar [[r.DOF.Recombine.EnableBokehSettings:0    ; no bokeh simulation on slight out of focus]]
[2021.08.26-18.49.16:404][  0]LogConfig: Setting CVar [[r.DOF.TemporalAAQuality:1                ; more stable temporal accumulation]]
[2021.08.26-18.49.16:404][  0]LogConfig: Setting CVar [[r.DOF.Kernel.MaxForegroundRadius:0.025]]
[2021.08.26-18.49.16:404][  0]LogConfig: Setting CVar [[r.DOF.Kernel.MaxBackgroundRadius:0.025]]
[2021.08.26-18.49.16:404][  0]LogConfig: Applying CVar settings from Section [TextureQuality@3] File [D:/Documents/Github/Packaging_Workshop/NDisplay/Saved/Config/Windows/Scalability.ini]
[2021.08.26-18.49.16:404][  0]LogConfig: Setting CVar [[r.Streaming.MipBias:0]]
[2021.08.26-18.49.16:404][  0]LogConfig: Setting CVar [[r.Streaming.AmortizeCPUToGPUCopy:0]]
[2021.08.26-18.49.16:404][  0]LogConfig: Setting CVar [[r.Streaming.MaxNumTexturesToStreamPerFrame:0]]
[2021.08.26-18.49.16:404][  0]LogConfig: Setting CVar [[r.Streaming.Boost:1]]
[2021.08.26-18.49.16:404][  0]LogConfig: Setting CVar [[r.MaxAnisotropy:8]]
[2021.08.26-18.49.16:404][  0]LogConfig: Setting CVar [[r.VT.MaxAnisotropy:8]]
[2021.08.26-18.49.16:404][  0]LogConfig: Setting CVar [[r.Streaming.LimitPoolSizeToVRAM:0]]
[2021.08.26-18.49.16:404][  0]LogConfig: Setting CVar [[r.Streaming.PoolSize:1000]]
[2021.08.26-18.49.16:404][  0]LogConfig: Setting CVar [[r.Streaming.MaxEffectiveScreenSize:0]]
[2021.08.26-18.49.16:404][  0]LogConfig: Applying CVar settings from Section [EffectsQuality@3] File [D:/Documents/Github/Packaging_Workshop/NDisplay/Saved/Config/Windows/Scalability.ini]
[2021.08.26-18.49.16:404][  0]LogConfig: Setting CVar [[r.TranslucencyLightingVolumeDim:64]]
[2021.08.26-18.49.16:404][  0]LogConfig: Setting CVar [[r.RefractionQuality:2]]
[2021.08.26-18.49.16:404][  0]LogConfig: Setting CVar [[r.SSR.Quality:3]]
[2021.08.26-18.49.16:404][  0]LogConfig: Setting CVar [[r.SSR.HalfResSceneColor:0]]
[2021.08.26-18.49.16:404][  0]LogConfig: Setting CVar [[r.SceneColorFormat:4]]
[2021.08.26-18.49.16:404][  0]LogConfig: Setting CVar [[r.DetailMode:2]]
[2021.08.26-18.49.16:404][  0]LogConfig: Setting CVar [[r.TranslucencyVolumeBlur:1]]
[2021.08.26-18.49.16:404][  0]LogConfig: Setting CVar [[r.MaterialQualityLevel:1 ; High quality]]
[2021.08.26-18.49.16:404][  0]LogConfig: Setting CVar [[r.AnisotropicMaterials:1]]
[2021.08.26-18.49.16:404][  0]LogConfig: Setting CVar [[r.SSS.Scale:1]]
[2021.08.26-18.49.16:404][  0]LogConfig: Setting CVar [[r.SSS.SampleSet:2]]
[2021.08.26-18.49.16:404][  0]LogConfig: Setting CVar [[r.SSS.Quality:1]]
[2021.08.26-18.49.16:404][  0]LogConfig: Setting CVar [[r.SSS.HalfRes:0]]
[2021.08.26-18.49.16:404][  0]LogConfig: Setting CVar [[r.SSGI.Quality:3]]
[2021.08.26-18.49.16:404][  0]LogConfig: Setting CVar [[r.EmitterSpawnRateScale:1.0]]
[2021.08.26-18.49.16:404][  0]LogConfig: Setting CVar [[r.ParticleLightQuality:2]]
[2021.08.26-18.49.16:404][  0]LogConfig: Setting CVar [[r.SkyAtmosphere.AerialPerspectiveLUT.FastApplyOnOpaque:1 ; Always have FastSkyLUT 1 in this case to avoid wrong sky]]
[2021.08.26-18.49.16:404][  0]LogConfig: Setting CVar [[r.SkyAtmosphere.AerialPerspectiveLUT.SampleCountMaxPerSlice:4]]
[2021.08.26-18.49.16:404][  0]LogConfig: Setting CVar [[r.SkyAtmosphere.AerialPerspectiveLUT.DepthResolution:16.0]]
[2021.08.26-18.49.16:404][  0]LogConfig: Setting CVar [[r.SkyAtmosphere.FastSkyLUT:1]]
[2021.08.26-18.49.16:404][  0]LogConfig: Setting CVar [[r.SkyAtmosphere.FastSkyLUT.SampleCountMin:4.0]]
[2021.08.26-18.49.16:404][  0]LogConfig: Setting CVar [[r.SkyAtmosphere.FastSkyLUT.SampleCountMax:128.0]]
[2021.08.26-18.49.16:404][  0]LogConfig: Setting CVar [[r.SkyAtmosphere.SampleCountMin:4.0]]
[2021.08.26-18.49.16:404][  0]LogConfig: Setting CVar [[r.SkyAtmosphere.SampleCountMax:128.0]]
[2021.08.26-18.49.16:404][  0]LogConfig: Setting CVar [[r.SkyAtmosphere.TransmittanceLUT.UseSmallFormat:0]]
[2021.08.26-18.49.16:404][  0]LogConfig: Setting CVar [[r.SkyAtmosphere.TransmittanceLUT.SampleCount:10.0]]
[2021.08.26-18.49.16:404][  0]LogConfig: Setting CVar [[r.SkyAtmosphere.MultiScatteringLUT.SampleCount:15.0]]
[2021.08.26-18.49.16:404][  0]LogConfig: Setting CVar [[r.SkyLight.RealTimeReflectionCapture:1]]
[2021.08.26-18.49.16:404][  0]LogConfig: Applying CVar settings from Section [FoliageQuality@3] File [D:/Documents/Github/Packaging_Workshop/NDisplay/Saved/Config/Windows/Scalability.ini]
[2021.08.26-18.49.16:404][  0]LogConfig: Setting CVar [[foliage.DensityScale:1.0]]
[2021.08.26-18.49.16:404][  0]LogConfig: Setting CVar [[grass.DensityScale:1.0]]
[2021.08.26-18.49.16:404][  0]LogConfig: Applying CVar settings from Section [ShadingQuality@3] File [D:/Documents/Github/Packaging_Workshop/NDisplay/Saved/Config/Windows/Scalability.ini]
[2021.08.26-18.49.16:404][  0]LogConfig: Setting CVar [[r.HairStrands.SkyLighting.IntegrationType:2]]
[2021.08.26-18.49.16:404][  0]LogConfig: Setting CVar [[r.HairStrands.SkyAO.SampleCount:4]]
[2021.08.26-18.49.16:404][  0]LogConfig: Setting CVar [[r.HairStrands.Visibility.MSAA.SamplePerPixel:4]]
[2021.08.26-18.49.16:405][  0]LogConfig: Applying CVar settings from Section [Startup] File [../../../Engine/Config/ConsoleVariables.ini]
[2021.08.26-18.49.16:405][  0]LogConfig: Setting CVar [[net.UseAdaptiveNetUpdateFrequency:0]]
[2021.08.26-18.49.16:405][  0]LogConfig: Setting CVar [[p.chaos.AllowCreatePhysxBodies:1]]
[2021.08.26-18.49.16:405][  0]LogConfig: Setting CVar [[fx.SkipVectorVMBackendOptimizations:1]]
[2021.08.26-18.49.16:405][  0]LogConfig: Applying CVar settings from Section [ConsoleVariables] File [D:/Documents/Github/Packaging_Workshop/NDisplay/Saved/Config/Windows/Engine.ini]
[2021.08.26-18.49.16:405][  0]LogConfig: Applying CVar settings from Section [ConsoleVariables] File [D:/Documents/Github/Packaging_Workshop/NDisplay/Saved/Config/Windows/Editor.ini]
[2021.08.26-18.49.16:405][  0]LogInit: Computer: DESKTOP-85S8ETG
[2021.08.26-18.49.16:405][  0]LogInit: User: micha
[2021.08.26-18.49.16:405][  0]LogInit: CPU Page size=4096, Cores=10
[2021.08.26-18.49.16:405][  0]LogInit: High frequency timer resolution =10.000000 MHz
[2021.08.26-18.49.16:405][  0]LogMemory: Memory total: Physical=31.9GB (32GB approx)
[2021.08.26-18.49.16:405][  0]LogMemory: Platform Memory Stats for Windows
[2021.08.26-18.49.16:405][  0]LogMemory: Process Physical Memory: 147.59 MB used, 147.59 MB peak
[2021.08.26-18.49.16:405][  0]LogMemory: Process Virtual Memory: 120.74 MB used, 120.74 MB peak
[2021.08.26-18.49.16:405][  0]LogMemory: Physical Memory: 13560.12 MB used,  19072.00 MB free, 32632.13 MB total
[2021.08.26-18.49.16:405][  0]LogMemory: Virtual Memory: 134201376.00 MB used,  16354.18 MB free, 134217728.00 MB total
[2021.08.26-18.49.16:408][  0]LogWindows: WindowsPlatformFeatures enabled
[2021.08.26-18.49.16:430][  0]LogInit: Physics initialised using underlying interface: PhysX
[2021.08.26-18.49.16:430][  0]LogInit: Using OS detected language (en-US).
[2021.08.26-18.49.16:430][  0]LogInit: Using OS detected locale (en-US).
[2021.08.26-18.49.16:431][  0]LogTextLocalizationManager: No specific localization for 'en-US' exists, so the 'en' localization will be used.
[2021.08.26-18.49.16:551][  0]LogWindowsTextInputMethodSystem: Display: IME system deactivated.
[2021.08.26-18.49.16:567][  0]LogSlate: New Slate User Created.  User Index 0, Is Virtual User: 0
[2021.08.26-18.49.16:567][  0]LogSlate: Slate User Registered.  User Index 0, Is Virtual User: 0
[2021.08.26-18.49.16:580][  0]LogD3D12RHI: Aftermath initialized
[2021.08.26-18.49.16:580][  0]LogD3D12RHI: Loading WinPixEventRuntime.dll for PIX profiling (from ../../../Engine/Binaries/ThirdParty/Windows/WinPixEventRuntime/x64).
[2021.08.26-18.49.16:584][  0]LogHMD: Failed to enumerate extensions. Please check that you have a valid OpenXR runtime installed.
[2021.08.26-18.49.16:683][  0]LogD3D12RHI: Found D3D12 adapter 0: NVIDIA GeForce RTX 3080 (Max supported Feature Level 12_1)
[2021.08.26-18.49.16:683][  0]LogD3D12RHI: Adapter has 10078MB of dedicated video memory, 0MB of dedicated system memory, and 16316MB of shared system memory, 2 output[s]
[2021.08.26-18.49.16:689][  0]LogD3D12RHI: Found D3D12 adapter 1: Microsoft Basic Render Driver (Max supported Feature Level 12_1)
[2021.08.26-18.49.16:689][  0]LogD3D12RHI: Adapter has 0MB of dedicated video memory, 0MB of dedicated system memory, and 16316MB of shared system memory, 0 output[s]
[2021.08.26-18.49.16:689][  0]LogD3D12RHI: Forcing D3D12.AsyncDeferredDeletion=0 as a workaround for a deadlock.
[2021.08.26-18.49.16:689][  0]LogD3D12RHI: Chosen D3D12 Adapter Id = 0
[2021.08.26-18.49.16:695][  0]LogD3D12RHI: InitD3DDevice: -D3DDebug = off -D3D12GPUValidation = off
[2021.08.26-18.49.16:695][  0]LogD3D12RHI: Emitting draw events for PIX profiling.
[2021.08.26-18.49.16:766][  0]LogD3D12RHI: The system supports ID3D12Device1.
[2021.08.26-18.49.16:766][  0]LogD3D12RHI: The system supports ID3D12Device2.
[2021.08.26-18.49.16:766][  0]LogD3D12RHI: The system supports ID3D12Device5.
[2021.08.26-18.49.16:766][  0]LogD3D12RHI: The system supports ID3D12Device7.
[2021.08.26-18.49.16:766][  0]LogD3D12RHI: D3D12 ray tracing 1.0 is supported.
[2021.08.26-18.49.16:766][  0]LogD3D12RHI: D3D12 ray tracing 1.1 is supported.
[2021.08.26-18.49.16:838][  0]LogD3D12RHI: [GPUBreadCrumb] Successfully setup breadcrumb resource for 3D Queue 0
[2021.08.26-18.49.16:845][  0]LogD3D12RHI: [GPUBreadCrumb] Successfully setup breadcrumb resource for Copy Queue 0
[2021.08.26-18.49.16:860][  0]LogD3D12RHI: [GPUBreadCrumb] Successfully setup breadcrumb resource for Compute Queue 0
[2021.08.26-18.49.16:873][  0]LogD3D12RHI: Display: Not using pipeline state disk cache per r.D3D12.PSO.DiskCache=0
[2021.08.26-18.49.16:873][  0]LogD3D12RHI: Display: Not using driver-optimized pipeline state disk cache per r.D3D12.PSO.DriverOptimizedDiskCache=0
[2021.08.26-18.49.16:899][  0]LogD3D12RHI:     GPU DeviceId: 0x2206 (for the marketing name, search the web for "GPU Device Id")
[2021.08.26-18.49.16:899][  0]LogWindows: EnumDisplayDevices:
[2021.08.26-18.49.16:899][  0]LogWindows:    0. 'NVIDIA GeForce RTX 3080' (P:1 D:1)
[2021.08.26-18.49.16:899][  0]LogWindows:    1. 'NVIDIA GeForce RTX 3080' (P:0 D:1)
[2021.08.26-18.49.16:899][  0]LogWindows:    2. 'NVIDIA GeForce RTX 3080' (P:0 D:0)
[2021.08.26-18.49.16:899][  0]LogWindows:    3. 'NVIDIA GeForce RTX 3080' (P:0 D:0)
[2021.08.26-18.49.16:899][  0]LogWindows: DebugString: FoundDriverCount:4 
[2021.08.26-18.49.16:899][  0]LogD3D12RHI:     Adapter Name: NVIDIA GeForce RTX 3080
[2021.08.26-18.49.16:899][  0]LogD3D12RHI:   Driver Version: 466.63 (internal:27.21.14.6663, unified:466.63)
[2021.08.26-18.49.16:899][  0]LogD3D12RHI:      Driver Date: 5-27-2021
[2021.08.26-18.49.16:899][  0]LogRHI: Texture pool is 5865 MB (70% of 8379 MB)
[2021.08.26-18.49.16:899][  0]LogD3D12RHI: Async texture creation enabled
[2021.08.26-18.49.16:899][  0]LogD3D12RHI: RHI has support for 64 bit atomics
[2021.08.26-18.49.16:907][  0]LogRHI: GeForceNow SDK initialized: 0
[2021.08.26-18.49.17:089][  0]LogTargetPlatformManager: Display: Loaded TargetPlatform 'WindowsNoEditor'
[2021.08.26-18.49.17:091][  0]LogTargetPlatformManager: Display: Loaded TargetPlatform 'Windows'
[2021.08.26-18.49.17:094][  0]LogTargetPlatformManager: Display: Loaded TargetPlatform 'WindowsClient'
[2021.08.26-18.49.17:097][  0]LogTargetPlatformManager: Display: Loaded TargetPlatform 'WindowsServer'
[2021.08.26-18.49.17:097][  0]LogTargetPlatformManager: Display: Building Assets For Windows
[2021.08.26-18.49.17:101][  0]LogAudioDebug: Display: Lib vorbis DLL was dynamically loaded.
[2021.08.26-18.49.17:117][  0]LogTextureFormatOodle: Display: Oodle Texture 2.9.0 init RDO Off
[2021.08.26-18.49.17:135][  0]LogRendererCore: Ray tracing is disabled. Reason: r.RayTracing=0.
[2021.08.26-18.49.17:135][  0]LogShaderCompilers: Guid format shader working directory is -14 characters bigger than the processId version (../../../../../Documents/Github/Packaging_Workshop/NDisplay/Intermediate/Shaders/WorkingDirectory/11052/).
[2021.08.26-18.49.17:135][  0]LogShaderCompilers: Cleaned the shader compiler working directory 'C:/Users/micha/AppData/Local/Temp/UnrealShaderWorkingDir/8960C6B04ECAD61457D8F7A64AD401CA/'.
[2021.08.26-18.49.17:135][  0]LogXGEController: Cannot use XGE Controller as Incredibuild is not installed on this machine.
[2021.08.26-18.49.17:135][  0]LogShaderCompilers: Cannot use XGE Shader Compiler as Incredibuild is not installed on this machine.
[2021.08.26-18.49.17:135][  0]LogShaderCompilers: Display: Using Local Shader Compiler.
[2021.08.26-18.49.17:706][  0]LogDerivedDataCache: Display: Max Cache Size: 512 MB
[2021.08.26-18.49.17:742][  0]LogDerivedDataCache: Loaded boot cache 0.04s 80MB C:/Users/micha/AppData/Local/UnrealEngine/4.27/DerivedDataCache/Boot.ddc.
[2021.08.26-18.49.17:742][  0]LogDerivedDataCache: Display: Loaded Boot cache: C:/Users/micha/AppData/Local/UnrealEngine/4.27/DerivedDataCache/Boot.ddc
[2021.08.26-18.49.17:742][  0]LogDerivedDataCache: FDerivedDataBackendGraph:  Pak pak cache file ../../../../../Documents/Github/Packaging_Workshop/NDisplay/DerivedDataCache/DDC.ddp not found, will not use a pak cache.
[2021.08.26-18.49.17:742][  0]LogDerivedDataCache: Unable to find inner node Pak for hierarchical cache Hierarchy.
[2021.08.26-18.49.17:742][  0]LogDerivedDataCache: FDerivedDataBackendGraph:  CompressedPak pak cache file ../../../../../Documents/Github/Packaging_Workshop/NDisplay/DerivedDataCache/Compressed.ddp not found, will not use a pak cache.
[2021.08.26-18.49.17:742][  0]LogDerivedDataCache: Unable to find inner node CompressedPak for hierarchical cache Hierarchy.
[2021.08.26-18.49.17:754][  0]LogDerivedDataCache: Display: Pak cache opened for reading ../../../Engine/DerivedDataCache/Compressed.ddp.
[2021.08.26-18.49.17:754][  0]LogDerivedDataCache: FDerivedDataBackendGraph:  EnterprisePak pak cache file ../../../Enterprise/DerivedDataCache/Compressed.ddp not found, will not use a pak cache.
[2021.08.26-18.49.17:754][  0]LogDerivedDataCache: Unable to find inner node EnterprisePak for hierarchical cache Hierarchy.
[2021.08.26-18.49.17:759][  0]LogDerivedDataCache: Speed tests for C:/Users/micha/AppData/Local/UnrealEngine/Common/DerivedDataCache took 0.01 seconds
[2021.08.26-18.49.17:759][  0]LogDerivedDataCache: Display: Performance to C:/Users/micha/AppData/Local/UnrealEngine/Common/DerivedDataCache: Latency=0.02ms. RandomReadSpeed=1766.46MBs, RandomWriteSpeed=204.73MBs. Assigned SpeedClass 'Local'
[2021.08.26-18.49.17:760][  0]LogDerivedDataCache: Using Local data cache path C:/Users/micha/AppData/Local/UnrealEngine/Common/DerivedDataCache: Writable
[2021.08.26-18.49.17:760][  0]LogDerivedDataCache: Shared data cache path not found in *engine.ini, will not use an Shared cache.
[2021.08.26-18.49.17:760][  0]LogDerivedDataCache: Unable to find inner node Shared for hierarchical cache Hierarchy.
[2021.08.26-18.49.17:787][  0]LogSlate: Using FreeType 2.10.0
[2021.08.26-18.49.17:787][  0]LogSlate: SlateFontServices - WITH_FREETYPE: 1, WITH_HARFBUZZ: 1
[2021.08.26-18.49.17:788][  0]LogHMD: Failed to enumerate extensions. Please check that you have a valid OpenXR runtime installed.
[2021.08.26-18.49.17:894][  0]LogInit: Using OS detected language (en-US).
[2021.08.26-18.49.17:894][  0]LogInit: Using OS detected locale (en-US).
[2021.08.26-18.49.17:894][  0]LogTextLocalizationManager: No localization for 'en-US' exists, so 'en' will be used for the language.
[2021.08.26-18.49.17:894][  0]LogTextLocalizationManager: No localization for 'en-US' exists, so 'en' will be used for the locale.
[2021.08.26-18.49.17:894][  0]LogSlate: FontCache flush requested. Reason: Culture for localization was changed
[2021.08.26-18.49.17:894][  0]LogSlate: FontCache flush requested. Reason: Culture for localization was changed
[2021.08.26-18.49.17:895][  0]LogTextLocalizationManager: Compacting localization data took   0.00ms
[2021.08.26-18.49.17:895][  0]LogAssetRegistry: FAssetRegistry took 0.0012 seconds to start up
[2021.08.26-18.49.18:050][  0]LogPackageLocalizationCache: Processed 37 localized package path(s) for 1 prioritized culture(s) in 0.035799 seconds
[2021.08.26-18.49.18:094][  0]LogInit: Selected Device Profile: [Windows]
[2021.08.26-18.49.18:094][  0]LogInit: Active device profile: [0000019D54955400][0000019D46348A00 49] Windows
[2021.08.26-18.49.18:094][  0]LogInit: Profiles: [0000019D54955400][0000019D46348A00 49] Windows, [0000019D558FA800][0000019D445C6B80 49] WindowsNoEditor, [0000019D558DBF00][0000019D445CAD00 49] WindowsServer, [0000019D54955600][0000019D445CEE80 49] WindowsClient, [0000019D558F8100][0000019D445D3000 49] IOS, [0000019D558D8500][0000019D445D7180 49] iPadAir, [0000019D558F8600][0000019D445DB300 49] iPadAir2, [0000019D55890300][0000019D448C75C0 49] IPadPro, [0000019D55890400][0000019D448C3600 49] iPadAir3, [0000019D558D8300][0000019D448CB780 49] iPadAir4, [0000019D55892F00][0000019D4634D8C0 49] iPadMini2, [0000019D558DBA00][0000019D448CFA00 49] iPadMini3, [0000019D55890A00][0000019D448D3B40 49] iPadMini4, [0000019D558DAF00][0000019D448D6100 49] iPadMini5, [0000019D5588BB00][0000019D448E23C0 49] iPhone6, [0000019D5588BC00][0000019D448DE400 49] iPodTouch6, [0000019D558FB500][0000019D448EA6C0 49] iPhone7, [0000019D558FB600][0000019D448E6700 49] iPodTouch7, [0000019D55888300][0000019D448EE880 49] iPhone5S, [0000019D55892D00][0000019D448F2A00 49] iPhone6Plus, [0000019D55889F00][0000019D448F6B80 49] iPhone6S, [0000019D55891200][0000019D448FAD00 49] iPhone6SPlus, [0000019D558FBA00][0000019D448FEE80 49] iPhone7Plus, [0000019D55890E00][0000019D44903000 49] iPhoneSE, [0000019D558FA500][0000019D44907180 49] iPhone8, [0000019D55891000][0000019D4490B300 49] iPhone8Plus, [0000019D558F8500][0000019D55ADF480 49] iPhoneX, [0000019D55891300][0000019D55AE3600 49] iPhoneXS, [0000019D558F9300][0000019D55AE7780 49] iPhoneXSMax, [0000019D55892200][0000019D55AEB900 49] iPhoneXR, [0000019D558FBF00][0000019D55AEFA80 49] iPhone11, [0000019D55892000][0000019D448DBBC0 49] iPhone11Pro, [0000019D558FAD00][0000019D55AF2180 49] iPhone11ProMax, [0000019D55891F00][0000019D55AF62C0 49] iPhoneSE2, [0000019D558F9B00][0000019D55AFE440 49] iPhone12Mini, [0000019D55892500][0000019D55B025C0 49] iPhone12, [0000019D558F9200][0000019D55B06740 49] iPhone12Pro, [0000019D55891100][0000019D55B0A8C0 49] iPhone12ProMax, [0000019D558F8900][0000019D55B0EA40 49] iPadPro105, [0000019D55893B00][0000019D55B12BC0 49] iPadPro129, [0000019D558FAB00][0000019D55B16D40 49] iPadPro97, [0000019D55893400][0000019D55B1AEC0 49] iPadPro2_129, [0000019D558FB800][0000019D55B1F040 49] iPad5, [0000019D55892400][0000019D55B231C0 49] iPad6, [0000019D558F9400][0000019D55B27340 49] iPad7, [0000019D55892100][0000019D55B2B4C0 49] iPad8, [0000019D558F8E00][0000019D55B2F640 49] iPadPro11, [0000019D55891B00][0000019D55B337C0 49] iPadPro2_11, [0000019D558F9600][0000019D55B37940 49] iPadPro3_129, [0000019D55893E00][0000019D55B3BAC0 49] iPadPro4_129, [0000019D558FA700][0000019D55B3E0C0 49] AppleTV, [0000019D55893A00][0000019D55AFA200 49] AppleTV4K, [0000019D558FB200][0000019D55B42340 49] TVOS, [0000019D55891D00][0000019D55B46480 49] Mac, [0000019D558FA100][0000019D55B4A5C0 49] MacClient, [0000019D55892300][0000019D55B52740 49] MacNoEditor, [0000019D558FBD00][0000019D55B568C0 49] MacServer, [0000019D55891600][0000019D55B5AA40 49] Linux, [0000019D558F8F00][0000019D55B5EBC0 49] LinuxAArch64, [0000019D55892700][0000019D55B62D40 49] LinuxNoEditor, [0000019D558FAE00][0000019D55B66EC0 49] LinuxAArch64NoEditor, [0000019D55890700][0000019D55B6B040 49] LinuxClient, [0000019D558F8D00][0000019D55B6F1C0 49] LinuxAArch64Client, [0000019D55890200][0000019D55B73340 49] LinuxServer, [0000019D558F9800][0000019D55B774C0 49] LinuxAArch64Server, [0000019D55892800][0000019D55B7B640 49] Android, [0000019D558FA300][0000019D55B7F7C0 49] Android_Low, [0000019D55890C00][0000019D55B83940 49] Android_Mid, [0000019D558FBE00][0000019D55B87AC0 49] Android_High, [0000019D54955800][0000019D55B8A0C0 49] Android_Default, [0000019D55888700][0000019D55B8E240 49] Android_Adreno4xx, [0000019D54954400][0000019D55B4E380 49] Android_Adreno5xx_Low, [0000019D5588B000][0000019D55B924C0 49] Android_Adreno5xx, [0000019D54957200][0000019D55B96600 49] Android_Adreno6xx, [0000019D5588A800][0000019D55B9A740 49] Android_Adreno6xx_Vulkan, [0000019D54957900][0000019D55BA28C0 49] Android_Mali_T6xx, [0000019D5588B700][0000019D55BA6A40 49] Android_Mali_T7xx, [0000019D54957700][0000019D55BAABC0 49] Android_Mali_T8xx, [0000019D5588A700][0000019D55BAED40 49] Android_Mali_G71, [0000019D54955300][0000019D55BB2EC0 49] Android_Mali_G72, [0000019D55889400][0000019D55BB7040 49] Android_Mali_G72_Vulkan, [0000019D54955B00][0000019D55BBB1C0 49] Android_Mali_G76, [0000019D5588A400][0000019D55BBF340 49] Android_Mali_G76_Vulkan, [0000019D54957500][0000019D55BC34C0 49] Android_Mali_G77, [0000019D5588A200][0000019D55BC7640 49] Android_Mali_G77_Vulkan, [0000019D54954C00][0000019D55BCB7C0 49] Android_Mali_G78, [0000019D5588AE00][0000019D55BCF940 49] Android_Mali_G78_Vulkan, [0000019D54957400][0000019D55BD3AC0 49] Android_Mali_G710, [0000019D55888C00][0000019D55BD60C0 49] Android_Mali_G710_Vulkan, [0000019D54957600][0000019D55BDA240 49] Android_Vulkan_SM5, [0000019D55889700][0000019D55BDE3C0 49] Android_PowerVR_G6xxx, [0000019D54956100][0000019D55BE2540 49] Android_PowerVR_GT7xxx, [0000019D5588B400][0000019D55B9E680 49] Android_PowerVR_GE8xxx, [0000019D54956700][0000019D55BE67C0 49] Android_PowerVR_GM9xxx, [0000019D558F9A00][0000019D55BEA900 49] Android_PowerVR_GM9xxx_Vulkan, [0000019D54956600][0000019D55BF2A80 49] Android_TegraK1, [0000019D558FA400][0000019D55BF6C00 49] Android_Unknown_Vulkan, [0000019D54955900][0000019D55BFAD80 49] Lumin, [0000019D558FA000][0000019D55BFEF00 49] Lumin_Desktop, [0000019D54956900][0000019D55C03080 49] HoloLens, 
[2021.08.26-18.49.18:181][  0]LogMeshReduction: Using QuadricMeshReduction for automatic static mesh reduction
[2021.08.26-18.49.18:181][  0]LogMeshReduction: Using SimplygonMeshReduction for automatic skeletal mesh reduction
[2021.08.26-18.49.18:181][  0]LogMeshReduction: Using ProxyLODMeshReduction for automatic mesh merging
[2021.08.26-18.49.18:181][  0]LogMeshReduction: No distributed automatic mesh merging module available
[2021.08.26-18.49.18:181][  0]LogMeshMerging: No distributed automatic mesh merging module available
[2021.08.26-18.49.18:199][  0]LogNetVersion: NDisplay 1.0.0, NetCL: 17155196, EngineNetVer: 17, GameNetVer: 0 (Checksum: 2715833876)
[2021.08.26-18.49.18:346][  0]LogTexture: Default maximum texture size for cubemaps generated from long-lat sources has been changed from 512 to unlimited. In order to preserve old behaiour for '/Engine/MapTemplates/Sky/DaylightAmbientCubemap.DaylightAmbientCubemap', its maximum texture size has been explicitly set to 512.
[2021.08.26-18.49.18:456][  0]LogMoviePlayer: Initializing movie player
[2021.08.26-18.49.18:543][  0]LogD3D12RHI: Creating RTPSO with 3 shaders (0 cached, 3 new) took 85.42 ms. Compile time 76.33 ms, link time 9.07 ms.
[2021.08.26-18.49.18:593][  0]LogNiagaraDebuggerClient: Niagara Debugger Client Initialized | Session: 4EBDC4E643E22E0576E3F3B7283C55D2 | Instance: F1216F04483D2231169D2F8112CA00AC (DESKTOP-85S8ETG-11052).
[2021.08.26-18.49.18:605][  0]LogCollectionManager: Loaded 0 collections in 0.000440 seconds
[2021.08.26-18.49.18:606][  0]LogFileCache: Scanning file cache for directory 'D:/Documents/Github/Packaging_Workshop/NDisplay/Saved/Collections/' took 0.00s
[2021.08.26-18.49.18:606][  0]LogFileCache: Scanning file cache for directory 'D:/Documents/Github/Packaging_Workshop/NDisplay/Content/Developers/micha/Collections/' took 0.00s
[2021.08.26-18.49.18:606][  0]LogFileCache: Scanning file cache for directory 'D:/Documents/Github/Packaging_Workshop/NDisplay/Content/Collections/' took 0.00s
[2021.08.26-18.49.18:606][  0]LogCollectionManager: Fixed up redirectors for 0 collections in 0.000001 seconds (updated 0 objects)
[2021.08.26-18.49.18:669][  0]LogStreaming: Warning: Failed to read file '../../../Engine/Content/Editor/Slate/Niagara/MenuSeparator.png' error.
[2021.08.26-18.49.18:669][  0]LogSlate: Could not find file for Slate resource: ../../../Engine/Content/Editor/Slate/Niagara/MenuSeparator.png
[2021.08.26-18.49.18:669][  0]LogStreaming: Warning: Failed to read file '../../../Engine/Content/Editor/Slate/Niagara/Common/Selector.png' error.
[2021.08.26-18.49.18:669][  0]LogSlate: Could not find file for Slate resource: ../../../Engine/Content/Editor/Slate/Niagara/Common/Selector.png
[2021.08.26-18.49.18:669][  0]LogStreaming: Warning: Failed to read file '../../../Engine/Content/Editor/Slate/Niagara/Common/Selection.png' error.
[2021.08.26-18.49.18:669][  0]LogSlate: Could not find file for Slate resource: ../../../Engine/Content/Editor/Slate/Niagara/Common/Selection.png
[2021.08.26-18.49.18:669][  0]LogStreaming: Warning: Failed to read file '../../../Engine/Content/Editor/Slate/Niagara/Common/DropZoneIndicator_Onto.png' error.
[2021.08.26-18.49.18:669][  0]LogStreaming: Warning: Failed to read file '../../../Engine/Content/Editor/Slate/Niagara/Common/DropZoneIndicator_Above.png' error.
[2021.08.26-18.49.18:669][  0]LogSlate: Could not find file for Slate resource: ../../../Engine/Content/Editor/Slate/Niagara/Common/DropZoneIndicator_Onto.png
[2021.08.26-18.49.18:669][  0]LogSlate: Could not find file for Slate resource: ../../../Engine/Content/Editor/Slate/Niagara/Common/DropZoneIndicator_Above.png
[2021.08.26-18.49.18:669][  0]LogStreaming: Warning: Failed to read file '../../../Engine/Content/Editor/Slate/Niagara/Common/DropZoneIndicator_Below.png' error.
[2021.08.26-18.49.18:669][  0]LogSlate: Could not find file for Slate resource: ../../../Engine/Content/Editor/Slate/Niagara/Common/DropZoneIndicator_Below.png
[2021.08.26-18.49.18:669][  0]LogStreaming: Warning: Failed to read file '../../../Engine/Content/Editor/Slate/Niagara/Common/RoundedSelection_16x.png' error.
[2021.08.26-18.49.18:669][  0]LogSlate: Could not find file for Slate resource: ../../../Engine/Content/Editor/Slate/Niagara/Common/RoundedSelection_16x.png
[2021.08.26-18.49.18:669][  0]LogStreaming: Warning: Failed to read file '../../../Engine/Content/Editor/Slate/Niagara/Common/FlatButton.png' error.
[2021.08.26-18.49.18:669][  0]LogSlate: Could not find file for Slate resource: ../../../Engine/Content/Editor/Slate/Niagara/Common/FlatButton.png
[2021.08.26-18.49.18:669][  0]LogImageWrapper: Warning: PNG Warning: Duplicate iCCP chunk
[2021.08.26-18.49.18:669][  0]LogImageWrapper: Warning: PNG Warning: Duplicate iCCP chunk
[2021.08.26-18.49.18:669][  0]LogPython: Using Python 3.7.7
[2021.08.26-18.49.19:035][  0]LogTcpMessaging: Initializing TcpMessaging bridge
[2021.08.26-18.49.19:040][  0]LogUdpMessaging: Initializing bridge on interface 0.0.0.0:0 to multicast group 230.0.0.1:6666.
[2021.08.26-18.49.19:126][  0]SourceControl: Source control is disabled
[2021.08.26-18.49.19:126][  0]SourceControl: Source control is disabled
[2021.08.26-18.49.19:128][  0]SourceControl: Source control is disabled
[2021.08.26-18.49.19:131][  0]LogUProjectInfo: Found projects:
[2021.08.26-18.49.19:190][  0]LogOpenImageDenoise: OIDN starting up
[2021.08.26-18.49.19:206][  0]LogAndroidPermission: UAndroidPermissionCallbackProxy::GetInstance
[2021.08.26-18.49.19:215][  0]LogAudioCaptureCore: Display: No Audio Capture implementations found. Audio input will be silent.
[2021.08.26-18.49.19:215][  0]LogAudioCaptureCore: Display: No Audio Capture implementations found. Audio input will be silent.
[2021.08.26-18.49.19:233][  0]LogDisplayClusterModule: Instantiating subsystem managers...
[2021.08.26-18.49.19:233][  0]LogDisplayClusterRender: Registering factory for rendering device type: dc_dev_mono
[2021.08.26-18.49.19:233][  0]LogDisplayClusterRender: Registered factory for rendering device type: dc_dev_mono
[2021.08.26-18.49.19:233][  0]LogDisplayClusterRender: Registering factory for rendering device type: quad_buffer_stereo
[2021.08.26-18.49.19:233][  0]LogDisplayClusterRender: Registered factory for rendering device type: quad_buffer_stereo
[2021.08.26-18.49.19:233][  0]LogDisplayClusterRender: Registering factory for rendering device type: dc_dev_side_by_side
[2021.08.26-18.49.19:233][  0]LogDisplayClusterRender: Registered factory for rendering device type: dc_dev_side_by_side
[2021.08.26-18.49.19:233][  0]LogDisplayClusterRender: Registering factory for rendering device type: dc_dev_top_bottom
[2021.08.26-18.49.19:233][  0]LogDisplayClusterRender: Registered factory for rendering device type: dc_dev_top_bottom
[2021.08.26-18.49.19:233][  0]LogDisplayClusterRender: Registering factory for synchronization policy: none
[2021.08.26-18.49.19:233][  0]LogDisplayClusterRender: Registered factory for syncrhonization policy: none
[2021.08.26-18.49.19:233][  0]LogDisplayClusterRender: Registering factory for synchronization policy: ethernet
[2021.08.26-18.49.19:233][  0]LogDisplayClusterRender: Registered factory for syncrhonization policy: ethernet
[2021.08.26-18.49.19:233][  0]LogDisplayClusterRender: Registering factory for synchronization policy: ethernet_barrier
[2021.08.26-18.49.19:233][  0]LogDisplayClusterRender: Registered factory for syncrhonization policy: ethernet_barrier
[2021.08.26-18.49.19:233][  0]LogDisplayClusterRender: Registering factory for synchronization policy: nvidia
[2021.08.26-18.49.19:233][  0]LogDisplayClusterRender: Registered factory for syncrhonization policy: nvidia
[2021.08.26-18.49.19:233][  0]LogDisplayClusterModule: DisplayCluster module has been started
[2021.08.26-18.49.19:235][  0]LogDisplayClusterProjection: Projection module has been instantiated
[2021.08.26-18.49.19:235][  0]LogDisplayClusterProjection: Projection module startup
[2021.08.26-18.49.19:235][  0]LogDisplayClusterProjection: Registering <camera> projection policy factory...
[2021.08.26-18.49.19:235][  0]LogDisplayClusterRender: Registering factory for projection type: camera
[2021.08.26-18.49.19:235][  0]LogDisplayClusterRender: Registered factory for projection type: camera
[2021.08.26-18.49.19:235][  0]LogDisplayClusterProjection: Registering <simple> projection policy factory...
[2021.08.26-18.49.19:235][  0]LogDisplayClusterRender: Registering factory for projection type: simple
[2021.08.26-18.49.19:235][  0]LogDisplayClusterRender: Registered factory for projection type: simple
[2021.08.26-18.49.19:235][  0]LogDisplayClusterProjection: Registering <mpcdi> projection policy factory...
[2021.08.26-18.49.19:235][  0]LogDisplayClusterRender: Registering factory for projection type: mpcdi
[2021.08.26-18.49.19:235][  0]LogDisplayClusterRender: Registered factory for projection type: mpcdi
[2021.08.26-18.49.19:235][  0]LogDisplayClusterProjection: Registering <mesh> projection policy factory...
[2021.08.26-18.49.19:235][  0]LogDisplayClusterRender: Registering factory for projection type: mesh
[2021.08.26-18.49.19:235][  0]LogDisplayClusterRender: Registered factory for projection type: mesh
[2021.08.26-18.49.19:235][  0]LogDisplayClusterProjection: Registering <easyblend> projection policy factory...
[2021.08.26-18.49.19:236][  0]LogDisplayClusterRender: Registering factory for projection type: easyblend
[2021.08.26-18.49.19:236][  0]LogDisplayClusterRender: Registered factory for projection type: easyblend
[2021.08.26-18.49.19:236][  0]LogDisplayClusterProjection: Registering <vioso> projection policy factory...
[2021.08.26-18.49.19:236][  0]LogDisplayClusterRender: Registering factory for projection type: vioso
[2021.08.26-18.49.19:236][  0]LogDisplayClusterRender: Registered factory for projection type: vioso
[2021.08.26-18.49.19:236][  0]LogDisplayClusterProjection: Registering <manual> projection policy factory...
[2021.08.26-18.49.19:236][  0]LogDisplayClusterRender: Registering factory for projection type: manual
[2021.08.26-18.49.19:236][  0]LogDisplayClusterRender: Registered factory for projection type: manual
[2021.08.26-18.49.19:236][  0]LogDisplayClusterProjection: Registering <domeprojection> projection policy factory...
[2021.08.26-18.49.19:236][  0]LogDisplayClusterRender: Registering factory for projection type: domeprojection
[2021.08.26-18.49.19:236][  0]LogDisplayClusterRender: Registered factory for projection type: domeprojection
[2021.08.26-18.49.19:236][  0]LogDisplayClusterProjection: Registering <link> projection policy factory...
[2021.08.26-18.49.19:236][  0]LogDisplayClusterRender: Registering factory for projection type: link
[2021.08.26-18.49.19:236][  0]LogDisplayClusterRender: Registered factory for projection type: link
[2021.08.26-18.49.19:236][  0]LogDisplayClusterProjection: Projection module has started
[2021.08.26-18.49.19:237][  0]LogDisplayClusterPostprocess: Postprocess module has been instantiated
[2021.08.26-18.49.19:237][  0]LogDisplayClusterPostprocess: Postprocess module startup
[2021.08.26-18.49.19:237][  0]LogDisplayClusterPostprocess: Postprocess module has started
[2021.08.26-18.49.19:244][  0]LogDisplayClusterRemoteControlInterceptor: DisplayClusterRemoteControlInterceptor has been registered
[2021.08.26-18.49.19:295][  0]LogUObjectArray: 23764 objects as part of root set at end of initial load.
[2021.08.26-18.49.19:295][  0]LogUObjectAllocator: 6547712 out of 0 bytes used by permanent object pool.
[2021.08.26-18.49.19:295][  0]LogUObjectArray: CloseDisregardForGC: 0/0 objects in disregard for GC pool
[2021.08.26-18.49.19:328][  0]LogClass: Display: BoolProperty FDisplayClusterConfigurationJsonDiagnostics_426::SimulateLag is not initialized properly. Module:DisplayClusterConfiguration File:Private/Formats/JSON426/DisplayClusterConfigurationJsonTypes_426.h
[2021.08.26-18.49.19:328][  0]LogClass: Display: FloatProperty FDisplayClusterConfigurationJsonDiagnostics_426::MinLagTime is not initialized properly. Module:DisplayClusterConfiguration File:Private/Formats/JSON426/DisplayClusterConfigurationJsonTypes_426.h
[2021.08.26-18.49.19:328][  0]LogClass: Display: FloatProperty FDisplayClusterConfigurationJsonDiagnostics_426::MaxLagTime is not initialized properly. Module:DisplayClusterConfiguration File:Private/Formats/JSON426/DisplayClusterConfigurationJsonTypes_426.h
[2021.08.26-18.49.19:328][  0]LogClass: Display: BoolProperty FDisplayClusterConfigurationJsonClusterNode_426::Sound is not initialized properly. Module:DisplayClusterConfiguration File:Private/Formats/JSON426/DisplayClusterConfigurationJsonTypes_426.h
[2021.08.26-18.49.19:328][  0]LogClass: Display: BoolProperty FDisplayClusterConfigurationJsonClusterNode_426::FullScreen is not initialized properly. Module:DisplayClusterConfiguration File:Private/Formats/JSON426/DisplayClusterConfigurationJsonTypes_426.h
[2021.08.26-18.49.19:328][  0]LogClass: Display: FloatProperty FDisplayClusterConfigurationJsonViewport_426::BufferRatio is not initialized properly. Module:DisplayClusterConfiguration File:Private/Formats/JSON426/DisplayClusterConfigurationJsonTypes_426.h
[2021.08.26-18.49.19:328][  0]LogClass: Display: IntProperty FDisplayClusterConfigurationJsonViewport_426::GPUIndex is not initialized properly. Module:DisplayClusterConfiguration File:Private/Formats/JSON426/DisplayClusterConfigurationJsonTypes_426.h
[2021.08.26-18.49.19:328][  0]LogClass: Display: BoolProperty FDisplayClusterConfigurationJsonViewport_426::AllowCrossGPUTransfer is not initialized properly. Module:DisplayClusterConfiguration File:Private/Formats/JSON426/DisplayClusterConfigurationJsonTypes_426.h
[2021.08.26-18.49.19:328][  0]LogClass: Display: BoolProperty FDisplayClusterConfigurationJsonViewport_426::IsShared is not initialized properly. Module:DisplayClusterConfiguration File:Private/Formats/JSON426/DisplayClusterConfigurationJsonTypes_426.h
[2021.08.26-18.49.19:328][  0]LogClass: Display: BoolProperty FDisplayClusterConfigurationJsonDiagnostics_427::SimulateLag is not initialized properly. Module:DisplayClusterConfiguration File:Private/Formats/JSON427/DisplayClusterConfigurationJsonTypes_427.h
[2021.08.26-18.49.19:328][  0]LogClass: Display: FloatProperty FDisplayClusterConfigurationJsonDiagnostics_427::MinLagTime is not initialized properly. Module:DisplayClusterConfiguration File:Private/Formats/JSON427/DisplayClusterConfigurationJsonTypes_427.h
[2021.08.26-18.49.19:328][  0]LogClass: Display: FloatProperty FDisplayClusterConfigurationJsonDiagnostics_427::MaxLagTime is not initialized properly. Module:DisplayClusterConfiguration File:Private/Formats/JSON427/DisplayClusterConfigurationJsonTypes_427.h
[2021.08.26-18.49.19:328][  0]LogClass: Display: BoolProperty FDisplayClusterConfigurationJsonClusterNode_427::Sound is not initialized properly. Module:DisplayClusterConfiguration File:Private/Formats/JSON427/DisplayClusterConfigurationJsonTypes_427.h
[2021.08.26-18.49.19:328][  0]LogClass: Display: BoolProperty FDisplayClusterConfigurationJsonClusterNode_427::FullScreen is not initialized properly. Module:DisplayClusterConfiguration File:Private/Formats/JSON427/DisplayClusterConfigurationJsonTypes_427.h
[2021.08.26-18.49.19:328][  0]LogClass: Display: FloatProperty FDisplayClusterConfigurationJsonViewport_427::BufferRatio is not initialized properly. Module:DisplayClusterConfiguration File:Private/Formats/JSON427/DisplayClusterConfigurationJsonTypes_427.h
[2021.08.26-18.49.19:328][  0]LogClass: Display: IntProperty FDisplayClusterConfigurationJsonViewport_427::GPUIndex is not initialized properly. Module:DisplayClusterConfiguration File:Private/Formats/JSON427/DisplayClusterConfigurationJsonTypes_427.h
[2021.08.26-18.49.19:329][  0]LogClass: Display: BoolProperty FDisplayClusterConfigurationJsonViewport_427::AllowCrossGPUTransfer is not initialized properly. Module:DisplayClusterConfiguration File:Private/Formats/JSON427/DisplayClusterConfigurationJsonTypes_427.h
[2021.08.26-18.49.19:329][  0]LogClass: Display: BoolProperty FDisplayClusterConfigurationJsonViewport_427::IsShared is not initialized properly. Module:DisplayClusterConfiguration File:Private/Formats/JSON427/DisplayClusterConfigurationJsonTypes_427.h
[2021.08.26-18.49.19:329][  0]LogClass: Display: BoolProperty FDisplayClusterConfigurationDiagnostics::bSimulateLag is not initialized properly. Module:DisplayClusterConfiguration File:Public/DisplayClusterConfigurationTypes.h
[2021.08.26-18.49.19:329][  0]LogClass: Display: FloatProperty FDisplayClusterConfigurationDiagnostics::MinLagTime is not initialized properly. Module:DisplayClusterConfiguration File:Public/DisplayClusterConfigurationTypes.h
[2021.08.26-18.49.19:329][  0]LogClass: Display: FloatProperty FDisplayClusterConfigurationDiagnostics::MaxLagTime is not initialized properly. Module:DisplayClusterConfiguration File:Public/DisplayClusterConfigurationTypes.h
[2021.08.26-18.49.19:329][  0]LogClass: Display: IntProperty FTextureCropSize::W is not initialized properly. Module:DisplayClusterConfiguration File:Public/DisplayClusterConfigurationTypes_Base.h
[2021.08.26-18.49.19:329][  0]LogClass: Display: IntProperty FTextureCropSize::H is not initialized properly. Module:DisplayClusterConfiguration File:Public/DisplayClusterConfigurationTypes_Base.h
[2021.08.26-18.49.19:329][  0]LogClass: Display: IntProperty FTextureCropOrigin::X is not initialized properly. Module:DisplayClusterConfiguration File:Public/DisplayClusterConfigurationTypes_Base.h
[2021.08.26-18.49.19:329][  0]LogClass: Display: IntProperty FTextureCropOrigin::Y is not initialized properly. Module:DisplayClusterConfiguration File:Public/DisplayClusterConfigurationTypes_Base.h
[2021.08.26-18.49.19:329][  0]LogClass: Display: BoolProperty FDisplayClusterConfigurationViewport_ColorGradingSettings::bOverride_Saturation is not initialized properly. Module:DisplayClusterConfiguration File:Public/DisplayClusterConfigurationTypes_Postprocess.h
[2021.08.26-18.49.19:329][  0]LogClass: Display: BoolProperty FDisplayClusterConfigurationViewport_ColorGradingSettings::bOverride_Contrast is not initialized properly. Module:DisplayClusterConfiguration File:Public/DisplayClusterConfigurationTypes_Postprocess.h
[2021.08.26-18.49.19:329][  0]LogClass: Display: BoolProperty FDisplayClusterConfigurationViewport_ColorGradingSettings::bOverride_Gamma is not initialized properly. Module:DisplayClusterConfiguration File:Public/DisplayClusterConfigurationTypes_Postprocess.h
[2021.08.26-18.49.19:329][  0]LogClass: Display: BoolProperty FDisplayClusterConfigurationViewport_ColorGradingSettings::bOverride_Gain is not initialized properly. Module:DisplayClusterConfiguration File:Public/DisplayClusterConfigurationTypes_Postprocess.h
[2021.08.26-18.49.19:329][  0]LogClass: Display: BoolProperty FDisplayClusterConfigurationViewport_ColorGradingSettings::bOverride_Offset is not initialized properly. Module:DisplayClusterConfiguration File:Public/DisplayClusterConfigurationTypes_Postprocess.h
[2021.08.26-18.49.19:329][  0]LogClass: Display: StructProperty FDisplayClusterViewportStereoContext::RectLocation is not initialized properly. Module:DisplayCluster File:Public/Blueprints/DisplayClusterBlueprintContainers.h
[2021.08.26-18.49.19:329][  0]LogClass: Display: StructProperty FDisplayClusterViewportStereoContext::RectSize is not initialized properly. Module:DisplayCluster File:Public/Blueprints/DisplayClusterBlueprintContainers.h
[2021.08.26-18.49.19:329][  0]LogClass: Display: BoolProperty FDisplayClusterViewportStereoContext::bIsRendering is not initialized properly. Module:DisplayCluster File:Public/Blueprints/DisplayClusterBlueprintContainers.h
[2021.08.26-18.49.19:329][  0]LogClass: Display: StructProperty FDisplayClusterViewportContext::RectLocation is not initialized properly. Module:DisplayCluster File:Public/Blueprints/DisplayClusterBlueprintContainers.h
[2021.08.26-18.49.19:329][  0]LogClass: Display: StructProperty FDisplayClusterViewportContext::RectSize is not initialized properly. Module:DisplayCluster File:Public/Blueprints/DisplayClusterBlueprintContainers.h
[2021.08.26-18.49.19:329][  0]LogClass: Display: StructProperty FDisplayClusterViewportContext::ViewLocation is not initialized properly. Module:DisplayCluster File:Public/Blueprints/DisplayClusterBlueprintContainers.h
[2021.08.26-18.49.19:329][  0]LogClass: Display: StructProperty FDisplayClusterViewportContext::ViewRotation is not initialized properly. Module:DisplayCluster File:Public/Blueprints/DisplayClusterBlueprintContainers.h
[2021.08.26-18.49.19:329][  0]LogClass: Display: StructProperty FDisplayClusterViewportContext::ProjectionMatrix is not initialized properly. Module:DisplayCluster File:Public/Blueprints/DisplayClusterBlueprintContainers.h
[2021.08.26-18.49.19:329][  0]LogClass: Display: BoolProperty FDisplayClusterViewportContext::bIsRendering is not initialized properly. Module:DisplayCluster File:Public/Blueprints/DisplayClusterBlueprintContainers.h
[2021.08.26-18.49.19:329][  0]LogClass: Display: IntProperty FDisplayClusterClusterEventBinary::EventId is not initialized properly. Module:DisplayCluster File:Public/Cluster/DisplayClusterClusterEvent.h
[2021.08.26-18.49.19:329][  0]LogClass: Display: IntProperty FMPCDIGeometryImportData::Width is not initialized properly. Module:DisplayClusterShaders File:Public/Blueprints/MPCDIGeometryData.h
[2021.08.26-18.49.19:329][  0]LogClass: Display: IntProperty FMPCDIGeometryImportData::Height is not initialized properly. Module:DisplayClusterShaders File:Public/Blueprints/MPCDIGeometryData.h
[2021.08.26-18.49.19:330][  0]LogClass: Display: EnumProperty FCriticalStateProviderMessage::State is not initialized properly. Module:StageDataCore File:Public/StageMessages.h
[2021.08.26-18.49.19:331][  0]LogClass: Display: EnumProperty FMultiUserClientConfig::ValidationMode is not initialized properly. Module:MultiUserClientLibrary File:Public/MultiUserClientStatics.h
[2021.08.26-18.49.19:331][  0]LogClass: Display: StructProperty FMultiUserClientInfo::AvatarColor is not initialized properly. Module:MultiUserClientLibrary File:Public/MultiUserClientStatics.h
[2021.08.26-18.49.19:331][  0]LogClass: Display: 45 Uninitialized script struct members found including 0 object properties
[2021.08.26-18.49.19:331][  0]LogDisplayClusterEngine: Detected operation mode: cluster
[2021.08.26-18.49.19:331][  0]LogDisplayClusterModule: Initializing subsystems to cluster operation mode
[2021.08.26-18.49.19:331][  0]LogDisplayClusterConfiguration: JSON config: C:\Users\micha\AppData\Local\Temp\ndisplay\171507A84B8D6CC561A3808ACB3DF03B.ndisplay
[2021.08.26-18.49.19:332][  0]LogDisplayClusterConfiguration: JSON config: C:\Users\micha\AppData\Local\Temp\ndisplay\171507A84B8D6CC561A3808ACB3DF03B.ndisplay
[2021.08.26-18.49.19:332][  0]LogDisplayClusterEngine: Detected (.ndisplay 4.27) config format
[2021.08.26-18.49.19:332][  0]LogDisplayClusterConfiguration: JSON config: C:\Users\micha\AppData\Local\Temp\ndisplay\171507A84B8D6CC561A3808ACB3DF03B.ndisplay
[2021.08.26-18.49.19:332][  0]LogDisplayClusterConfiguration: nDisplay json configuration: {"nDisplay": {"description": "", "version": "4.27", "assetPath": "/Game/ExampleConfigs/NDC_DualMonitor_Custom.NDC_DualMonitor_Custom", "misc": {"bFollowLocalPlayerCamera": false, "bExitOnEsc": true}, "scene": {"xforms": {"nDisplayXform": {"parentId": "", "location": {"x": 100, "y": 0, "z": 50}, "rotation": {"pitch": 0, "yaw": 0, "roll": 0}}}, "cameras": {"DefaultViewPoint": {"interpupillaryDistance": 6.400000095367432, "swapEyes": false, "stereoOffset": "none", "parentId": "", "location": {"x": 0, "y": 0, "z": 50}, "rotation": {"pitch": 0, "yaw": 0, "roll": 0}}}, "screens": {"nDisplayScreenRight": {"size": {"width": 70, "height": 39.375}, "parentId": "nDisplayXform", "location": {"x": 0, "y": 35, "z": -8.988168701762334e-06}, "rotation": {"pitch": 0, "yaw": 0, "roll": 8.58306884765625e-06}}, "nDisplayScreenLeft": {"size": {"width": 70, "height": 39.375}, "parentId": "nDisplayXform", "location": {"x": 0, "y": -35, "z": 0}, "rotation": {"pitch": 0, "yaw": 0, "roll": 0}}}}, "cluster": {"masterNode": {"id": "Node_0", "ports": {"ClusterSync": 41001, "RenderSync": 41002, "ClusterEventsJson": 41003, "ClusterEventsBinary": 41004}}, "sync": {"renderSyncPolicy": {"type": "ethernet", "parameters": {}}, "inputSyncPolicy": {"type": "ReplicateMaster", "parameters": {}}}, "network": {"ConnectRetriesAmount": "10", "ConnectRetryDelay": "1000", "GameStartBarrierTimeout": "30000", "FrameStartBarrierTimeout": "5000", "FrameEndBarrierTimeout": "5000", "RenderSyncBarrierTimeout": "5000"}, "nodes": {"Node_0": {"host": "127.0.0.1", "sound": true, "fullScreen": false, "window": {"x": 0, "y": 0, "w": 7680, "h": 2160}, "postprocess": {}, "viewports": {"VP_Left": {"camera": "DefaultViewPoint", "bufferRatio": 1, "gPUIndex": -1, "allowCrossGPUTransfer": false, "isShared": false, "region": {"x": 0, "y": 0, "w": 3840, "h": 2160}, "projectionPolicy": {"type": "simple", "parameters": {"screen": "nDisplayScreenLeft"}}}, "VP_Right": {"camera": "DefaultViewPoint", "bufferRatio": 1, "gPUIndex": -1, "allowCrossGPUTransfer": false, "isShared": false, "region": {"x": 3840, "y": 0, "w": 3840, "h": 2160}, "projectionPolicy": {"type": "simple", "parameters": {"screen": "nDisplayScreenRight"}}}}, "outputRemap": {"bEnable": false, "dataSource": "mesh", "staticMeshAsset": "", "externalFile": ""}}}}, "customParameters": {}, "diagnostics": {"simulateLag": false, "minLagTime": 0, "maxLagTime": 0}}}
[2021.08.26-18.49.19:333][  0]LogDisplayClusterModule: StartSession with node ID 'Node_0'
[2021.08.26-18.49.19:333][  0]LogDisplayClusterCluster: Node ID: Node_0
[2021.08.26-18.49.19:333][  0]LogDisplayClusterCluster: Current operation mode: cluster
[2021.08.26-18.49.19:333][  0]LogDisplayClusterCluster: Instantiating cluster master controller...
[2021.08.26-18.49.19:333][  0]LogDisplayClusterCluster: Initializing the controller...
[2021.08.26-18.49.19:333][  0]LogDisplayClusterCluster: [CTRL-M] - initializing master servers...
[2021.08.26-18.49.19:333][  0]LogDisplayClusterNetwork: Initialized barrier GameStart_barrier with timeout 30000 for threads count: 1
[2021.08.26-18.49.19:333][  0]LogDisplayClusterNetwork: Initialized barrier FrameStart_barrier with timeout 5000 for threads count: 1
[2021.08.26-18.49.19:333][  0]LogDisplayClusterNetwork: Initialized barrier FrameEnd_barrier with timeout 5000 for threads count: 1
[2021.08.26-18.49.19:333][  0]LogDisplayClusterNetwork: Initialized barrier RenderSync_barrier with timeout 5000 for threads count: 1
[2021.08.26-18.49.19:333][  0]LogDisplayClusterCluster: [CTRL-M] - initializing slave clients...
[2021.08.26-18.49.19:333][  0]LogDisplayClusterCluster: [CTRL-M] - starting master servers...
[2021.08.26-18.49.19:333][  0]LogDisplayClusterCluster: Servers: addr 127.0.0.1, port_cs 41001, port_ss 41002, port_ce 41003, port_ceb 41004
[2021.08.26-18.49.19:333][  0]LogDisplayClusterNetwork: TCP listener SRV_CS_listener: started listening to 127.0.0.1:41001...
[2021.08.26-18.49.19:334][  0]LogDisplayClusterCluster: Server SRV_CS has started
[2021.08.26-18.49.19:334][  0]LogDisplayClusterNetwork: TCP listener SRV_RS_listener: started listening to 127.0.0.1:41002...
[2021.08.26-18.49.19:334][  0]LogDisplayClusterCluster: Server SRV_RS has started
[2021.08.26-18.49.19:334][  0]LogDisplayClusterNetwork: TCP listener SRV_CEJ_listener: started listening to 127.0.0.1:41003...
[2021.08.26-18.49.19:335][  0]LogDisplayClusterCluster: Server SRV_CEJ has started
[2021.08.26-18.49.19:335][  0]LogDisplayClusterNetwork: TCP listener SRV_CEB_listener: started listening to 127.0.0.1:41004...
[2021.08.26-18.49.19:335][  0]LogDisplayClusterCluster: Server SRV_CEB has started
[2021.08.26-18.49.19:335][  0]LogDisplayClusterCluster: [CTRL-M] - initializing slave clients...
[2021.08.26-18.49.19:337][  0]LogDisplayClusterNetwork: Session SRV_CS_session_0_127.0.0.1:54674 started
[2021.08.26-18.49.19:337][  0]LogDisplayClusterNetwork: Session thread SRV_CS_session_0_127.0.0.1:54674 has started
[2021.08.26-18.49.19:337][  0]LogDisplayClusterCluster: CLN_CS connected to the server 127.0.0.1:41001
[2021.08.26-18.49.19:338][  0]LogDisplayClusterNetwork: Session thread SRV_RS_session_0_127.0.0.1:54675 has started
[2021.08.26-18.49.19:338][  0]LogDisplayClusterNetwork: Session SRV_RS_session_0_127.0.0.1:54675 started
[2021.08.26-18.49.19:338][  0]LogDisplayClusterCluster: CLN_RS connected to the server 127.0.0.1:41002
[2021.08.26-18.49.19:340][  0]LogDisplayClusterNetwork: Session thread SRV_CEJ_session_0_127.0.0.1:54676 has started
[2021.08.26-18.49.19:340][  0]LogDisplayClusterNetwork: Session SRV_CEJ_session_0_127.0.0.1:54676 started
[2021.08.26-18.49.19:340][  0]LogDisplayClusterCluster: CLN_CEJ connected to the server 127.0.0.1:41003
[2021.08.26-18.49.19:342][  0]LogDisplayClusterNetwork: Session thread SRV_CEB_session_0_127.0.0.1:54677 has started
[2021.08.26-18.49.19:342][  0]LogDisplayClusterNetwork: Session SRV_CEB_session_0_127.0.0.1:54677 started
[2021.08.26-18.49.19:342][  0]LogDisplayClusterCluster: CLN_CEB connected to the server 127.0.0.1:41004
[2021.08.26-18.49.19:342][  0]LogDisplayClusterRender: Instantiating synchronization policy object...
[2021.08.26-18.49.19:342][  0]LogDisplayClusterRender: A factory for the requested synchronization policy <ethernet> was found
[2021.08.26-18.49.19:342][  0]LogDisplayClusterRender: Instantiating stereo device...
[2021.08.26-18.49.19:342][  0]LogDisplayClusterRender: Instantiating DX12 monoscopic device...
[2021.08.26-18.49.19:342][  0]LogDisplayClusterRender: Created DCRenderDevice
[2021.08.26-18.49.19:342][  0]LogDisplayClusterEngine: Configuring sound enabled: true
[2021.08.26-18.49.19:342][  0]LogEngine: Initializing Engine...
[2021.08.26-18.49.19:342][  0]LogHMD: Failed to enumerate extensions. Please check that you have a valid OpenXR runtime installed.
[2021.08.26-18.49.19:342][  0]LogMagicLeap: Warning: VR disabled because ZI is not enabled.  To enable, in the editor, Edit -> Project Settings -> Plugins -> Magic Leap Plugin -> Enable Zero Iteration
[2021.08.26-18.49.19:343][  0]LogStats: UGameplayTagsManager::InitializeManager -  0.000 s
[2021.08.26-18.49.19:407][  0]LogInit: Initializing FReadOnlyCVARCache
[2021.08.26-18.49.19:407][  0]LogAudio: Display: Initializing Audio Device Manager...
[2021.08.26-18.49.19:409][  0]LogAudio: Display: Loading Default Audio Settings Objects...
[2021.08.26-18.49.19:410][  0]LogAudio: Display: No default SoundConcurrencyObject specified (or failed to load).
[2021.08.26-18.49.19:410][  0]LogAudio: Display: Audio Device Manager Initialized
[2021.08.26-18.49.19:410][  0]LogAudio: Display: Creating Audio Device:                 Id: 1, Scope: Shared, Realtime: True
[2021.08.26-18.49.19:410][  0]LogAudioMixer: Display: Audio Mixer Platform Settings:
[2021.08.26-18.49.19:410][  0]LogAudioMixer: Display: 	Sample Rate:						  48000
[2021.08.26-18.49.19:410][  0]LogAudioMixer: Display: 	Callback Buffer Frame Size Requested: 1024
[2021.08.26-18.49.19:410][  0]LogAudioMixer: Display: 	Callback Buffer Frame Size To Use:	  1024
[2021.08.26-18.49.19:410][  0]LogAudioMixer: Display: 	Number of buffers to queue:			  2
[2021.08.26-18.49.19:410][  0]LogAudioMixer: Display: 	Max Channels (voices):				  32
[2021.08.26-18.49.19:410][  0]LogAudioMixer: Display: 	Number of Async Source Workers:		  0
[2021.08.26-18.49.19:410][  0]LogAudio: Display: AudioDevice MaxSources: 32
[2021.08.26-18.49.19:410][  0]LogAudio: Display: Audio Spatialization Plugin: None (built-in).
[2021.08.26-18.49.19:410][  0]LogAudio: Display: Audio Reverb Plugin: None (built-in).
[2021.08.26-18.49.19:410][  0]LogAudio: Display: Audio Occlusion Plugin: None (built-in).
[2021.08.26-18.49.19:410][  0]LogAudioMixer: Display: Initializing audio mixer.
[2021.08.26-18.49.19:418][  0]LogAudioMixer: Display: 0: FrontLeft
[2021.08.26-18.49.19:418][  0]LogAudioMixer: Display: 1: FrontRight
[2021.08.26-18.49.19:528][  0]LogAudioMixer: Display: Using Audio Device Speakers (Realtek(R) Audio)
[2021.08.26-18.49.19:531][  0]LogAudioMixer: Display: Initializing Sound Submixes...
[2021.08.26-18.49.19:532][  0]LogAudioMixer: Display: Creating Master Submix 'MasterSubmixDefault'
[2021.08.26-18.49.19:532][  0]LogAudioMixer: Display: Creating Master Submix 'MasterReverbSubmixDefault'
[2021.08.26-18.49.19:533][  0]LogAudioMixer: Display: Creating Master Submix 'MasterEQSubmixDefault'
[2021.08.26-18.49.19:533][  0]LogAudioMixer: FMixerPlatformXAudio2::StartAudioStream() called
[2021.08.26-18.49.19:533][  0]LogAudioMixer: Display: Output buffers initialized: Frames=1024, Channels=2, Samples=2048
[2021.08.26-18.49.19:533][  0]LogAudioMixer: Display: Starting AudioMixerPlatformInterface::RunInternal()
[2021.08.26-18.49.19:533][  0]LogAudioMixer: Display: FMixerPlatformXAudio2::SubmitBuffer() called for the first time
[2021.08.26-18.49.19:533][  0]LogInit: FAudioDevice initialized.
[2021.08.26-18.49.19:534][  0]LogNetVersion: Set ProjectVersion to 1.0.0.0. Version Checksum will be recalculated on next use.
[2021.08.26-18.49.19:568][  0]LogDerivedDataCache: Saved boot cache 0.03s 80MB C:/Users/micha/AppData/Local/UnrealEngine/4.27/DerivedDataCache/Boot.ddc.
[2021.08.26-18.49.19:568][  0]LogInit: Texture streaming: Enabled
[2021.08.26-18.49.19:608][  0]LogAudio: Display: Audio Device (ID: 1) registered with world 'Untitled'.
[2021.08.26-18.49.19:608][  0]LogSlate: Updating window title bar state: overlay mode, drag disabled, window buttons hidden, title bar hidden
[2021.08.26-18.49.19:608][  0]LogInit: Display: Game Engine Initialized.
[2021.08.26-18.49.19:609][  0]LogNiagaraEditor: GEditor isn't valid! Particle reset commands will not work for Niagara components!
[2021.08.26-18.49.20:269][  0]LogInit: Display: Starting Game.
[2021.08.26-18.49.20:308][  0]LogPackageName: SearchForPackageOnDisk took   0.039s to resolve NDisplay.umap.
[2021.08.26-18.49.20:308][  0]LogNet: Browse: /Game/Maps/NDisplay?Name=Player
[2021.08.26-18.49.20:308][  0]LogDisplayClusterModule: Stopping game...
[2021.08.26-18.49.20:308][  0]LogLoad: LoadMap: /Game/Maps/NDisplay?Name=Player
[2021.08.26-18.49.20:308][  0]LogWorld: BeginTearingDown for /Temp/Untitled_0
[2021.08.26-18.49.20:309][  0]LogWorld: UWorld::CleanupWorld for Untitled, bSessionEnded=true, bCleanupResources=true
[2021.08.26-18.49.20:309][  0]LogSlate: InvalidateAllWidgets triggered.  All widgets were invalidated
[2021.08.26-18.49.20:320][  0]LogAudio: Display: Audio Device unregistered from world 'None'.
[2021.08.26-18.49.20:322][  0]LogUObjectHash: Compacting FUObjectHashTables data took   0.65ms
[2021.08.26-18.49.20:408][  0]LogAudio: Display: Audio Device (ID: 1) registered with world 'NDisplay'.
[2021.08.26-18.49.20:412][  0]LogAIModule: Creating AISystem for world NDisplay
[2021.08.26-18.49.20:412][  0]LogLoad: Game class is 'GameModeBase'
[2021.08.26-18.49.20:414][  0]LogWorld: Bringing World /Game/Maps/NDisplay.NDisplay up for play (max tick rate 0) at 2021.08.26-13.49.20
[2021.08.26-18.49.20:414][  0]LogWorld: Bringing up level for play took: 0.001426
[2021.08.26-18.49.20:415][  0]LogDisplayClusterGame: Native input sync policy: ReplicateMaster
[2021.08.26-18.49.20:415][  0]LogLoad: Took 0.106556 seconds to LoadMap(/Game/Maps/NDisplay)
[2021.08.26-18.49.20:415][  0]LogDisplayClusterModule: Starting game...
[2021.08.26-18.49.20:415][  0]LogDisplayClusterInterception: Display: New scene event
[2021.08.26-18.49.20:415][  0]LogDisplayClusterGame: Found root actor - NDC_DualMonitor_Custom_2
[2021.08.26-18.49.20:415][  0]LogDisplayClusterEngine: Display: CheckGameStartBarrier - we are no longer out of sync. Restoring Play.
[2021.08.26-18.49.20:486][  0]LogDisplayClusterProjectionSimple: Instantiating projection policy <simple> id='proj_VP_Left'
[2021.08.26-18.49.20:487][  0]LogDisplayClusterProjectionSimple: Instantiating projection policy <simple> id='proj_VP_Right'
[2021.08.26-18.49.20:487][  0]LogDisplayClusterProjectionSimple: Initializing internals for the viewport 'VP_Left'
[2021.08.26-18.49.20:487][  0]LogDisplayClusterProjectionSimple: Initializing screen geometry for viewport policy  proj_VP_Left
[2021.08.26-18.49.20:487][  0]LogDisplayClusterProjectionSimple: Initializing internals for the viewport 'VP_Right'
[2021.08.26-18.49.20:487][  0]LogDisplayClusterProjectionSimple: Initializing screen geometry for viewport policy  proj_VP_Right
[2021.08.26-18.49.20:488][  0]LogSlate: InvalidateAllWidgets triggered.  All widgets were invalidated
[2021.08.26-18.49.20:496][  0]LogRenderer: Reallocating scene render targets to support 3840x2160 Format 10 NumSamples 1 (Frame:1).
[2021.08.26-18.49.20:557][  0]LogInit: Display: Engine is initialized. Leaving FEngineLoop::Init()
[2021.08.26-18.49.20:557][  0]LogLoad: (Engine Initialization) Total time: 4.82 seconds
[2021.08.26-18.49.20:557][  0]LogLoad: (Engine Initialization) Total Blueprint compile time: 0.00 seconds
[2021.08.26-18.49.20:558][  0]LogDisplayClusterInterception: Display: Node 'Node_0' received synchronization settings event
[2021.08.26-18.49.20:564][  0]LogDisplayClusterStageMonitoringDWM: DWM Sync watchdog active
[2021.08.26-18.49.20:564][  0]LogDisplayClusterInterception: Display: Sync received! Starting interception!
[2021.08.26-18.49.20:564][  0]LogDisplayClusterInterception: Display: Starting interception of bus messages
[2021.08.26-18.49.20:564][  0]LogDisplayClusterInterception: Display: Intercepting message type: 'ConcertSession_CustomEvent' with annotation 'ConcertMessageId'
[2021.08.26-18.49.20:565][  0]LogContentStreaming: Texture pool size now 1000 MB
[2021.08.26-18.49.20:567][  1]LogEngine: Onscreen warnings/messages are now DISABLED
[2021.08.26-18.49.20:611][  3]LogDisplayClusterRenderSync: nDisplay SYNC: Refresh period:      0.016668 (custom=0)
[2021.08.26-18.49.20:611][  3]LogDisplayClusterRenderSync: nDisplay SYNC: VBlank basis:        17561161.823960
[2021.08.26-18.49.20:611][  3]LogDisplayClusterRenderSync: nDisplay SYNC: VBlank FE threshold: 0.003000
[2021.08.26-18.49.20:611][  3]LogDisplayClusterRenderSync: nDisplay SYNC: VBlank BE threshold: 0.002000
[2021.08.26-18.49.20:611][  3]LogDisplayClusterRenderSync: nDisplay SYNC: VBlank sleep mult:   1.500000
[2021.08.26-18.49.20:611][  3]LogDisplayClusterRenderSync: nDisplay SYNC: VBlank sleep:        0.004500
[2021.08.26-18.49.20:628][  3]LogDisplayClusterRenderSync: nDisplay SYNC: VBlank Sample # 0: 17561161.840723
[2021.08.26-18.49.20:645][  3]LogDisplayClusterRenderSync: nDisplay SYNC: VBlank Sample # 1: 17561161.857302
[2021.08.26-18.49.20:662][  3]LogDisplayClusterRenderSync: nDisplay SYNC: VBlank Sample # 2: 17561161.874063
[2021.08.26-18.49.20:679][  3]LogDisplayClusterRenderSync: nDisplay SYNC: VBlank Sample # 3: 17561161.890663
[2021.08.26-18.49.20:696][  3]LogDisplayClusterRenderSync: nDisplay SYNC: VBlank Sample # 4: 17561161.907351
[2021.08.26-18.49.20:712][  3]LogDisplayClusterRenderSync: nDisplay SYNC: VBlank Sample # 5: 17561161.924105
[2021.08.26-18.49.20:728][  3]LogDisplayClusterRenderSync: nDisplay SYNC: VBlank Sample # 6: 17561161.940651
[2021.08.26-18.49.20:745][  3]LogDisplayClusterRenderSync: nDisplay SYNC: VBlank Sample # 7: 17561161.957509
[2021.08.26-18.49.20:763][  3]LogDisplayClusterRenderSync: nDisplay SYNC: VBlank Sample # 8: 17561161.974013
[2021.08.26-18.49.20:779][  3]LogDisplayClusterRenderSync: nDisplay SYNC: VBlank Sample # 9: 17561161.990758
[2021.08.26-18.49.20:779][  3]LogDisplayClusterRenderSync: nDisplay SYNC: Frame time # 1: 0.016579sec == 60.318725fps
[2021.08.26-18.49.20:779][  3]LogDisplayClusterRenderSync: nDisplay SYNC: Frame time # 2: 0.016762sec == 59.660530fps
[2021.08.26-18.49.20:779][  3]LogDisplayClusterRenderSync: nDisplay SYNC: Frame time # 3: 0.016599sec == 60.243135fps
[2021.08.26-18.49.20:779][  3]LogDisplayClusterRenderSync: nDisplay SYNC: Frame time # 4: 0.016688sec == 59.922227fps
[2021.08.26-18.49.20:779][  3]LogDisplayClusterRenderSync: nDisplay SYNC: Frame time # 5: 0.016754sec == 59.686531fps
[2021.08.26-18.49.20:779][  3]LogDisplayClusterRenderSync: nDisplay SYNC: Frame time # 6: 0.016545sec == 60.439760fps
[2021.08.26-18.49.20:779][  3]LogDisplayClusterRenderSync: nDisplay SYNC: Frame time # 7: 0.016858sec == 59.320065fps
[2021.08.26-18.49.20:779][  3]LogDisplayClusterRenderSync: nDisplay SYNC: Frame time # 8: 0.016504sec == 60.590644fps
[2021.08.26-18.49.20:779][  3]LogDisplayClusterRenderSync: nDisplay SYNC: Frame time # 9: 0.016745sec == 59.719674fps
[2021.08.26-18.49.20:885][  5]LogDisplayClusterStageMonitoringDWM: Warning: '13' VBlanks were missed.
[2021.08.26-18.49.20:899][  6]LogDisplayClusterStageMonitoringDWM: Warning: '4' VBlanks were missed.
[2021.08.26-18.49.20:934][  7]LogDisplayClusterStageMonitoringDWM: Warning: '1' VBlanks were missed.
[2021.08.26-18.49.24:970][249]LogDisplayClusterModule: UE_soft application quit requested: Exit on ESC requested
