Log file open, 08/26/21 13:57:14
LogWindows: Failed to load 'aqProf.dll' (GetLastError=126)
LogWindows: File 'aqProf.dll' does not exist
LogWindows: Failed to load 'VtuneApi.dll' (GetLastError=126)
LogWindows: File 'VtuneApi.dll' does not exist
LogWindows: Failed to load 'VtuneApi32e.dll' (GetLastError=126)
LogWindows: File 'VtuneApi32e.dll' does not exist
LogConsoleResponse: Display: Failed to find resolution value strings in scalability ini. Falling back to default.
LogConsoleResponse: Display: Failed to find resolution value strings in scalability ini. Falling back to default.
LogInit: Display: Running engine for game: NDisplay
LogPlatformFile: Not using cached read wrapper
LogTaskGraph: Started task graph with 5 named threads and 59 total threads with 3 sets of task threads.
LogStats: Stats thread started at 0.245573
LogICUInternationalization: ICU TimeZone Detection - Raw Offset: -6:00, Platform Override: ''
LogInit: Display: Loading text-based GConfig....
LogPluginManager: Mounting plugin MeshPainting
LogPluginManager: Mounting plugin XGEController
LogPluginManager: Mounting plugin Paper2D
LogPluginManager: Mounting plugin AISupport
LogPluginManager: Mounting plugin EnvironmentQueryEditor
LogPluginManager: Mounting plugin LightPropagationVolume
LogPluginManager: Mounting plugin LiveLink
LogPluginManager: Mounting plugin Composure
LogPluginManager: Mounting plugin LensDistortion
LogPluginManager: Mounting plugin CameraShakePreviewer
LogPluginManager: Mounting plugin GameplayCameras
LogPluginManager: Mounting plugin OodleData
LogPluginManager: Mounting plugin OodleNetwork
LogPluginManager: Mounting plugin OpenColorIO
LogPluginManager: Mounting plugin AssetManagerEditor
LogPluginManager: Mounting plugin CryptoKeys
LogPluginManager: Mounting plugin CurveEditorTools
LogPluginManager: Mounting plugin DataValidation
LogPluginManager: Mounting plugin EditorScriptingUtilities
LogPluginManager: Mounting plugin FacialAnimation
LogPluginManager: Mounting plugin GameplayTagsEditor
LogPluginManager: Mounting plugin BlueprintMaterialTextureNodes
LogPluginManager: Mounting plugin MacGraphicsSwitching
LogPluginManager: Mounting plugin MaterialAnalyzer
LogPluginManager: Mounting plugin GeometryMode
LogPluginManager: Mounting plugin MobileLauncherProfileWizard
LogPluginManager: Mounting plugin SpeedTreeImporter
LogPluginManager: Mounting plugin DatasmithContent
LogPluginManager: Mounting plugin PluginBrowser
LogPluginManager: Mounting plugin VariantManagerContent
LogPluginManager: Mounting plugin Niagara
LogPluginManager: Mounting plugin AutomationUtils
LogPluginManager: Mounting plugin AlembicImporter
LogPluginManager: Mounting plugin ChaosClothEditor
LogPluginManager: Mounting plugin ChaosEditor
LogPluginManager: Mounting plugin ChaosCloth
LogPluginManager: Mounting plugin BackChannel
LogPluginManager: Mounting plugin CharacterAI
LogPluginManager: Mounting plugin ChaosSolverPlugin
LogPluginManager: Mounting plugin AnimationSharing
LogPluginManager: Mounting plugin GeometryCache
LogPluginManager: Mounting plugin ColorCorrectRegions
LogPluginManager: Mounting plugin GeometryCollectionPlugin
LogPluginManager: Mounting plugin ChaosNiagara
LogPluginManager: Mounting plugin CodeLiteSourceCodeAccess
LogPluginManager: Mounting plugin CLionSourceCodeAccess
LogPluginManager: Mounting plugin GitSourceControl
LogPluginManager: Mounting plugin KDevelopSourceCodeAccess
LogPluginManager: Mounting plugin NullSourceCodeAccess
LogPluginManager: Mounting plugin PerforceSourceControl
LogPluginManager: Mounting plugin PlasticSourceControl
LogPluginManager: Mounting plugin PixWinPlugin
LogPluginManager: Mounting plugin GeometryProcessing
LogPluginManager: Mounting plugin PropertyAccessNode
LogPluginManager: Mounting plugin PluginUtils
LogPluginManager: Mounting plugin SubversionSourceControl
LogPluginManager: Mounting plugin RiderSourceCodeAccess
LogPluginManager: Mounting plugin TextureFormatOodle
LogPluginManager: Mounting plugin UObjectPlugin
LogPluginManager: Mounting plugin MotoSynth
LogPluginManager: Mounting plugin VisualStudioSourceCodeAccess
LogPluginManager: Mounting plugin VisualStudioCodeSourceCodeAccess
LogPluginManager: Mounting plugin XCodeSourceCodeAccess
LogPluginManager: Mounting plugin OpenImageDenoise
LogPluginManager: Mounting plugin PlanarCut
LogPluginManager: Mounting plugin ProxyLODPlugin
LogPluginManager: Mounting plugin VirtualProductionUtilities
LogPluginManager: Mounting plugin TcpMessaging
LogPluginManager: Mounting plugin UdpMessaging
LogPluginManager: Mounting plugin AndroidMedia
LogPluginManager: Mounting plugin AvfMedia
LogPluginManager: Mounting plugin SkeletalReduction
LogPluginManager: Mounting plugin PythonScriptPlugin
LogPluginManager: Mounting plugin ImgMedia
LogPluginManager: Mounting plugin PlatformCrypto
LogPluginManager: Mounting plugin MediaCompositing
LogPluginManager: Mounting plugin MediaPlayerEditor
LogPluginManager: Mounting plugin WebMMedia
LogPluginManager: Mounting plugin WmfMedia
LogPluginManager: Mounting plugin OnlineSubsystem
LogPluginManager: Mounting plugin OnlineSubsystemNull
LogPluginManager: Mounting plugin MagicLeap
LogPluginManager: Mounting plugin OnlineSubsystemUtils
LogPluginManager: Mounting plugin LuminPlatformFeatures
LogPluginManager: Mounting plugin MediaIOFramework
LogPluginManager: Mounting plugin MagicLeapLightEstimation
LogPluginManager: Mounting plugin MLSDK
LogPluginManager: Mounting plugin ActorSequence
LogPluginManager: Mounting plugin LevelSequenceEditor
LogPluginManager: Mounting plugin MagicLeapPassableWorld
LogPluginManager: Mounting plugin MatineeToLevelSequence
LogPluginManager: Mounting plugin MagicLeapMedia
LogPluginManager: Mounting plugin LauncherChunkInstaller
LogPluginManager: Mounting plugin ActorLayerUtilities
LogPluginManager: Mounting plugin SequencerScripting
LogPluginManager: Mounting plugin TemplateSequence
LogPluginManager: Mounting plugin AndroidMoviePlayer
LogPluginManager: Mounting plugin AndroidPermission
LogPluginManager: Mounting plugin AppleImageUtils
LogPluginManager: Mounting plugin AppleMoviePlayer
LogPluginManager: Mounting plugin AssetTags
LogPluginManager: Mounting plugin AudioCapture
LogPluginManager: Mounting plugin ArchVisCharacter
LogPluginManager: Mounting plugin AudioSynesthesia
LogPluginManager: Mounting plugin CableComponent
LogPluginManager: Mounting plugin ChunkDownloader
LogPluginManager: Mounting plugin CustomMeshComponent
LogPluginManager: Mounting plugin AndroidDeviceProfileSelector
LogPluginManager: Mounting plugin EditableMesh
LogPluginManager: Mounting plugin ExampleDeviceProfileSelector
LogPluginManager: Mounting plugin ScreenshotTools
LogPluginManager: Mounting plugin GoogleCloudMessaging
LogPluginManager: Mounting plugin IOSDeviceProfileSelector
LogPluginManager: Mounting plugin LinuxDeviceProfileSelector
LogPluginManager: Mounting plugin LocationServicesBPLibrary
LogPluginManager: Mounting plugin MobilePatchingUtils
LogPluginManager: Mounting plugin nDisplay
LogPluginManager: Mounting plugin OpenXRHandTracking
LogPluginManager: Mounting plugin OpenXR
LogPluginManager: Mounting plugin OpenXREyeTracker
LogPluginManager: Mounting plugin OSC
LogPluginManager: Mounting plugin PhysXVehicles
LogPluginManager: Mounting plugin PostSplashScreen
LogPluginManager: Mounting plugin PropertyAccessEditor
LogPluginManager: Mounting plugin ProceduralMeshComponent
LogPluginManager: Mounting plugin CameraCalibrationCore
LogPluginManager: Mounting plugin SignificanceManager
LogPluginManager: Mounting plugin RuntimePhysXCooking
LogPluginManager: Mounting plugin SoundFields
LogPluginManager: Mounting plugin Synthesis
LogPluginManager: Mounting plugin TextureShare
LogPluginManager: Mounting plugin WebMMoviePlayer
LogPluginManager: Mounting plugin GooglePAD
LogPluginManager: Mounting plugin WindowsMoviePlayer
LogPluginManager: Mounting plugin MultiUserTakes
LogPluginManager: Mounting plugin RemoteControlInterception
LogPluginManager: Mounting plugin Takes
LogPluginManager: Mounting plugin Switchboard
LogPluginManager: Mounting plugin ContentBrowserClassDataSource
LogPluginManager: Mounting plugin ContentBrowserFileDataSource
LogPluginManager: Mounting plugin ContentBrowserAssetDataSource
LogPluginManager: Mounting plugin ConcertMain
LogPluginManager: Mounting plugin MultiUserClient
LogPluginManager: Mounting plugin OnlineSubsystemGooglePlay
LogPluginManager: Mounting plugin OnlineSubsystemIOS
LogPluginManager: Mounting plugin SQLiteCore
LogPluginManager: Mounting plugin ConcertSyncClient
LogPluginManager: Mounting plugin ConcertSyncCore
PixWinPlugin: PIX capture plugin failed to initialize! Check that the process is launched from PIX.
LogInit: Using libcurl 7.55.1-DEV
LogInit:  - built for x86_64-pc-win32
LogInit:  - supports SSL with OpenSSL/1.1.1
LogInit:  - supports HTTP deflate (compression) using libz 1.2.8
LogInit:  - other features:
LogInit:      CURL_VERSION_SSL
LogInit:      CURL_VERSION_LIBZ
LogInit:      CURL_VERSION_IPV6
LogInit:      CURL_VERSION_ASYNCHDNS
LogInit:      CURL_VERSION_LARGEFILE
LogInit:      CURL_VERSION_IDN
LogInit:  CurlRequestOptions (configurable via config and command line):
LogInit:  - bVerifyPeer = true  - Libcurl will verify peer certificate
LogInit:  - bUseHttpProxy = false  - Libcurl will NOT use HTTP proxy
LogInit:  - bDontReuseConnections = false  - Libcurl will reuse connections
LogInit:  - MaxHostConnections = 16  - Libcurl will limit the number of connections to a host
LogInit:  - LocalHostAddr = Default
LogInit:  - BufferSize = 65536
LogOnline: OSS: Creating online subsystem instance for: NULL
LogInit: WinSock: version 1.1 (2.2), MaxSocks=32767, MaxUdp=65467
LogOnline: OSS: TryLoadSubsystemAndSetDefault: Loaded subsystem for module [NULL]
LogTextureShare: TextureShare module has been instantiated
LogTextureShare: TextureShare module has started
LogInit: Build: ++UE4+Release-4.27-CL-17155196
LogInit: Engine Version: 4.27.0-17155196+++UE4+Release-4.27
LogInit: Compatible Engine Version: 4.27.0-17155196+++UE4+Release-4.27
LogInit: Net CL: 17155196
LogInit: OS: Windows 10 (Release 2009) (), CPU: Intel(R) Core(TM) i9-10850K CPU @ 3.60GHz, GPU: NVIDIA GeForce RTX 3080
LogInit: Compiled (64-bit): Aug 13 2021 06:13:13
LogInit: Compiled with Visual C++: 19.24.28315.00
LogInit: Build Configuration: Development
LogInit: Branch Name: ++UE4+Release-4.27
LogInit: Command Line:  Main -game -messaging -dc_cluster -nosplash -fixedseed -NoVerifyGC -noxrstereo -xrtrackingonly -RemoteControlIsHeadless -StageFriendlyName=Node_0 -MaxGPUCount=2 -dc_cfg=C:\Users\micha\AppData\Local\Temp\ndisplay\1C3019184D6094142BDEEEACC73BA479.ndisplay -dx12 -dc_dev_mono -dc_node=Node_0 Log=Node_0.log -ini:Engine:[/Script/Engine.Engine]:GameEngine=/Script/DisplayCluster.DisplayClusterGameEngine,[/Script/Engine.Engine]:GameViewportClientClassName=/Script/DisplayCluster.DisplayClusterViewportClient,[/Script/Engine.UserInterfaceSettings]:bAllowHighDPIInGameMode=True -ini:Game:[/Script/EngineSettings.GeneralProjectSettings]:bUseBorderlessWindow=True -unattended -ExecCmds=DisableAllScreenMessages -windowed -forceres WinX=0 WinY=0 ResX=7680 ResY=2160
LogInit: Base Directory: D:/Games/UE_4.27/Engine/Binaries/Win64/
LogInit: Allocator: TBB
LogInit: Installed Engine Build: 1
LogDevObjectVersion: Number of dev versions registered: 29
LogDevObjectVersion:   Dev-Blueprints (B0D832E4-1F89-4F0D-ACCF-7EB736FD4AA2): 10
LogDevObjectVersion:   Dev-Build (E1C64328-A22C-4D53-A36C-8E866417BD8C): 0
LogDevObjectVersion:   Dev-Core (375EC13C-06E4-48FB-B500-84F0262A717E): 4
LogDevObjectVersion:   Dev-Editor (E4B068ED-F494-42E9-A231-DA0B2E46BB41): 40
LogDevObjectVersion:   Dev-Framework (CFFC743F-43B0-4480-9391-14DF171D2073): 37
LogDevObjectVersion:   Dev-Mobile (B02B49B5-BB20-44E9-A304-32B752E40360): 3
LogDevObjectVersion:   Dev-Networking (A4E4105C-59A1-49B5-A7C5-40C4547EDFEE): 0
LogDevObjectVersion:   Dev-Online (39C831C9-5AE6-47DC-9A44-9C173E1C8E7C): 0
LogDevObjectVersion:   Dev-Physics (78F01B33-EBEA-4F98-B9B4-84EACCB95AA2): 14
LogDevObjectVersion:   Dev-Platform (6631380F-2D4D-43E0-8009-CF276956A95A): 0
LogDevObjectVersion:   Dev-Rendering (12F88B9F-8875-4AFC-A67C-D90C383ABD29): 45
LogDevObjectVersion:   Dev-Sequencer (7B5AE74C-D270-4C10-A958-57980B212A5A): 13
LogDevObjectVersion:   Dev-VR (D7296918-1DD6-4BDD-9DE2-64A83CC13884): 3
LogDevObjectVersion:   Dev-LoadTimes (C2A15278-BFE7-4AFE-6C17-90FF531DF755): 1
LogDevObjectVersion:   Private-Geometry (6EACA3D4-40EC-4CC1-B786-8BED09428FC5): 3
LogDevObjectVersion:   Dev-AnimPhys (29E575DD-E0A3-4627-9D10-D276232CDCEA): 17
LogDevObjectVersion:   Dev-Anim (AF43A65D-7FD3-4947-9873-3E8ED9C1BB05): 15
LogDevObjectVersion:   Dev-ReflectionCapture (6B266CEC-1EC7-4B8F-A30B-E4D90942FC07): 1
LogDevObjectVersion:   Dev-Automation (0DF73D61-A23F-47EA-B727-89E90C41499A): 1
LogDevObjectVersion:   FortniteMain (601D1886-AC64-4F84-AA16-D3DE0DEAC7D6): 47
LogDevObjectVersion:   FortniteRelease (E7086368-6B23-4C58-8439-1B7016265E91): 1
LogDevObjectVersion:   Dev-Enterprise (9DFFBCD6-494F-0158-E221-12823C92A888): 10
LogDevObjectVersion:   Dev-Niagara (F2AED0AC-9AFE-416F-8664-AA7FFA26D6FC): 1
LogDevObjectVersion:   Dev-Destruction (174F1F0B-B4C6-45A5-B13F-2EE8D0FB917D): 10
LogDevObjectVersion:   Dev-Physics-Ext (35F94A83-E258-406C-A318-09F59610247C): 41
LogDevObjectVersion:   Dev-PhysicsMaterial-Chaos (B68FC16E-8B1B-42E2-B453-215C058844FE): 1
LogDevObjectVersion:   Dev-CineCamera (B2E18506-4273-CFC2-A54E-F4BB758BBA07): 1
LogDevObjectVersion:   Dev-VirtualProduction (64F58936-FD1B-42BA-BA96-7289D5D0FA4E): 1
LogDevObjectVersion:   Dev-MediaFramework (6F0ED827-A609-4895-9C91-998D90180EA4): 2
LogInit: Presizing for max 25165824 objects, including 0 objects not considered by GC, pre-allocating 0 bytes for permanent pool.
LogConfig: Applying CVar settings from Section [/Script/Engine.StreamingSettings] File [D:/Documents/Github/Packaging_Workshop/NDisplay/Saved/Config/Windows/Engine.ini]
LogConfig: Setting CVar [[s.MinBulkDataSizeForAsyncLoading:131072]]
LogConfig: Setting CVar [[s.AsyncLoadingThreadEnabled:0]]
LogConfig: Setting CVar [[s.EventDrivenLoaderEnabled:1]]
LogConfig: Setting CVar [[s.WarnIfTimeLimitExceeded:0]]
LogConfig: Setting CVar [[s.TimeLimitExceededMultiplier:1.5]]
LogConfig: Setting CVar [[s.TimeLimitExceededMinTime:0.005]]
LogConfig: Setting CVar [[s.UseBackgroundLevelStreaming:1]]
LogConfig: Setting CVar [[s.PriorityAsyncLoadingExtraTime:15.0]]
LogConfig: Setting CVar [[s.LevelStreamingActorsUpdateTimeLimit:5.0]]
LogConfig: Setting CVar [[s.PriorityLevelStreamingActorsUpdateExtraTime:5.0]]
LogConfig: Setting CVar [[s.LevelStreamingComponentsRegistrationGranularity:10]]
LogConfig: Setting CVar [[s.UnregisterComponentsTimeLimit:1.0]]
LogConfig: Setting CVar [[s.LevelStreamingComponentsUnregistrationGranularity:5]]
LogConfig: Setting CVar [[s.FlushStreamingOnExit:1]]
LogInit: Object subsystem initialized
LogConfig: Setting CVar [[con.DebugEarlyDefault:1]]
LogConfig: Setting CVar [[r.setres:1280x720]]
[2021.08.26-18.57.15:214][  0]LogConfig: Setting CVar [[con.DebugEarlyDefault:1]]
[2021.08.26-18.57.15:214][  0]LogConfig: Setting CVar [[r.setres:1280x720]]
[2021.08.26-18.57.15:214][  0]LogConfig: Applying CVar settings from Section [/Script/Engine.RendererSettings] File [D:/Documents/Github/Packaging_Workshop/NDisplay/Saved/Config/Windows/Engine.ini]
[2021.08.26-18.57.15:214][  0]LogConfig: Setting CVar [[r.GPUCrashDebugging:0]]
[2021.08.26-18.57.15:214][  0]LogConfig: Setting CVar [[r.DefaultFeature.Bloom:0]]
[2021.08.26-18.57.15:214][  0]LogConfig: Setting CVar [[r.DefaultFeature.AutoExposure:0]]
[2021.08.26-18.57.15:214][  0]LogConfig: Setting CVar [[r.DefaultFeature.MotionBlur:0]]
[2021.08.26-18.57.15:214][  0]LogConfig: Setting CVar [[r.SceneRenderTargetResizeMethod:2]]
[2021.08.26-18.57.15:214][  0]LogConfig: Setting CVar [[vr.AllowMotionBlurInVR:1]]
[2021.08.26-18.57.15:214][  0]LogConfig: Applying CVar settings from Section [/Script/Engine.RendererOverrideSettings] File [D:/Documents/Github/Packaging_Workshop/NDisplay/Saved/Config/Windows/Engine.ini]
[2021.08.26-18.57.15:214][  0]LogConfig: Applying CVar settings from Section [/Script/Engine.StreamingSettings] File [D:/Documents/Github/Packaging_Workshop/NDisplay/Saved/Config/Windows/Engine.ini]
[2021.08.26-18.57.15:214][  0]LogConfig: Setting CVar [[s.MinBulkDataSizeForAsyncLoading:131072]]
[2021.08.26-18.57.15:214][  0]LogConfig: Setting CVar [[s.AsyncLoadingThreadEnabled:0]]
[2021.08.26-18.57.15:214][  0]LogConfig: Setting CVar [[s.EventDrivenLoaderEnabled:1]]
[2021.08.26-18.57.15:214][  0]LogConfig: Setting CVar [[s.WarnIfTimeLimitExceeded:0]]
[2021.08.26-18.57.15:214][  0]LogConfig: Setting CVar [[s.TimeLimitExceededMultiplier:1.5]]
[2021.08.26-18.57.15:214][  0]LogConfig: Setting CVar [[s.TimeLimitExceededMinTime:0.005]]
[2021.08.26-18.57.15:214][  0]LogConfig: Setting CVar [[s.UseBackgroundLevelStreaming:1]]
[2021.08.26-18.57.15:214][  0]LogConfig: Setting CVar [[s.PriorityAsyncLoadingExtraTime:15.0]]
[2021.08.26-18.57.15:214][  0]LogConfig: Setting CVar [[s.LevelStreamingActorsUpdateTimeLimit:5.0]]
[2021.08.26-18.57.15:214][  0]LogConfig: Setting CVar [[s.PriorityLevelStreamingActorsUpdateExtraTime:5.0]]
[2021.08.26-18.57.15:214][  0]LogConfig: Setting CVar [[s.LevelStreamingComponentsRegistrationGranularity:10]]
[2021.08.26-18.57.15:214][  0]LogConfig: Setting CVar [[s.UnregisterComponentsTimeLimit:1.0]]
[2021.08.26-18.57.15:214][  0]LogConfig: Setting CVar [[s.LevelStreamingComponentsUnregistrationGranularity:5]]
[2021.08.26-18.57.15:214][  0]LogConfig: Setting CVar [[s.FlushStreamingOnExit:1]]
[2021.08.26-18.57.15:214][  0]LogConfig: Applying CVar settings from Section [/Script/Engine.GarbageCollectionSettings] File [D:/Documents/Github/Packaging_Workshop/NDisplay/Saved/Config/Windows/Engine.ini]
[2021.08.26-18.57.15:214][  0]LogConfig: Setting CVar [[gc.MaxObjectsNotConsideredByGC:1]]
[2021.08.26-18.57.15:214][  0]LogConfig: Setting CVar [[gc.SizeOfPermanentObjectPool:0]]
[2021.08.26-18.57.15:214][  0]LogConfig: Setting CVar [[gc.FlushStreamingOnGC:0]]
[2021.08.26-18.57.15:214][  0]LogConfig: Setting CVar [[gc.NumRetriesBeforeForcingGC:10]]
[2021.08.26-18.57.15:214][  0]LogConfig: Setting CVar [[gc.AllowParallelGC:1]]
[2021.08.26-18.57.15:214][  0]LogConfig: Setting CVar [[gc.TimeBetweenPurgingPendingKillObjects:61.1]]
[2021.08.26-18.57.15:214][  0]LogConfig: Setting CVar [[gc.MaxObjectsInEditor:25165824]]
[2021.08.26-18.57.15:214][  0]LogConfig: Setting CVar [[gc.IncrementalBeginDestroyEnabled:1]]
[2021.08.26-18.57.15:214][  0]LogConfig: Setting CVar [[gc.CreateGCClusters:1]]
[2021.08.26-18.57.15:214][  0]LogConfig: Setting CVar [[gc.MinGCClusterSize:5]]
[2021.08.26-18.57.15:214][  0]LogConfig: Setting CVar [[gc.ActorClusteringEnabled:0]]
[2021.08.26-18.57.15:214][  0]LogConfig: Setting CVar [[gc.BlueprintClusteringEnabled:0]]
[2021.08.26-18.57.15:214][  0]LogConfig: Setting CVar [[gc.UseDisregardForGCOnDedicatedServers:0]]
[2021.08.26-18.57.15:214][  0]LogConfig: Setting CVar [[gc.MultithreadedDestructionEnabled:1]]
[2021.08.26-18.57.15:214][  0]LogConfig: Applying CVar settings from Section [/Script/Engine.NetworkSettings] File [D:/Documents/Github/Packaging_Workshop/NDisplay/Saved/Config/Windows/Engine.ini]
[2021.08.26-18.57.15:214][  0]LogConfig: Applying CVar settings from Section [/Script/UnrealEd.CookerSettings] File [D:/Documents/Github/Packaging_Workshop/NDisplay/Saved/Config/Windows/Engine.ini]
[2021.08.26-18.57.15:228][  0]LogConfig: Applying CVar settings from Section [ViewDistanceQuality@3] File [D:/Documents/Github/Packaging_Workshop/NDisplay/Saved/Config/Windows/Scalability.ini]
[2021.08.26-18.57.15:228][  0]LogConfig: Setting CVar [[r.SkeletalMeshLODBias:0]]
[2021.08.26-18.57.15:228][  0]LogConfig: Setting CVar [[r.ViewDistanceScale:1.0]]
[2021.08.26-18.57.15:228][  0]LogConfig: Applying CVar settings from Section [AntiAliasingQuality@3] File [D:/Documents/Github/Packaging_Workshop/NDisplay/Saved/Config/Windows/Scalability.ini]
[2021.08.26-18.57.15:228][  0]LogConfig: Setting CVar [[r.PostProcessAAQuality:4]]
[2021.08.26-18.57.15:228][  0]LogConfig: Applying CVar settings from Section [ShadowQuality@3] File [D:/Documents/Github/Packaging_Workshop/NDisplay/Saved/Config/Windows/Scalability.ini]
[2021.08.26-18.57.15:228][  0]LogConfig: Setting CVar [[r.LightFunctionQuality:1]]
[2021.08.26-18.57.15:228][  0]LogConfig: Setting CVar [[r.ShadowQuality:5]]
[2021.08.26-18.57.15:228][  0]LogConfig: Setting CVar [[r.Shadow.CSM.MaxCascades:10]]
[2021.08.26-18.57.15:228][  0]LogConfig: Setting CVar [[r.Shadow.MaxResolution:2048]]
[2021.08.26-18.57.15:228][  0]LogConfig: Setting CVar [[r.Shadow.MaxCSMResolution:2048]]
[2021.08.26-18.57.15:228][  0]LogConfig: Setting CVar [[r.Shadow.RadiusThreshold:0.01]]
[2021.08.26-18.57.15:228][  0]LogConfig: Setting CVar [[r.Shadow.DistanceScale:1.0]]
[2021.08.26-18.57.15:228][  0]LogConfig: Setting CVar [[r.Shadow.CSM.TransitionScale:1.0]]
[2021.08.26-18.57.15:228][  0]LogConfig: Setting CVar [[r.Shadow.PreShadowResolutionFactor:1.0]]
[2021.08.26-18.57.15:228][  0]LogConfig: Setting CVar [[r.DistanceFieldShadowing:1]]
[2021.08.26-18.57.15:228][  0]LogConfig: Setting CVar [[r.DistanceFieldAO:1]]
[2021.08.26-18.57.15:228][  0]LogConfig: Setting CVar [[r.AOQuality:2]]
[2021.08.26-18.57.15:228][  0]LogConfig: Setting CVar [[r.VolumetricFog:1]]
[2021.08.26-18.57.15:228][  0]LogConfig: Setting CVar [[r.VolumetricFog.GridPixelSize:8]]
[2021.08.26-18.57.15:228][  0]LogConfig: Setting CVar [[r.VolumetricFog.GridSizeZ:128]]
[2021.08.26-18.57.15:228][  0]LogConfig: Setting CVar [[r.VolumetricFog.HistoryMissSupersampleCount:4]]
[2021.08.26-18.57.15:228][  0]LogConfig: Setting CVar [[r.LightMaxDrawDistanceScale:1]]
[2021.08.26-18.57.15:228][  0]LogConfig: Setting CVar [[r.CapsuleShadows:1]]
[2021.08.26-18.57.15:228][  0]LogConfig: Applying CVar settings from Section [PostProcessQuality@3] File [D:/Documents/Github/Packaging_Workshop/NDisplay/Saved/Config/Windows/Scalability.ini]
[2021.08.26-18.57.15:228][  0]LogConfig: Setting CVar [[r.MotionBlurQuality:4]]
[2021.08.26-18.57.15:228][  0]LogConfig: Setting CVar [[r.AmbientOcclusionMipLevelFactor:0.4]]
[2021.08.26-18.57.15:228][  0]LogConfig: Setting CVar [[r.AmbientOcclusionMaxQuality:100]]
[2021.08.26-18.57.15:228][  0]LogConfig: Setting CVar [[r.AmbientOcclusionLevels:-1]]
[2021.08.26-18.57.15:228][  0]LogConfig: Setting CVar [[r.AmbientOcclusionRadiusScale:1.0]]
[2021.08.26-18.57.15:228][  0]LogConfig: Setting CVar [[r.DepthOfFieldQuality:2]]
[2021.08.26-18.57.15:228][  0]LogConfig: Setting CVar [[r.RenderTargetPoolMin:400]]
[2021.08.26-18.57.15:228][  0]LogConfig: Setting CVar [[r.LensFlareQuality:2]]
[2021.08.26-18.57.15:228][  0]LogConfig: Setting CVar [[r.SceneColorFringeQuality:1]]
[2021.08.26-18.57.15:228][  0]LogConfig: Setting CVar [[r.EyeAdaptationQuality:2]]
[2021.08.26-18.57.15:229][  0]LogConfig: Setting CVar [[r.BloomQuality:5]]
[2021.08.26-18.57.15:229][  0]LogConfig: Setting CVar [[r.FastBlurThreshold:100]]
[2021.08.26-18.57.15:229][  0]LogConfig: Setting CVar [[r.Upscale.Quality:3]]
[2021.08.26-18.57.15:229][  0]LogConfig: Setting CVar [[r.Tonemapper.GrainQuantization:1]]
[2021.08.26-18.57.15:229][  0]LogConfig: Setting CVar [[r.LightShaftQuality:1]]
[2021.08.26-18.57.15:229][  0]LogConfig: Setting CVar [[r.Filter.SizeScale:1]]
[2021.08.26-18.57.15:229][  0]LogConfig: Setting CVar [[r.Tonemapper.Quality:5]]
[2021.08.26-18.57.15:229][  0]LogConfig: Setting CVar [[r.DOF.Gather.AccumulatorQuality:1        ; higher gathering accumulator quality]]
[2021.08.26-18.57.15:229][  0]LogConfig: Setting CVar [[r.DOF.Gather.PostfilterMethod:1          ; Median3x3 postfilering method]]
[2021.08.26-18.57.15:229][  0]LogConfig: Setting CVar [[r.DOF.Gather.EnableBokehSettings:0       ; no bokeh simulation when gathering]]
[2021.08.26-18.57.15:229][  0]LogConfig: Setting CVar [[r.DOF.Gather.RingCount:4                 ; medium number of samples when gathering]]
[2021.08.26-18.57.15:229][  0]LogConfig: Setting CVar [[r.DOF.Scatter.ForegroundCompositing:1    ; additive foreground scattering]]
[2021.08.26-18.57.15:229][  0]LogConfig: Setting CVar [[r.DOF.Scatter.BackgroundCompositing:2    ; additive background scattering]]
[2021.08.26-18.57.15:229][  0]LogConfig: Setting CVar [[r.DOF.Scatter.EnableBokehSettings:1      ; bokeh simulation when scattering]]
[2021.08.26-18.57.15:229][  0]LogConfig: Setting CVar [[r.DOF.Scatter.MaxSpriteRatio:0.1         ; only a maximum of 10% of scattered bokeh]]
[2021.08.26-18.57.15:229][  0]LogConfig: Setting CVar [[r.DOF.Recombine.Quality:1                ; cheap slight out of focus]]
[2021.08.26-18.57.15:229][  0]LogConfig: Setting CVar [[r.DOF.Recombine.EnableBokehSettings:0    ; no bokeh simulation on slight out of focus]]
[2021.08.26-18.57.15:229][  0]LogConfig: Setting CVar [[r.DOF.TemporalAAQuality:1                ; more stable temporal accumulation]]
[2021.08.26-18.57.15:229][  0]LogConfig: Setting CVar [[r.DOF.Kernel.MaxForegroundRadius:0.025]]
[2021.08.26-18.57.15:229][  0]LogConfig: Setting CVar [[r.DOF.Kernel.MaxBackgroundRadius:0.025]]
[2021.08.26-18.57.15:229][  0]LogConfig: Applying CVar settings from Section [TextureQuality@3] File [D:/Documents/Github/Packaging_Workshop/NDisplay/Saved/Config/Windows/Scalability.ini]
[2021.08.26-18.57.15:229][  0]LogConfig: Setting CVar [[r.Streaming.MipBias:0]]
[2021.08.26-18.57.15:229][  0]LogConfig: Setting CVar [[r.Streaming.AmortizeCPUToGPUCopy:0]]
[2021.08.26-18.57.15:229][  0]LogConfig: Setting CVar [[r.Streaming.MaxNumTexturesToStreamPerFrame:0]]
[2021.08.26-18.57.15:229][  0]LogConfig: Setting CVar [[r.Streaming.Boost:1]]
[2021.08.26-18.57.15:229][  0]LogConfig: Setting CVar [[r.MaxAnisotropy:8]]
[2021.08.26-18.57.15:229][  0]LogConfig: Setting CVar [[r.VT.MaxAnisotropy:8]]
[2021.08.26-18.57.15:229][  0]LogConfig: Setting CVar [[r.Streaming.LimitPoolSizeToVRAM:0]]
[2021.08.26-18.57.15:229][  0]LogConfig: Setting CVar [[r.Streaming.PoolSize:1000]]
[2021.08.26-18.57.15:229][  0]LogConfig: Setting CVar [[r.Streaming.MaxEffectiveScreenSize:0]]
[2021.08.26-18.57.15:229][  0]LogConfig: Applying CVar settings from Section [EffectsQuality@3] File [D:/Documents/Github/Packaging_Workshop/NDisplay/Saved/Config/Windows/Scalability.ini]
[2021.08.26-18.57.15:229][  0]LogConfig: Setting CVar [[r.TranslucencyLightingVolumeDim:64]]
[2021.08.26-18.57.15:229][  0]LogConfig: Setting CVar [[r.RefractionQuality:2]]
[2021.08.26-18.57.15:229][  0]LogConfig: Setting CVar [[r.SSR.Quality:3]]
[2021.08.26-18.57.15:229][  0]LogConfig: Setting CVar [[r.SSR.HalfResSceneColor:0]]
[2021.08.26-18.57.15:229][  0]LogConfig: Setting CVar [[r.SceneColorFormat:4]]
[2021.08.26-18.57.15:229][  0]LogConfig: Setting CVar [[r.DetailMode:2]]
[2021.08.26-18.57.15:229][  0]LogConfig: Setting CVar [[r.TranslucencyVolumeBlur:1]]
[2021.08.26-18.57.15:229][  0]LogConfig: Setting CVar [[r.MaterialQualityLevel:1 ; High quality]]
[2021.08.26-18.57.15:229][  0]LogConfig: Setting CVar [[r.AnisotropicMaterials:1]]
[2021.08.26-18.57.15:229][  0]LogConfig: Setting CVar [[r.SSS.Scale:1]]
[2021.08.26-18.57.15:229][  0]LogConfig: Setting CVar [[r.SSS.SampleSet:2]]
[2021.08.26-18.57.15:229][  0]LogConfig: Setting CVar [[r.SSS.Quality:1]]
[2021.08.26-18.57.15:229][  0]LogConfig: Setting CVar [[r.SSS.HalfRes:0]]
[2021.08.26-18.57.15:229][  0]LogConfig: Setting CVar [[r.SSGI.Quality:3]]
[2021.08.26-18.57.15:229][  0]LogConfig: Setting CVar [[r.EmitterSpawnRateScale:1.0]]
[2021.08.26-18.57.15:229][  0]LogConfig: Setting CVar [[r.ParticleLightQuality:2]]
[2021.08.26-18.57.15:229][  0]LogConfig: Setting CVar [[r.SkyAtmosphere.AerialPerspectiveLUT.FastApplyOnOpaque:1 ; Always have FastSkyLUT 1 in this case to avoid wrong sky]]
[2021.08.26-18.57.15:229][  0]LogConfig: Setting CVar [[r.SkyAtmosphere.AerialPerspectiveLUT.SampleCountMaxPerSlice:4]]
[2021.08.26-18.57.15:229][  0]LogConfig: Setting CVar [[r.SkyAtmosphere.AerialPerspectiveLUT.DepthResolution:16.0]]
[2021.08.26-18.57.15:229][  0]LogConfig: Setting CVar [[r.SkyAtmosphere.FastSkyLUT:1]]
[2021.08.26-18.57.15:229][  0]LogConfig: Setting CVar [[r.SkyAtmosphere.FastSkyLUT.SampleCountMin:4.0]]
[2021.08.26-18.57.15:229][  0]LogConfig: Setting CVar [[r.SkyAtmosphere.FastSkyLUT.SampleCountMax:128.0]]
[2021.08.26-18.57.15:229][  0]LogConfig: Setting CVar [[r.SkyAtmosphere.SampleCountMin:4.0]]
[2021.08.26-18.57.15:229][  0]LogConfig: Setting CVar [[r.SkyAtmosphere.SampleCountMax:128.0]]
[2021.08.26-18.57.15:229][  0]LogConfig: Setting CVar [[r.SkyAtmosphere.TransmittanceLUT.UseSmallFormat:0]]
[2021.08.26-18.57.15:229][  0]LogConfig: Setting CVar [[r.SkyAtmosphere.TransmittanceLUT.SampleCount:10.0]]
[2021.08.26-18.57.15:229][  0]LogConfig: Setting CVar [[r.SkyAtmosphere.MultiScatteringLUT.SampleCount:15.0]]
[2021.08.26-18.57.15:229][  0]LogConfig: Setting CVar [[r.SkyLight.RealTimeReflectionCapture:1]]
[2021.08.26-18.57.15:229][  0]LogConfig: Applying CVar settings from Section [FoliageQuality@3] File [D:/Documents/Github/Packaging_Workshop/NDisplay/Saved/Config/Windows/Scalability.ini]
[2021.08.26-18.57.15:229][  0]LogConfig: Setting CVar [[foliage.DensityScale:1.0]]
[2021.08.26-18.57.15:229][  0]LogConfig: Setting CVar [[grass.DensityScale:1.0]]
[2021.08.26-18.57.15:229][  0]LogConfig: Applying CVar settings from Section [ShadingQuality@3] File [D:/Documents/Github/Packaging_Workshop/NDisplay/Saved/Config/Windows/Scalability.ini]
[2021.08.26-18.57.15:229][  0]LogConfig: Setting CVar [[r.HairStrands.SkyLighting.IntegrationType:2]]
[2021.08.26-18.57.15:229][  0]LogConfig: Setting CVar [[r.HairStrands.SkyAO.SampleCount:4]]
[2021.08.26-18.57.15:229][  0]LogConfig: Setting CVar [[r.HairStrands.Visibility.MSAA.SamplePerPixel:4]]
[2021.08.26-18.57.15:229][  0]LogInit: Selected Device Profile: [Windows]
[2021.08.26-18.57.15:229][  0]LogInit: Applying CVar settings loaded from the selected device profile: [Windows]
[2021.08.26-18.57.15:229][  0]LogHAL: Display: Platform has ~ 32 GB [34217267200 / 34359738368 / 32], which maps to Largest [LargestMinGB=32, LargerMinGB=12, DefaultMinGB=8, SmallerMinGB=6, SmallestMinGB=0)
[2021.08.26-18.57.15:229][  0]LogInit: Going up to parent DeviceProfile []
[2021.08.26-18.57.15:229][  0]LogConfig: Applying CVar settings from Section [ViewDistanceQuality@3] File [D:/Documents/Github/Packaging_Workshop/NDisplay/Saved/Config/Windows/Scalability.ini]
[2021.08.26-18.57.15:229][  0]LogConfig: Setting CVar [[r.SkeletalMeshLODBias:0]]
[2021.08.26-18.57.15:229][  0]LogConfig: Setting CVar [[r.ViewDistanceScale:1.0]]
[2021.08.26-18.57.15:229][  0]LogConfig: Applying CVar settings from Section [AntiAliasingQuality@3] File [D:/Documents/Github/Packaging_Workshop/NDisplay/Saved/Config/Windows/Scalability.ini]
[2021.08.26-18.57.15:229][  0]LogConfig: Setting CVar [[r.PostProcessAAQuality:4]]
[2021.08.26-18.57.15:229][  0]LogConfig: Applying CVar settings from Section [ShadowQuality@3] File [D:/Documents/Github/Packaging_Workshop/NDisplay/Saved/Config/Windows/Scalability.ini]
[2021.08.26-18.57.15:229][  0]LogConfig: Setting CVar [[r.LightFunctionQuality:1]]
[2021.08.26-18.57.15:229][  0]LogConfig: Setting CVar [[r.ShadowQuality:5]]
[2021.08.26-18.57.15:229][  0]LogConfig: Setting CVar [[r.Shadow.CSM.MaxCascades:10]]
[2021.08.26-18.57.15:229][  0]LogConfig: Setting CVar [[r.Shadow.MaxResolution:2048]]
[2021.08.26-18.57.15:229][  0]LogConfig: Setting CVar [[r.Shadow.MaxCSMResolution:2048]]
[2021.08.26-18.57.15:229][  0]LogConfig: Setting CVar [[r.Shadow.RadiusThreshold:0.01]]
[2021.08.26-18.57.15:229][  0]LogConfig: Setting CVar [[r.Shadow.DistanceScale:1.0]]
[2021.08.26-18.57.15:229][  0]LogConfig: Setting CVar [[r.Shadow.CSM.TransitionScale:1.0]]
[2021.08.26-18.57.15:229][  0]LogConfig: Setting CVar [[r.Shadow.PreShadowResolutionFactor:1.0]]
[2021.08.26-18.57.15:229][  0]LogConfig: Setting CVar [[r.DistanceFieldShadowing:1]]
[2021.08.26-18.57.15:229][  0]LogConfig: Setting CVar [[r.DistanceFieldAO:1]]
[2021.08.26-18.57.15:229][  0]LogConfig: Setting CVar [[r.AOQuality:2]]
[2021.08.26-18.57.15:229][  0]LogConfig: Setting CVar [[r.VolumetricFog:1]]
[2021.08.26-18.57.15:229][  0]LogConfig: Setting CVar [[r.VolumetricFog.GridPixelSize:8]]
[2021.08.26-18.57.15:229][  0]LogConfig: Setting CVar [[r.VolumetricFog.GridSizeZ:128]]
[2021.08.26-18.57.15:229][  0]LogConfig: Setting CVar [[r.VolumetricFog.HistoryMissSupersampleCount:4]]
[2021.08.26-18.57.15:229][  0]LogConfig: Setting CVar [[r.LightMaxDrawDistanceScale:1]]
[2021.08.26-18.57.15:229][  0]LogConfig: Setting CVar [[r.CapsuleShadows:1]]
[2021.08.26-18.57.15:229][  0]LogConfig: Applying CVar settings from Section [PostProcessQuality@3] File [D:/Documents/Github/Packaging_Workshop/NDisplay/Saved/Config/Windows/Scalability.ini]
[2021.08.26-18.57.15:229][  0]LogConfig: Setting CVar [[r.MotionBlurQuality:4]]
[2021.08.26-18.57.15:229][  0]LogConfig: Setting CVar [[r.AmbientOcclusionMipLevelFactor:0.4]]
[2021.08.26-18.57.15:229][  0]LogConfig: Setting CVar [[r.AmbientOcclusionMaxQuality:100]]
[2021.08.26-18.57.15:229][  0]LogConfig: Setting CVar [[r.AmbientOcclusionLevels:-1]]
[2021.08.26-18.57.15:229][  0]LogConfig: Setting CVar [[r.AmbientOcclusionRadiusScale:1.0]]
[2021.08.26-18.57.15:229][  0]LogConfig: Setting CVar [[r.DepthOfFieldQuality:2]]
[2021.08.26-18.57.15:229][  0]LogConfig: Setting CVar [[r.RenderTargetPoolMin:400]]
[2021.08.26-18.57.15:229][  0]LogConfig: Setting CVar [[r.LensFlareQuality:2]]
[2021.08.26-18.57.15:229][  0]LogConfig: Setting CVar [[r.SceneColorFringeQuality:1]]
[2021.08.26-18.57.15:229][  0]LogConfig: Setting CVar [[r.EyeAdaptationQuality:2]]
[2021.08.26-18.57.15:229][  0]LogConfig: Setting CVar [[r.BloomQuality:5]]
[2021.08.26-18.57.15:229][  0]LogConfig: Setting CVar [[r.FastBlurThreshold:100]]
[2021.08.26-18.57.15:229][  0]LogConfig: Setting CVar [[r.Upscale.Quality:3]]
[2021.08.26-18.57.15:229][  0]LogConfig: Setting CVar [[r.Tonemapper.GrainQuantization:1]]
[2021.08.26-18.57.15:229][  0]LogConfig: Setting CVar [[r.LightShaftQuality:1]]
[2021.08.26-18.57.15:229][  0]LogConfig: Setting CVar [[r.Filter.SizeScale:1]]
[2021.08.26-18.57.15:229][  0]LogConfig: Setting CVar [[r.Tonemapper.Quality:5]]
[2021.08.26-18.57.15:230][  0]LogConfig: Setting CVar [[r.DOF.Gather.AccumulatorQuality:1        ; higher gathering accumulator quality]]
[2021.08.26-18.57.15:230][  0]LogConfig: Setting CVar [[r.DOF.Gather.PostfilterMethod:1          ; Median3x3 postfilering method]]
[2021.08.26-18.57.15:230][  0]LogConfig: Setting CVar [[r.DOF.Gather.EnableBokehSettings:0       ; no bokeh simulation when gathering]]
[2021.08.26-18.57.15:230][  0]LogConfig: Setting CVar [[r.DOF.Gather.RingCount:4                 ; medium number of samples when gathering]]
[2021.08.26-18.57.15:230][  0]LogConfig: Setting CVar [[r.DOF.Scatter.ForegroundCompositing:1    ; additive foreground scattering]]
[2021.08.26-18.57.15:230][  0]LogConfig: Setting CVar [[r.DOF.Scatter.BackgroundCompositing:2    ; additive background scattering]]
[2021.08.26-18.57.15:230][  0]LogConfig: Setting CVar [[r.DOF.Scatter.EnableBokehSettings:1      ; bokeh simulation when scattering]]
[2021.08.26-18.57.15:230][  0]LogConfig: Setting CVar [[r.DOF.Scatter.MaxSpriteRatio:0.1         ; only a maximum of 10% of scattered bokeh]]
[2021.08.26-18.57.15:230][  0]LogConfig: Setting CVar [[r.DOF.Recombine.Quality:1                ; cheap slight out of focus]]
[2021.08.26-18.57.15:230][  0]LogConfig: Setting CVar [[r.DOF.Recombine.EnableBokehSettings:0    ; no bokeh simulation on slight out of focus]]
[2021.08.26-18.57.15:230][  0]LogConfig: Setting CVar [[r.DOF.TemporalAAQuality:1                ; more stable temporal accumulation]]
[2021.08.26-18.57.15:230][  0]LogConfig: Setting CVar [[r.DOF.Kernel.MaxForegroundRadius:0.025]]
[2021.08.26-18.57.15:230][  0]LogConfig: Setting CVar [[r.DOF.Kernel.MaxBackgroundRadius:0.025]]
[2021.08.26-18.57.15:230][  0]LogConfig: Applying CVar settings from Section [TextureQuality@3] File [D:/Documents/Github/Packaging_Workshop/NDisplay/Saved/Config/Windows/Scalability.ini]
[2021.08.26-18.57.15:230][  0]LogConfig: Setting CVar [[r.Streaming.MipBias:0]]
[2021.08.26-18.57.15:230][  0]LogConfig: Setting CVar [[r.Streaming.AmortizeCPUToGPUCopy:0]]
[2021.08.26-18.57.15:230][  0]LogConfig: Setting CVar [[r.Streaming.MaxNumTexturesToStreamPerFrame:0]]
[2021.08.26-18.57.15:230][  0]LogConfig: Setting CVar [[r.Streaming.Boost:1]]
[2021.08.26-18.57.15:230][  0]LogConfig: Setting CVar [[r.MaxAnisotropy:8]]
[2021.08.26-18.57.15:230][  0]LogConfig: Setting CVar [[r.VT.MaxAnisotropy:8]]
[2021.08.26-18.57.15:230][  0]LogConfig: Setting CVar [[r.Streaming.LimitPoolSizeToVRAM:0]]
[2021.08.26-18.57.15:230][  0]LogConfig: Setting CVar [[r.Streaming.PoolSize:1000]]
[2021.08.26-18.57.15:230][  0]LogConfig: Setting CVar [[r.Streaming.MaxEffectiveScreenSize:0]]
[2021.08.26-18.57.15:230][  0]LogConfig: Applying CVar settings from Section [EffectsQuality@3] File [D:/Documents/Github/Packaging_Workshop/NDisplay/Saved/Config/Windows/Scalability.ini]
[2021.08.26-18.57.15:230][  0]LogConfig: Setting CVar [[r.TranslucencyLightingVolumeDim:64]]
[2021.08.26-18.57.15:230][  0]LogConfig: Setting CVar [[r.RefractionQuality:2]]
[2021.08.26-18.57.15:230][  0]LogConfig: Setting CVar [[r.SSR.Quality:3]]
[2021.08.26-18.57.15:230][  0]LogConfig: Setting CVar [[r.SSR.HalfResSceneColor:0]]
[2021.08.26-18.57.15:230][  0]LogConfig: Setting CVar [[r.SceneColorFormat:4]]
[2021.08.26-18.57.15:230][  0]LogConfig: Setting CVar [[r.DetailMode:2]]
[2021.08.26-18.57.15:230][  0]LogConfig: Setting CVar [[r.TranslucencyVolumeBlur:1]]
[2021.08.26-18.57.15:230][  0]LogConfig: Setting CVar [[r.MaterialQualityLevel:1 ; High quality]]
[2021.08.26-18.57.15:230][  0]LogConfig: Setting CVar [[r.AnisotropicMaterials:1]]
[2021.08.26-18.57.15:230][  0]LogConfig: Setting CVar [[r.SSS.Scale:1]]
[2021.08.26-18.57.15:230][  0]LogConfig: Setting CVar [[r.SSS.SampleSet:2]]
[2021.08.26-18.57.15:230][  0]LogConfig: Setting CVar [[r.SSS.Quality:1]]
[2021.08.26-18.57.15:230][  0]LogConfig: Setting CVar [[r.SSS.HalfRes:0]]
[2021.08.26-18.57.15:230][  0]LogConfig: Setting CVar [[r.SSGI.Quality:3]]
[2021.08.26-18.57.15:230][  0]LogConfig: Setting CVar [[r.EmitterSpawnRateScale:1.0]]
[2021.08.26-18.57.15:230][  0]LogConfig: Setting CVar [[r.ParticleLightQuality:2]]
[2021.08.26-18.57.15:230][  0]LogConfig: Setting CVar [[r.SkyAtmosphere.AerialPerspectiveLUT.FastApplyOnOpaque:1 ; Always have FastSkyLUT 1 in this case to avoid wrong sky]]
[2021.08.26-18.57.15:230][  0]LogConfig: Setting CVar [[r.SkyAtmosphere.AerialPerspectiveLUT.SampleCountMaxPerSlice:4]]
[2021.08.26-18.57.15:230][  0]LogConfig: Setting CVar [[r.SkyAtmosphere.AerialPerspectiveLUT.DepthResolution:16.0]]
[2021.08.26-18.57.15:230][  0]LogConfig: Setting CVar [[r.SkyAtmosphere.FastSkyLUT:1]]
[2021.08.26-18.57.15:230][  0]LogConfig: Setting CVar [[r.SkyAtmosphere.FastSkyLUT.SampleCountMin:4.0]]
[2021.08.26-18.57.15:230][  0]LogConfig: Setting CVar [[r.SkyAtmosphere.FastSkyLUT.SampleCountMax:128.0]]
[2021.08.26-18.57.15:230][  0]LogConfig: Setting CVar [[r.SkyAtmosphere.SampleCountMin:4.0]]
[2021.08.26-18.57.15:230][  0]LogConfig: Setting CVar [[r.SkyAtmosphere.SampleCountMax:128.0]]
[2021.08.26-18.57.15:230][  0]LogConfig: Setting CVar [[r.SkyAtmosphere.TransmittanceLUT.UseSmallFormat:0]]
[2021.08.26-18.57.15:230][  0]LogConfig: Setting CVar [[r.SkyAtmosphere.TransmittanceLUT.SampleCount:10.0]]
[2021.08.26-18.57.15:230][  0]LogConfig: Setting CVar [[r.SkyAtmosphere.MultiScatteringLUT.SampleCount:15.0]]
[2021.08.26-18.57.15:230][  0]LogConfig: Setting CVar [[r.SkyLight.RealTimeReflectionCapture:1]]
[2021.08.26-18.57.15:230][  0]LogConfig: Applying CVar settings from Section [FoliageQuality@3] File [D:/Documents/Github/Packaging_Workshop/NDisplay/Saved/Config/Windows/Scalability.ini]
[2021.08.26-18.57.15:230][  0]LogConfig: Setting CVar [[foliage.DensityScale:1.0]]
[2021.08.26-18.57.15:230][  0]LogConfig: Setting CVar [[grass.DensityScale:1.0]]
[2021.08.26-18.57.15:230][  0]LogConfig: Applying CVar settings from Section [ShadingQuality@3] File [D:/Documents/Github/Packaging_Workshop/NDisplay/Saved/Config/Windows/Scalability.ini]
[2021.08.26-18.57.15:230][  0]LogConfig: Setting CVar [[r.HairStrands.SkyLighting.IntegrationType:2]]
[2021.08.26-18.57.15:230][  0]LogConfig: Setting CVar [[r.HairStrands.SkyAO.SampleCount:4]]
[2021.08.26-18.57.15:230][  0]LogConfig: Setting CVar [[r.HairStrands.Visibility.MSAA.SamplePerPixel:4]]
[2021.08.26-18.57.15:230][  0]LogConfig: Applying CVar settings from Section [Startup] File [../../../Engine/Config/ConsoleVariables.ini]
[2021.08.26-18.57.15:230][  0]LogConfig: Setting CVar [[net.UseAdaptiveNetUpdateFrequency:0]]
[2021.08.26-18.57.15:230][  0]LogConfig: Setting CVar [[p.chaos.AllowCreatePhysxBodies:1]]
[2021.08.26-18.57.15:230][  0]LogConfig: Setting CVar [[fx.SkipVectorVMBackendOptimizations:1]]
[2021.08.26-18.57.15:230][  0]LogConfig: Applying CVar settings from Section [ConsoleVariables] File [D:/Documents/Github/Packaging_Workshop/NDisplay/Saved/Config/Windows/Engine.ini]
[2021.08.26-18.57.15:230][  0]LogConfig: Applying CVar settings from Section [ConsoleVariables] File [D:/Documents/Github/Packaging_Workshop/NDisplay/Saved/Config/Windows/Editor.ini]
[2021.08.26-18.57.15:230][  0]LogInit: Computer: DESKTOP-85S8ETG
[2021.08.26-18.57.15:230][  0]LogInit: User: micha
[2021.08.26-18.57.15:230][  0]LogInit: CPU Page size=4096, Cores=10
[2021.08.26-18.57.15:230][  0]LogInit: High frequency timer resolution =10.000000 MHz
[2021.08.26-18.57.15:230][  0]LogMemory: Memory total: Physical=31.9GB (32GB approx)
[2021.08.26-18.57.15:230][  0]LogMemory: Platform Memory Stats for Windows
[2021.08.26-18.57.15:230][  0]LogMemory: Process Physical Memory: 148.07 MB used, 148.07 MB peak
[2021.08.26-18.57.15:230][  0]LogMemory: Process Virtual Memory: 130.88 MB used, 130.88 MB peak
[2021.08.26-18.57.15:230][  0]LogMemory: Physical Memory: 14154.39 MB used,  18477.74 MB free, 32632.13 MB total
[2021.08.26-18.57.15:230][  0]LogMemory: Virtual Memory: 134199344.00 MB used,  18386.63 MB free, 134217728.00 MB total
[2021.08.26-18.57.15:234][  0]LogWindows: WindowsPlatformFeatures enabled
[2021.08.26-18.57.15:256][  0]LogInit: Physics initialised using underlying interface: PhysX
[2021.08.26-18.57.15:256][  0]LogInit: Using OS detected language (en-US).
[2021.08.26-18.57.15:256][  0]LogInit: Using OS detected locale (en-US).
[2021.08.26-18.57.15:257][  0]LogTextLocalizationManager: No specific localization for 'en-US' exists, so the 'en' localization will be used.
[2021.08.26-18.57.15:382][  0]LogWindowsTextInputMethodSystem: Display: IME system deactivated.
[2021.08.26-18.57.15:401][  0]LogSlate: New Slate User Created.  User Index 0, Is Virtual User: 0
[2021.08.26-18.57.15:401][  0]LogSlate: Slate User Registered.  User Index 0, Is Virtual User: 0
[2021.08.26-18.57.15:419][  0]LogD3D12RHI: Aftermath initialized
[2021.08.26-18.57.15:419][  0]LogD3D12RHI: Loading WinPixEventRuntime.dll for PIX profiling (from ../../../Engine/Binaries/ThirdParty/Windows/WinPixEventRuntime/x64).
[2021.08.26-18.57.15:423][  0]LogHMD: Failed to enumerate extensions. Please check that you have a valid OpenXR runtime installed.
[2021.08.26-18.57.15:521][  0]LogD3D12RHI: Found D3D12 adapter 0: NVIDIA GeForce RTX 3080 (Max supported Feature Level 12_1)
[2021.08.26-18.57.15:521][  0]LogD3D12RHI: Adapter has 10078MB of dedicated video memory, 0MB of dedicated system memory, and 16316MB of shared system memory, 2 output[s]
[2021.08.26-18.57.15:527][  0]LogD3D12RHI: Found D3D12 adapter 1: Microsoft Basic Render Driver (Max supported Feature Level 12_1)
[2021.08.26-18.57.15:527][  0]LogD3D12RHI: Adapter has 0MB of dedicated video memory, 0MB of dedicated system memory, and 16316MB of shared system memory, 0 output[s]
[2021.08.26-18.57.15:527][  0]LogD3D12RHI: Forcing D3D12.AsyncDeferredDeletion=0 as a workaround for a deadlock.
[2021.08.26-18.57.15:527][  0]LogD3D12RHI: Chosen D3D12 Adapter Id = 0
[2021.08.26-18.57.15:533][  0]LogD3D12RHI: InitD3DDevice: -D3DDebug = off -D3D12GPUValidation = off
[2021.08.26-18.57.15:533][  0]LogD3D12RHI: Emitting draw events for PIX profiling.
[2021.08.26-18.57.15:603][  0]LogD3D12RHI: The system supports ID3D12Device1.
[2021.08.26-18.57.15:603][  0]LogD3D12RHI: The system supports ID3D12Device2.
[2021.08.26-18.57.15:603][  0]LogD3D12RHI: The system supports ID3D12Device5.
[2021.08.26-18.57.15:603][  0]LogD3D12RHI: The system supports ID3D12Device7.
[2021.08.26-18.57.15:603][  0]LogD3D12RHI: D3D12 ray tracing 1.0 is supported.
[2021.08.26-18.57.15:603][  0]LogD3D12RHI: D3D12 ray tracing 1.1 is supported.
[2021.08.26-18.57.15:676][  0]LogD3D12RHI: [GPUBreadCrumb] Successfully setup breadcrumb resource for 3D Queue 0
[2021.08.26-18.57.15:683][  0]LogD3D12RHI: [GPUBreadCrumb] Successfully setup breadcrumb resource for Copy Queue 0
[2021.08.26-18.57.15:698][  0]LogD3D12RHI: [GPUBreadCrumb] Successfully setup breadcrumb resource for Compute Queue 0
[2021.08.26-18.57.15:710][  0]LogD3D12RHI: Display: Not using pipeline state disk cache per r.D3D12.PSO.DiskCache=0
[2021.08.26-18.57.15:710][  0]LogD3D12RHI: Display: Not using driver-optimized pipeline state disk cache per r.D3D12.PSO.DriverOptimizedDiskCache=0
[2021.08.26-18.57.15:736][  0]LogD3D12RHI:     GPU DeviceId: 0x2206 (for the marketing name, search the web for "GPU Device Id")
[2021.08.26-18.57.15:736][  0]LogWindows: EnumDisplayDevices:
[2021.08.26-18.57.15:736][  0]LogWindows:    0. 'NVIDIA GeForce RTX 3080' (P:1 D:1)
[2021.08.26-18.57.15:736][  0]LogWindows:    1. 'NVIDIA GeForce RTX 3080' (P:0 D:1)
[2021.08.26-18.57.15:736][  0]LogWindows:    2. 'NVIDIA GeForce RTX 3080' (P:0 D:0)
[2021.08.26-18.57.15:736][  0]LogWindows:    3. 'NVIDIA GeForce RTX 3080' (P:0 D:0)
[2021.08.26-18.57.15:737][  0]LogWindows: DebugString: FoundDriverCount:4 
[2021.08.26-18.57.15:737][  0]LogD3D12RHI:     Adapter Name: NVIDIA GeForce RTX 3080
[2021.08.26-18.57.15:737][  0]LogD3D12RHI:   Driver Version: 466.63 (internal:27.21.14.6663, unified:466.63)
[2021.08.26-18.57.15:737][  0]LogD3D12RHI:      Driver Date: 5-27-2021
[2021.08.26-18.57.15:737][  0]LogRHI: Texture pool is 5865 MB (70% of 8379 MB)
[2021.08.26-18.57.15:737][  0]LogD3D12RHI: Async texture creation enabled
[2021.08.26-18.57.15:737][  0]LogD3D12RHI: RHI has support for 64 bit atomics
[2021.08.26-18.57.15:744][  0]LogRHI: GeForceNow SDK initialized: 0
[2021.08.26-18.57.15:927][  0]LogTargetPlatformManager: Display: Loaded TargetPlatform 'WindowsNoEditor'
[2021.08.26-18.57.15:930][  0]LogTargetPlatformManager: Display: Loaded TargetPlatform 'Windows'
[2021.08.26-18.57.15:933][  0]LogTargetPlatformManager: Display: Loaded TargetPlatform 'WindowsClient'
[2021.08.26-18.57.15:935][  0]LogTargetPlatformManager: Display: Loaded TargetPlatform 'WindowsServer'
[2021.08.26-18.57.15:935][  0]LogTargetPlatformManager: Display: Building Assets For Windows
[2021.08.26-18.57.15:939][  0]LogAudioDebug: Display: Lib vorbis DLL was dynamically loaded.
[2021.08.26-18.57.15:956][  0]LogTextureFormatOodle: Display: Oodle Texture 2.9.0 init RDO Off
[2021.08.26-18.57.15:973][  0]LogRendererCore: Ray tracing is disabled. Reason: r.RayTracing=0.
[2021.08.26-18.57.15:973][  0]LogShaderCompilers: Guid format shader working directory is -14 characters bigger than the processId version (../../../../../Documents/Github/Packaging_Workshop/NDisplay/Intermediate/Shaders/WorkingDirectory/31960/).
[2021.08.26-18.57.15:974][  0]LogShaderCompilers: Cleaned the shader compiler working directory 'C:/Users/micha/AppData/Local/Temp/UnrealShaderWorkingDir/7BAABB774EC034BE76B7968247404C86/'.
[2021.08.26-18.57.15:974][  0]LogXGEController: Cannot use XGE Controller as Incredibuild is not installed on this machine.
[2021.08.26-18.57.15:974][  0]LogShaderCompilers: Cannot use XGE Shader Compiler as Incredibuild is not installed on this machine.
[2021.08.26-18.57.15:974][  0]LogShaderCompilers: Display: Using Local Shader Compiler.
[2021.08.26-18.57.16:545][  0]LogDerivedDataCache: Display: Max Cache Size: 512 MB
[2021.08.26-18.57.16:584][  0]LogDerivedDataCache: Loaded boot cache 0.04s 93MB C:/Users/micha/AppData/Local/UnrealEngine/4.27/DerivedDataCache/Boot.ddc.
[2021.08.26-18.57.16:584][  0]LogDerivedDataCache: Display: Loaded Boot cache: C:/Users/micha/AppData/Local/UnrealEngine/4.27/DerivedDataCache/Boot.ddc
[2021.08.26-18.57.16:584][  0]LogDerivedDataCache: FDerivedDataBackendGraph:  Pak pak cache file ../../../../../Documents/Github/Packaging_Workshop/NDisplay/DerivedDataCache/DDC.ddp not found, will not use a pak cache.
[2021.08.26-18.57.16:584][  0]LogDerivedDataCache: Unable to find inner node Pak for hierarchical cache Hierarchy.
[2021.08.26-18.57.16:584][  0]LogDerivedDataCache: FDerivedDataBackendGraph:  CompressedPak pak cache file ../../../../../Documents/Github/Packaging_Workshop/NDisplay/DerivedDataCache/Compressed.ddp not found, will not use a pak cache.
[2021.08.26-18.57.16:584][  0]LogDerivedDataCache: Unable to find inner node CompressedPak for hierarchical cache Hierarchy.
[2021.08.26-18.57.16:596][  0]LogDerivedDataCache: Display: Pak cache opened for reading ../../../Engine/DerivedDataCache/Compressed.ddp.
[2021.08.26-18.57.16:596][  0]LogDerivedDataCache: FDerivedDataBackendGraph:  EnterprisePak pak cache file ../../../Enterprise/DerivedDataCache/Compressed.ddp not found, will not use a pak cache.
[2021.08.26-18.57.16:596][  0]LogDerivedDataCache: Unable to find inner node EnterprisePak for hierarchical cache Hierarchy.
[2021.08.26-18.57.16:601][  0]LogDerivedDataCache: Speed tests for C:/Users/micha/AppData/Local/UnrealEngine/Common/DerivedDataCache took 0.00 seconds
[2021.08.26-18.57.16:601][  0]LogDerivedDataCache: Display: Performance to C:/Users/micha/AppData/Local/UnrealEngine/Common/DerivedDataCache: Latency=0.03ms. RandomReadSpeed=1685.13MBs, RandomWriteSpeed=269.10MBs. Assigned SpeedClass 'Local'
[2021.08.26-18.57.16:601][  0]LogDerivedDataCache: Using Local data cache path C:/Users/micha/AppData/Local/UnrealEngine/Common/DerivedDataCache: Writable
[2021.08.26-18.57.16:601][  0]LogDerivedDataCache: Shared data cache path not found in *engine.ini, will not use an Shared cache.
[2021.08.26-18.57.16:601][  0]LogDerivedDataCache: Unable to find inner node Shared for hierarchical cache Hierarchy.
[2021.08.26-18.57.16:631][  0]LogSlate: Using FreeType 2.10.0
[2021.08.26-18.57.16:632][  0]LogSlate: SlateFontServices - WITH_FREETYPE: 1, WITH_HARFBUZZ: 1
[2021.08.26-18.57.16:632][  0]LogHMD: Failed to enumerate extensions. Please check that you have a valid OpenXR runtime installed.
[2021.08.26-18.57.16:747][  0]LogInit: Using OS detected language (en-US).
[2021.08.26-18.57.16:747][  0]LogInit: Using OS detected locale (en-US).
[2021.08.26-18.57.16:747][  0]LogTextLocalizationManager: No localization for 'en-US' exists, so 'en' will be used for the language.
[2021.08.26-18.57.16:747][  0]LogTextLocalizationManager: No localization for 'en-US' exists, so 'en' will be used for the locale.
[2021.08.26-18.57.16:747][  0]LogSlate: FontCache flush requested. Reason: Culture for localization was changed
[2021.08.26-18.57.16:747][  0]LogSlate: FontCache flush requested. Reason: Culture for localization was changed
[2021.08.26-18.57.16:749][  0]LogTextLocalizationManager: Compacting localization data took   0.00ms
[2021.08.26-18.57.16:749][  0]LogAssetRegistry: FAssetRegistry took 0.0013 seconds to start up
[2021.08.26-18.57.16:881][  0]LogPackageLocalizationCache: Processed 37 localized package path(s) for 1 prioritized culture(s) in 0.012785 seconds
[2021.08.26-18.57.16:926][  0]LogInit: Selected Device Profile: [Windows]
[2021.08.26-18.57.16:926][  0]LogInit: Active device profile: [0000027A59A61400][0000027A4D1CADC0 49] Windows
[2021.08.26-18.57.16:926][  0]LogInit: Profiles: [0000027A59A61400][0000027A4D1CADC0 49] Windows, [0000027A59A02A00][0000027A4A98CF40 49] WindowsNoEditor, [0000027A59A63100][0000027A4D0010C0 49] WindowsServer, [0000027A599FFF00][0000027A4D005240 49] WindowsClient, [0000027A59A03C00][0000027A4D0093C0 49] IOS, [0000027A599FD700][0000027A4D00D540 49] iPadAir, [0000027A59A02200][0000027A4D0116C0 49] iPadAir2, [0000027A599A0400][0000027A4A989940 49] IPadPro, [0000027A599A0500][0000027A4D015980 49] iPadAir3, [0000027A599FD900][0000027A4D019AC0 49] iPadAir4, [0000027A599A3000][0000027A4D01DC00 49] iPadMini2, [0000027A599FFD00][0000027A4D0201C0 49] iPadMini3, [0000027A599A0B00][0000027A4D028340 49] iPadMini4, [0000027A599FCA00][0000027A4D02C4C0 49] iPadMini5, [0000027A5999BC00][0000027A4D034780 49] iPhone6, [0000027A5999BD00][0000027A4D0307C0 49] iPodTouch6, [0000027A59A62500][0000027A4D03CA80 49] iPhone7, [0000027A59A62300][0000027A4D038AC0 49] iPodTouch7, [0000027A59998600][0000027A4D040C40 49] iPhone5S, [0000027A599A2E00][0000027A4D044DC0 49] iPhone6Plus, [0000027A59999F00][0000027A4D048F40 49] iPhone6S, [0000027A599A1300][0000027A58F490C0 49] iPhone6SPlus, [0000027A59A61300][0000027A58F4D240 49] iPhone7Plus, [0000027A599A2A00][0000027A58F513C0 49] iPhoneSE, [0000027A59A60B00][0000027A58F55540 49] iPhone8, [0000027A599A2400][0000027A58F596C0 49] iPhone8Plus, [0000027A59A60100][0000027A58F5D840 49] iPhoneX, [0000027A599A1000][0000027A58F619C0 49] iPhoneXS, [0000027A59A61800][0000027A4D025B00 49] iPhoneXSMax, [0000027A599A3800][0000027A58F640C0 49] iPhoneXR, [0000027A59A62D00][0000027A58F68200 49] iPhone11, [0000027A599A1F00][0000027A58F6C340 49] iPhone11Pro, [0000027A59A63600][0000027A58F744C0 49] iPhone11ProMax, [0000027A599A1A00][0000027A58F78640 49] iPhoneSE2, [0000027A59A61F00][0000027A58F7C7C0 49] iPhone12Mini, [0000027A599A0900][0000027A58F80940 49] iPhone12, [0000027A59A61000][0000027A58F84AC0 49] iPhone12Pro, [0000027A599A1C00][0000027A58F88C40 49] iPhone12ProMax, [0000027A59A61B00][0000027A58F8CDC0 49] iPadPro105, [0000027A599A0A00][0000027A58F90F40 49] iPadPro129, [0000027A59A62700][0000027A58F950C0 49] iPadPro97, [0000027A599A0C00][0000027A58F99240 49] iPadPro2_129, [0000027A59A62E00][0000027A58F9D3C0 49] iPad5, [0000027A599A1E00][0000027A58FA1540 49] iPad6, [0000027A59A62100][0000027A58FA56C0 49] iPad7, [0000027A599A2F00][0000027A58FA9840 49] iPad8, [0000027A59A60F00][0000027A58FAD9C0 49] iPadPro11, [0000027A599A3A00][0000027A47555B40 49] iPadPro2_11, [0000027A59A60400][0000027A47558140 49] iPadPro3_129, [0000027A599A1900][0000027A58F70280 49] iPadPro4_129, [0000027A59A63700][0000027A4755C3C0 49] AppleTV, [0000027A599A1D00][0000027A47560500 49] AppleTV4K, [0000027A59A62800][0000027A47568680 49] TVOS, [0000027A599A3600][0000027A4756C800 49] Mac, [0000027A59A63800][0000027A47570980 49] MacClient, [0000027A599A2D00][0000027A47574B00 49] MacNoEditor, [0000027A59A60600][0000027A47578C80 49] MacServer, [0000027A599A3400][0000027A4757CE00 49] Linux, [0000027A59A62400][0000027A59FC0F80 49] LinuxAArch64, [0000027A599A3C00][0000027A59FC5100 49] LinuxNoEditor, [0000027A59A63A00][0000027A59FC9280 49] LinuxAArch64NoEditor, [0000027A599A1100][0000027A59FCD400 49] LinuxClient, [0000027A59A62F00][0000027A59FD1580 49] LinuxAArch64Client, [0000027A599A0F00][0000027A59FD5700 49] LinuxServer, [0000027A59A61700][0000027A59FD9880 49] LinuxAArch64Server, [0000027A599A2800][0000027A59FDDA00 49] Android, [0000027A599FDB00][0000027A59FE1B80 49] Android_Low, [0000027A59998900][0000027A59FE4180 49] Android_Mid, [0000027A599FDE00][0000027A59FE8300 49] Android_High, [0000027A59999900][0000027A47564440 49] Android_Default, [0000027A599FEB00][0000027A59FEC580 49] Android_Adreno4xx, [0000027A59999100][0000027A59FF06C0 49] Android_Adreno5xx_Low, [0000027A599FE100][0000027A59FF8840 49] Android_Adreno5xx, [0000027A59999600][0000027A59FFC9C0 49] Android_Adreno6xx, [0000027A599FCB00][0000027A5A000B40 49] Android_Adreno6xx_Vulkan, [0000027A59998300][0000027A5A004CC0 49] Android_Mali_T6xx, [0000027A599FFC00][0000027A5A008E40 49] Android_Mali_T7xx, [0000027A5999A600][0000027A5A00CFC0 49] Android_Mali_T8xx, [0000027A599FCC00][0000027A5A011140 49] Android_Mali_G71, [0000027A5999B100][0000027A5A0152C0 49] Android_Mali_G72, [0000027A599FC900][0000027A5A019440 49] Android_Mali_G72_Vulkan, [0000027A5999B700][0000027A5A01D5C0 49] Android_Mali_G76, [0000027A599FE900][0000027A5A021740 49] Android_Mali_G76_Vulkan, [0000027A59999800][0000027A5A0258C0 49] Android_Mali_G77, [0000027A599FF900][0000027A5A029A40 49] Android_Mali_G77_Vulkan, [0000027A5999B000][0000027A5A02DBC0 49] Android_Mali_G78, [0000027A599FC500][0000027A5A0301C0 49] Android_Mali_G78_Vulkan, [0000027A59998B00][0000027A5A034340 49] Android_Mali_G710, [0000027A599FFB00][0000027A5A0384C0 49] Android_Mali_G710_Vulkan, [0000027A5999A500][0000027A59FF4600 49] Android_Vulkan_SM5, [0000027A599FE000][0000027A5A03C740 49] Android_PowerVR_G6xxx, [0000027A59998200][0000027A5A040880 49] Android_PowerVR_GT7xxx, [0000027A599FCF00][0000027A5A0449C0 49] Android_PowerVR_GE8xxx, [0000027A5999AD00][0000027A5A04CB40 49] Android_PowerVR_GM9xxx, [0000027A599A2200][0000027A5A050CC0 49] Android_PowerVR_GM9xxx_Vulkan, [0000027A5999BF00][0000027A5A054E40 49] Android_TegraK1, [0000027A599A3100][0000027A5A058FC0 49] Android_Unknown_Vulkan, [0000027A59998D00][0000027A5A05D140 49] Lumin, [0000027A599A0E00][0000027A5A0612C0 49] Lumin_Desktop, [0000027A59998400][0000027A5A065440 49] HoloLens, 
[2021.08.26-18.57.17:011][  0]LogMeshReduction: Using QuadricMeshReduction for automatic static mesh reduction
[2021.08.26-18.57.17:011][  0]LogMeshReduction: Using SimplygonMeshReduction for automatic skeletal mesh reduction
[2021.08.26-18.57.17:011][  0]LogMeshReduction: Using ProxyLODMeshReduction for automatic mesh merging
[2021.08.26-18.57.17:011][  0]LogMeshReduction: No distributed automatic mesh merging module available
[2021.08.26-18.57.17:011][  0]LogMeshMerging: No distributed automatic mesh merging module available
[2021.08.26-18.57.17:028][  0]LogNetVersion: NDisplay 1.0.0, NetCL: 17155196, EngineNetVer: 17, GameNetVer: 0 (Checksum: 2715833876)
[2021.08.26-18.57.17:173][  0]LogTexture: Default maximum texture size for cubemaps generated from long-lat sources has been changed from 512 to unlimited. In order to preserve old behaiour for '/Engine/MapTemplates/Sky/DaylightAmbientCubemap.DaylightAmbientCubemap', its maximum texture size has been explicitly set to 512.
[2021.08.26-18.57.17:283][  0]LogMoviePlayer: Initializing movie player
[2021.08.26-18.57.17:363][  0]LogD3D12RHI: Creating RTPSO with 3 shaders (0 cached, 3 new) took 79.78 ms. Compile time 70.28 ms, link time 9.49 ms.
[2021.08.26-18.57.17:410][  0]LogNiagaraDebuggerClient: Niagara Debugger Client Initialized | Session: 456D0D3A45C95EED4E1041A2637DF80E | Instance: 1C66203B407D1514C16F6DABDE52614F (DESKTOP-85S8ETG-31960).
[2021.08.26-18.57.17:422][  0]LogCollectionManager: Loaded 0 collections in 0.000434 seconds
[2021.08.26-18.57.17:424][  0]LogFileCache: Scanning file cache for directory 'D:/Documents/Github/Packaging_Workshop/NDisplay/Saved/Collections/' took 0.00s
[2021.08.26-18.57.17:424][  0]LogFileCache: Scanning file cache for directory 'D:/Documents/Github/Packaging_Workshop/NDisplay/Content/Developers/micha/Collections/' took 0.00s
[2021.08.26-18.57.17:424][  0]LogFileCache: Scanning file cache for directory 'D:/Documents/Github/Packaging_Workshop/NDisplay/Content/Collections/' took 0.00s
[2021.08.26-18.57.17:424][  0]LogCollectionManager: Fixed up redirectors for 0 collections in 0.000001 seconds (updated 0 objects)
[2021.08.26-18.57.17:441][  0]LogStreaming: Warning: Failed to read file '../../../Engine/Content/Editor/Slate/Niagara/MenuSeparator.png' error.
[2021.08.26-18.57.17:441][  0]LogSlate: Could not find file for Slate resource: ../../../Engine/Content/Editor/Slate/Niagara/MenuSeparator.png
[2021.08.26-18.57.17:441][  0]LogImageWrapper: Warning: PNG Warning: Duplicate iCCP chunk
[2021.08.26-18.57.17:441][  0]LogStreaming: Warning: Failed to read file '../../../Engine/Content/Editor/Slate/Niagara/Common/Selector.png' error.
[2021.08.26-18.57.17:441][  0]LogSlate: Could not find file for Slate resource: ../../../Engine/Content/Editor/Slate/Niagara/Common/Selector.png
[2021.08.26-18.57.17:441][  0]LogImageWrapper: Warning: PNG Warning: Duplicate iCCP chunk
[2021.08.26-18.57.17:441][  0]LogStreaming: Warning: Failed to read file '../../../Engine/Content/Editor/Slate/Niagara/Common/Selection.png' error.
[2021.08.26-18.57.17:441][  0]LogStreaming: Warning: Failed to read file '../../../Engine/Content/Editor/Slate/Niagara/Common/DropZoneIndicator_Above.png' error.
[2021.08.26-18.57.17:441][  0]LogSlate: Could not find file for Slate resource: ../../../Engine/Content/Editor/Slate/Niagara/Common/Selection.png
[2021.08.26-18.57.17:441][  0]LogSlate: Could not find file for Slate resource: ../../../Engine/Content/Editor/Slate/Niagara/Common/DropZoneIndicator_Above.png
[2021.08.26-18.57.17:441][  0]LogStreaming: Warning: Failed to read file '../../../Engine/Content/Editor/Slate/Niagara/Common/DropZoneIndicator_Onto.png' error.
[2021.08.26-18.57.17:441][  0]LogSlate: Could not find file for Slate resource: ../../../Engine/Content/Editor/Slate/Niagara/Common/DropZoneIndicator_Onto.png
[2021.08.26-18.57.17:441][  0]LogStreaming: Warning: Failed to read file '../../../Engine/Content/Editor/Slate/Niagara/Common/RoundedSelection_16x.png' error.
[2021.08.26-18.57.17:441][  0]LogSlate: Could not find file for Slate resource: ../../../Engine/Content/Editor/Slate/Niagara/Common/RoundedSelection_16x.png
[2021.08.26-18.57.17:441][  0]LogStreaming: Warning: Failed to read file '../../../Engine/Content/Editor/Slate/Niagara/Common/DropZoneIndicator_Below.png' error.
[2021.08.26-18.57.17:441][  0]LogSlate: Could not find file for Slate resource: ../../../Engine/Content/Editor/Slate/Niagara/Common/DropZoneIndicator_Below.png
[2021.08.26-18.57.17:441][  0]LogStreaming: Warning: Failed to read file '../../../Engine/Content/Editor/Slate/Niagara/Common/FlatButton.png' error.
[2021.08.26-18.57.17:441][  0]LogSlate: Could not find file for Slate resource: ../../../Engine/Content/Editor/Slate/Niagara/Common/FlatButton.png
[2021.08.26-18.57.17:441][  0]LogTcpMessaging: Initializing TcpMessaging bridge
[2021.08.26-18.57.17:443][  0]LogUdpMessaging: Initializing bridge on interface 0.0.0.0:0 to multicast group 230.0.0.1:6666.
[2021.08.26-18.57.17:449][  0]LogPython: Using Python 3.7.7
[2021.08.26-18.57.17:940][  0]SourceControl: Source control is disabled
[2021.08.26-18.57.17:940][  0]SourceControl: Source control is disabled
[2021.08.26-18.57.17:948][  0]SourceControl: Source control is disabled
[2021.08.26-18.57.17:955][  0]LogUProjectInfo: Found projects:
[2021.08.26-18.57.17:961][  0]LogOpenImageDenoise: OIDN starting up
[2021.08.26-18.57.17:991][  0]LogAndroidPermission: UAndroidPermissionCallbackProxy::GetInstance
[2021.08.26-18.57.18:000][  0]LogAudioCaptureCore: Display: No Audio Capture implementations found. Audio input will be silent.
[2021.08.26-18.57.18:000][  0]LogAudioCaptureCore: Display: No Audio Capture implementations found. Audio input will be silent.
[2021.08.26-18.57.18:018][  0]LogDisplayClusterModule: Instantiating subsystem managers...
[2021.08.26-18.57.18:018][  0]LogDisplayClusterRender: Registering factory for rendering device type: dc_dev_mono
[2021.08.26-18.57.18:018][  0]LogDisplayClusterRender: Registered factory for rendering device type: dc_dev_mono
[2021.08.26-18.57.18:018][  0]LogDisplayClusterRender: Registering factory for rendering device type: quad_buffer_stereo
[2021.08.26-18.57.18:018][  0]LogDisplayClusterRender: Registered factory for rendering device type: quad_buffer_stereo
[2021.08.26-18.57.18:018][  0]LogDisplayClusterRender: Registering factory for rendering device type: dc_dev_side_by_side
[2021.08.26-18.57.18:018][  0]LogDisplayClusterRender: Registered factory for rendering device type: dc_dev_side_by_side
[2021.08.26-18.57.18:018][  0]LogDisplayClusterRender: Registering factory for rendering device type: dc_dev_top_bottom
[2021.08.26-18.57.18:018][  0]LogDisplayClusterRender: Registered factory for rendering device type: dc_dev_top_bottom
[2021.08.26-18.57.18:018][  0]LogDisplayClusterRender: Registering factory for synchronization policy: none
[2021.08.26-18.57.18:018][  0]LogDisplayClusterRender: Registered factory for syncrhonization policy: none
[2021.08.26-18.57.18:018][  0]LogDisplayClusterRender: Registering factory for synchronization policy: ethernet
[2021.08.26-18.57.18:018][  0]LogDisplayClusterRender: Registered factory for syncrhonization policy: ethernet
[2021.08.26-18.57.18:018][  0]LogDisplayClusterRender: Registering factory for synchronization policy: ethernet_barrier
[2021.08.26-18.57.18:018][  0]LogDisplayClusterRender: Registered factory for syncrhonization policy: ethernet_barrier
[2021.08.26-18.57.18:018][  0]LogDisplayClusterRender: Registering factory for synchronization policy: nvidia
[2021.08.26-18.57.18:018][  0]LogDisplayClusterRender: Registered factory for syncrhonization policy: nvidia
[2021.08.26-18.57.18:018][  0]LogDisplayClusterModule: DisplayCluster module has been started
[2021.08.26-18.57.18:020][  0]LogDisplayClusterProjection: Projection module has been instantiated
[2021.08.26-18.57.18:020][  0]LogDisplayClusterProjection: Projection module startup
[2021.08.26-18.57.18:020][  0]LogDisplayClusterProjection: Registering <camera> projection policy factory...
[2021.08.26-18.57.18:020][  0]LogDisplayClusterRender: Registering factory for projection type: camera
[2021.08.26-18.57.18:020][  0]LogDisplayClusterRender: Registered factory for projection type: camera
[2021.08.26-18.57.18:020][  0]LogDisplayClusterProjection: Registering <simple> projection policy factory...
[2021.08.26-18.57.18:020][  0]LogDisplayClusterRender: Registering factory for projection type: simple
[2021.08.26-18.57.18:020][  0]LogDisplayClusterRender: Registered factory for projection type: simple
[2021.08.26-18.57.18:020][  0]LogDisplayClusterProjection: Registering <mpcdi> projection policy factory...
[2021.08.26-18.57.18:020][  0]LogDisplayClusterRender: Registering factory for projection type: mpcdi
[2021.08.26-18.57.18:020][  0]LogDisplayClusterRender: Registered factory for projection type: mpcdi
[2021.08.26-18.57.18:020][  0]LogDisplayClusterProjection: Registering <mesh> projection policy factory...
[2021.08.26-18.57.18:020][  0]LogDisplayClusterRender: Registering factory for projection type: mesh
[2021.08.26-18.57.18:020][  0]LogDisplayClusterRender: Registered factory for projection type: mesh
[2021.08.26-18.57.18:020][  0]LogDisplayClusterProjection: Registering <easyblend> projection policy factory...
[2021.08.26-18.57.18:020][  0]LogDisplayClusterRender: Registering factory for projection type: easyblend
[2021.08.26-18.57.18:020][  0]LogDisplayClusterRender: Registered factory for projection type: easyblend
[2021.08.26-18.57.18:020][  0]LogDisplayClusterProjection: Registering <vioso> projection policy factory...
[2021.08.26-18.57.18:020][  0]LogDisplayClusterRender: Registering factory for projection type: vioso
[2021.08.26-18.57.18:020][  0]LogDisplayClusterRender: Registered factory for projection type: vioso
[2021.08.26-18.57.18:020][  0]LogDisplayClusterProjection: Registering <manual> projection policy factory...
[2021.08.26-18.57.18:020][  0]LogDisplayClusterRender: Registering factory for projection type: manual
[2021.08.26-18.57.18:020][  0]LogDisplayClusterRender: Registered factory for projection type: manual
[2021.08.26-18.57.18:020][  0]LogDisplayClusterProjection: Registering <domeprojection> projection policy factory...
[2021.08.26-18.57.18:020][  0]LogDisplayClusterRender: Registering factory for projection type: domeprojection
[2021.08.26-18.57.18:020][  0]LogDisplayClusterRender: Registered factory for projection type: domeprojection
[2021.08.26-18.57.18:020][  0]LogDisplayClusterProjection: Registering <link> projection policy factory...
[2021.08.26-18.57.18:020][  0]LogDisplayClusterRender: Registering factory for projection type: link
[2021.08.26-18.57.18:020][  0]LogDisplayClusterRender: Registered factory for projection type: link
[2021.08.26-18.57.18:020][  0]LogDisplayClusterProjection: Projection module has started
[2021.08.26-18.57.18:022][  0]LogDisplayClusterPostprocess: Postprocess module has been instantiated
[2021.08.26-18.57.18:022][  0]LogDisplayClusterPostprocess: Postprocess module startup
[2021.08.26-18.57.18:022][  0]LogDisplayClusterPostprocess: Postprocess module has started
[2021.08.26-18.57.18:028][  0]LogDisplayClusterRemoteControlInterceptor: DisplayClusterRemoteControlInterceptor has been registered
[2021.08.26-18.57.18:079][  0]LogUObjectArray: 23764 objects as part of root set at end of initial load.
[2021.08.26-18.57.18:079][  0]LogUObjectAllocator: 6547712 out of 0 bytes used by permanent object pool.
[2021.08.26-18.57.18:079][  0]LogUObjectArray: CloseDisregardForGC: 0/0 objects in disregard for GC pool
[2021.08.26-18.57.18:111][  0]LogClass: Display: BoolProperty FDisplayClusterConfigurationJsonDiagnostics_426::SimulateLag is not initialized properly. Module:DisplayClusterConfiguration File:Private/Formats/JSON426/DisplayClusterConfigurationJsonTypes_426.h
[2021.08.26-18.57.18:111][  0]LogClass: Display: FloatProperty FDisplayClusterConfigurationJsonDiagnostics_426::MinLagTime is not initialized properly. Module:DisplayClusterConfiguration File:Private/Formats/JSON426/DisplayClusterConfigurationJsonTypes_426.h
[2021.08.26-18.57.18:111][  0]LogClass: Display: FloatProperty FDisplayClusterConfigurationJsonDiagnostics_426::MaxLagTime is not initialized properly. Module:DisplayClusterConfiguration File:Private/Formats/JSON426/DisplayClusterConfigurationJsonTypes_426.h
[2021.08.26-18.57.18:111][  0]LogClass: Display: BoolProperty FDisplayClusterConfigurationJsonClusterNode_426::Sound is not initialized properly. Module:DisplayClusterConfiguration File:Private/Formats/JSON426/DisplayClusterConfigurationJsonTypes_426.h
[2021.08.26-18.57.18:111][  0]LogClass: Display: BoolProperty FDisplayClusterConfigurationJsonClusterNode_426::FullScreen is not initialized properly. Module:DisplayClusterConfiguration File:Private/Formats/JSON426/DisplayClusterConfigurationJsonTypes_426.h
[2021.08.26-18.57.18:111][  0]LogClass: Display: FloatProperty FDisplayClusterConfigurationJsonViewport_426::BufferRatio is not initialized properly. Module:DisplayClusterConfiguration File:Private/Formats/JSON426/DisplayClusterConfigurationJsonTypes_426.h
[2021.08.26-18.57.18:111][  0]LogClass: Display: IntProperty FDisplayClusterConfigurationJsonViewport_426::GPUIndex is not initialized properly. Module:DisplayClusterConfiguration File:Private/Formats/JSON426/DisplayClusterConfigurationJsonTypes_426.h
[2021.08.26-18.57.18:111][  0]LogClass: Display: BoolProperty FDisplayClusterConfigurationJsonViewport_426::AllowCrossGPUTransfer is not initialized properly. Module:DisplayClusterConfiguration File:Private/Formats/JSON426/DisplayClusterConfigurationJsonTypes_426.h
[2021.08.26-18.57.18:111][  0]LogClass: Display: BoolProperty FDisplayClusterConfigurationJsonViewport_426::IsShared is not initialized properly. Module:DisplayClusterConfiguration File:Private/Formats/JSON426/DisplayClusterConfigurationJsonTypes_426.h
[2021.08.26-18.57.18:111][  0]LogClass: Display: BoolProperty FDisplayClusterConfigurationJsonDiagnostics_427::SimulateLag is not initialized properly. Module:DisplayClusterConfiguration File:Private/Formats/JSON427/DisplayClusterConfigurationJsonTypes_427.h
[2021.08.26-18.57.18:111][  0]LogClass: Display: FloatProperty FDisplayClusterConfigurationJsonDiagnostics_427::MinLagTime is not initialized properly. Module:DisplayClusterConfiguration File:Private/Formats/JSON427/DisplayClusterConfigurationJsonTypes_427.h
[2021.08.26-18.57.18:111][  0]LogClass: Display: FloatProperty FDisplayClusterConfigurationJsonDiagnostics_427::MaxLagTime is not initialized properly. Module:DisplayClusterConfiguration File:Private/Formats/JSON427/DisplayClusterConfigurationJsonTypes_427.h
[2021.08.26-18.57.18:111][  0]LogClass: Display: BoolProperty FDisplayClusterConfigurationJsonClusterNode_427::Sound is not initialized properly. Module:DisplayClusterConfiguration File:Private/Formats/JSON427/DisplayClusterConfigurationJsonTypes_427.h
[2021.08.26-18.57.18:111][  0]LogClass: Display: BoolProperty FDisplayClusterConfigurationJsonClusterNode_427::FullScreen is not initialized properly. Module:DisplayClusterConfiguration File:Private/Formats/JSON427/DisplayClusterConfigurationJsonTypes_427.h
[2021.08.26-18.57.18:111][  0]LogClass: Display: FloatProperty FDisplayClusterConfigurationJsonViewport_427::BufferRatio is not initialized properly. Module:DisplayClusterConfiguration File:Private/Formats/JSON427/DisplayClusterConfigurationJsonTypes_427.h
[2021.08.26-18.57.18:111][  0]LogClass: Display: IntProperty FDisplayClusterConfigurationJsonViewport_427::GPUIndex is not initialized properly. Module:DisplayClusterConfiguration File:Private/Formats/JSON427/DisplayClusterConfigurationJsonTypes_427.h
[2021.08.26-18.57.18:111][  0]LogClass: Display: BoolProperty FDisplayClusterConfigurationJsonViewport_427::AllowCrossGPUTransfer is not initialized properly. Module:DisplayClusterConfiguration File:Private/Formats/JSON427/DisplayClusterConfigurationJsonTypes_427.h
[2021.08.26-18.57.18:111][  0]LogClass: Display: BoolProperty FDisplayClusterConfigurationJsonViewport_427::IsShared is not initialized properly. Module:DisplayClusterConfiguration File:Private/Formats/JSON427/DisplayClusterConfigurationJsonTypes_427.h
[2021.08.26-18.57.18:111][  0]LogClass: Display: BoolProperty FDisplayClusterConfigurationDiagnostics::bSimulateLag is not initialized properly. Module:DisplayClusterConfiguration File:Public/DisplayClusterConfigurationTypes.h
[2021.08.26-18.57.18:111][  0]LogClass: Display: FloatProperty FDisplayClusterConfigurationDiagnostics::MinLagTime is not initialized properly. Module:DisplayClusterConfiguration File:Public/DisplayClusterConfigurationTypes.h
[2021.08.26-18.57.18:111][  0]LogClass: Display: FloatProperty FDisplayClusterConfigurationDiagnostics::MaxLagTime is not initialized properly. Module:DisplayClusterConfiguration File:Public/DisplayClusterConfigurationTypes.h
[2021.08.26-18.57.18:111][  0]LogClass: Display: IntProperty FTextureCropSize::W is not initialized properly. Module:DisplayClusterConfiguration File:Public/DisplayClusterConfigurationTypes_Base.h
[2021.08.26-18.57.18:111][  0]LogClass: Display: IntProperty FTextureCropSize::H is not initialized properly. Module:DisplayClusterConfiguration File:Public/DisplayClusterConfigurationTypes_Base.h
[2021.08.26-18.57.18:111][  0]LogClass: Display: IntProperty FTextureCropOrigin::X is not initialized properly. Module:DisplayClusterConfiguration File:Public/DisplayClusterConfigurationTypes_Base.h
[2021.08.26-18.57.18:111][  0]LogClass: Display: IntProperty FTextureCropOrigin::Y is not initialized properly. Module:DisplayClusterConfiguration File:Public/DisplayClusterConfigurationTypes_Base.h
[2021.08.26-18.57.18:111][  0]LogClass: Display: BoolProperty FDisplayClusterConfigurationViewport_ColorGradingSettings::bOverride_Saturation is not initialized properly. Module:DisplayClusterConfiguration File:Public/DisplayClusterConfigurationTypes_Postprocess.h
[2021.08.26-18.57.18:111][  0]LogClass: Display: BoolProperty FDisplayClusterConfigurationViewport_ColorGradingSettings::bOverride_Contrast is not initialized properly. Module:DisplayClusterConfiguration File:Public/DisplayClusterConfigurationTypes_Postprocess.h
[2021.08.26-18.57.18:111][  0]LogClass: Display: BoolProperty FDisplayClusterConfigurationViewport_ColorGradingSettings::bOverride_Gamma is not initialized properly. Module:DisplayClusterConfiguration File:Public/DisplayClusterConfigurationTypes_Postprocess.h
[2021.08.26-18.57.18:111][  0]LogClass: Display: BoolProperty FDisplayClusterConfigurationViewport_ColorGradingSettings::bOverride_Gain is not initialized properly. Module:DisplayClusterConfiguration File:Public/DisplayClusterConfigurationTypes_Postprocess.h
[2021.08.26-18.57.18:112][  0]LogClass: Display: BoolProperty FDisplayClusterConfigurationViewport_ColorGradingSettings::bOverride_Offset is not initialized properly. Module:DisplayClusterConfiguration File:Public/DisplayClusterConfigurationTypes_Postprocess.h
[2021.08.26-18.57.18:112][  0]LogClass: Display: StructProperty FDisplayClusterViewportStereoContext::RectLocation is not initialized properly. Module:DisplayCluster File:Public/Blueprints/DisplayClusterBlueprintContainers.h
[2021.08.26-18.57.18:112][  0]LogClass: Display: StructProperty FDisplayClusterViewportStereoContext::RectSize is not initialized properly. Module:DisplayCluster File:Public/Blueprints/DisplayClusterBlueprintContainers.h
[2021.08.26-18.57.18:112][  0]LogClass: Display: BoolProperty FDisplayClusterViewportStereoContext::bIsRendering is not initialized properly. Module:DisplayCluster File:Public/Blueprints/DisplayClusterBlueprintContainers.h
[2021.08.26-18.57.18:112][  0]LogClass: Display: StructProperty FDisplayClusterViewportContext::RectLocation is not initialized properly. Module:DisplayCluster File:Public/Blueprints/DisplayClusterBlueprintContainers.h
[2021.08.26-18.57.18:112][  0]LogClass: Display: StructProperty FDisplayClusterViewportContext::RectSize is not initialized properly. Module:DisplayCluster File:Public/Blueprints/DisplayClusterBlueprintContainers.h
[2021.08.26-18.57.18:112][  0]LogClass: Display: StructProperty FDisplayClusterViewportContext::ViewLocation is not initialized properly. Module:DisplayCluster File:Public/Blueprints/DisplayClusterBlueprintContainers.h
[2021.08.26-18.57.18:112][  0]LogClass: Display: StructProperty FDisplayClusterViewportContext::ViewRotation is not initialized properly. Module:DisplayCluster File:Public/Blueprints/DisplayClusterBlueprintContainers.h
[2021.08.26-18.57.18:112][  0]LogClass: Display: StructProperty FDisplayClusterViewportContext::ProjectionMatrix is not initialized properly. Module:DisplayCluster File:Public/Blueprints/DisplayClusterBlueprintContainers.h
[2021.08.26-18.57.18:112][  0]LogClass: Display: BoolProperty FDisplayClusterViewportContext::bIsRendering is not initialized properly. Module:DisplayCluster File:Public/Blueprints/DisplayClusterBlueprintContainers.h
[2021.08.26-18.57.18:112][  0]LogClass: Display: IntProperty FDisplayClusterClusterEventBinary::EventId is not initialized properly. Module:DisplayCluster File:Public/Cluster/DisplayClusterClusterEvent.h
[2021.08.26-18.57.18:112][  0]LogClass: Display: IntProperty FMPCDIGeometryImportData::Width is not initialized properly. Module:DisplayClusterShaders File:Public/Blueprints/MPCDIGeometryData.h
[2021.08.26-18.57.18:112][  0]LogClass: Display: IntProperty FMPCDIGeometryImportData::Height is not initialized properly. Module:DisplayClusterShaders File:Public/Blueprints/MPCDIGeometryData.h
[2021.08.26-18.57.18:113][  0]LogClass: Display: EnumProperty FCriticalStateProviderMessage::State is not initialized properly. Module:StageDataCore File:Public/StageMessages.h
[2021.08.26-18.57.18:113][  0]LogClass: Display: EnumProperty FMultiUserClientConfig::ValidationMode is not initialized properly. Module:MultiUserClientLibrary File:Public/MultiUserClientStatics.h
[2021.08.26-18.57.18:113][  0]LogClass: Display: StructProperty FMultiUserClientInfo::AvatarColor is not initialized properly. Module:MultiUserClientLibrary File:Public/MultiUserClientStatics.h
[2021.08.26-18.57.18:113][  0]LogClass: Display: 45 Uninitialized script struct members found including 0 object properties
[2021.08.26-18.57.18:113][  0]LogDisplayClusterEngine: Detected operation mode: cluster
[2021.08.26-18.57.18:113][  0]LogDisplayClusterModule: Initializing subsystems to cluster operation mode
[2021.08.26-18.57.18:113][  0]LogDisplayClusterConfiguration: JSON config: C:\Users\micha\AppData\Local\Temp\ndisplay\1C3019184D6094142BDEEEACC73BA479.ndisplay
[2021.08.26-18.57.18:114][  0]LogDisplayClusterConfiguration: JSON config: C:\Users\micha\AppData\Local\Temp\ndisplay\1C3019184D6094142BDEEEACC73BA479.ndisplay
[2021.08.26-18.57.18:114][  0]LogDisplayClusterEngine: Detected (.ndisplay 4.27) config format
[2021.08.26-18.57.18:114][  0]LogDisplayClusterConfiguration: JSON config: C:\Users\micha\AppData\Local\Temp\ndisplay\1C3019184D6094142BDEEEACC73BA479.ndisplay
[2021.08.26-18.57.18:114][  0]LogDisplayClusterConfiguration: nDisplay json configuration: {"nDisplay": {"description": "", "version": "4.27", "assetPath": "/Game/ExampleConfigs/NDC_DualMonitor_Custom.NDC_DualMonitor_Custom", "misc": {"bFollowLocalPlayerCamera": false, "bExitOnEsc": true}, "scene": {"xforms": {"nDisplayXform": {"parentId": "", "location": {"x": 100, "y": 0, "z": 50}, "rotation": {"pitch": 0, "yaw": 0, "roll": 0}}}, "cameras": {"DefaultViewPoint": {"interpupillaryDistance": 6.400000095367432, "swapEyes": false, "stereoOffset": "none", "parentId": "", "location": {"x": 0, "y": 0, "z": 50}, "rotation": {"pitch": 0, "yaw": 0, "roll": 0}}}, "screens": {"nDisplayScreenRight": {"size": {"width": 70, "height": 39.375}, "parentId": "nDisplayXform", "location": {"x": 0, "y": 35, "z": -8.988168701762334e-06}, "rotation": {"pitch": 0, "yaw": 0, "roll": 8.58306884765625e-06}}, "nDisplayScreenLeft": {"size": {"width": 70, "height": 39.375}, "parentId": "nDisplayXform", "location": {"x": 0, "y": -35, "z": 0}, "rotation": {"pitch": 0, "yaw": 0, "roll": 0}}}}, "cluster": {"masterNode": {"id": "Node_0", "ports": {"ClusterSync": 41001, "RenderSync": 41002, "ClusterEventsJson": 41003, "ClusterEventsBinary": 41004}}, "sync": {"renderSyncPolicy": {"type": "ethernet", "parameters": {}}, "inputSyncPolicy": {"type": "ReplicateMaster", "parameters": {}}}, "network": {"ConnectRetriesAmount": "10", "ConnectRetryDelay": "1000", "GameStartBarrierTimeout": "30000", "FrameStartBarrierTimeout": "5000", "FrameEndBarrierTimeout": "5000", "RenderSyncBarrierTimeout": "5000"}, "nodes": {"Node_0": {"host": "127.0.0.1", "sound": true, "fullScreen": false, "window": {"x": 0, "y": 0, "w": 7680, "h": 2160}, "postprocess": {}, "viewports": {"VP_Left": {"camera": "DefaultViewPoint", "bufferRatio": 1, "gPUIndex": -1, "allowCrossGPUTransfer": false, "isShared": false, "region": {"x": 0, "y": 0, "w": 3840, "h": 2160}, "projectionPolicy": {"type": "simple", "parameters": {"screen": "nDisplayScreenLeft"}}}, "VP_Right": {"camera": "DefaultViewPoint", "bufferRatio": 1, "gPUIndex": -1, "allowCrossGPUTransfer": false, "isShared": false, "region": {"x": 3840, "y": 0, "w": 3840, "h": 2160}, "projectionPolicy": {"type": "simple", "parameters": {"screen": "nDisplayScreenRight"}}}}, "outputRemap": {"bEnable": false, "dataSource": "mesh", "staticMeshAsset": "", "externalFile": ""}}}}, "customParameters": {}, "diagnostics": {"simulateLag": false, "minLagTime": 0, "maxLagTime": 0}}}
[2021.08.26-18.57.18:114][  0]LogDisplayClusterModule: StartSession with node ID 'Node_0'
[2021.08.26-18.57.18:114][  0]LogDisplayClusterCluster: Node ID: Node_0
[2021.08.26-18.57.18:114][  0]LogDisplayClusterCluster: Current operation mode: cluster
[2021.08.26-18.57.18:114][  0]LogDisplayClusterCluster: Instantiating cluster master controller...
[2021.08.26-18.57.18:114][  0]LogDisplayClusterCluster: Initializing the controller...
[2021.08.26-18.57.18:114][  0]LogDisplayClusterCluster: [CTRL-M] - initializing master servers...
[2021.08.26-18.57.18:114][  0]LogDisplayClusterNetwork: Initialized barrier GameStart_barrier with timeout 30000 for threads count: 1
[2021.08.26-18.57.18:114][  0]LogDisplayClusterNetwork: Initialized barrier FrameStart_barrier with timeout 5000 for threads count: 1
[2021.08.26-18.57.18:114][  0]LogDisplayClusterNetwork: Initialized barrier FrameEnd_barrier with timeout 5000 for threads count: 1
[2021.08.26-18.57.18:114][  0]LogDisplayClusterNetwork: Initialized barrier RenderSync_barrier with timeout 5000 for threads count: 1
[2021.08.26-18.57.18:114][  0]LogDisplayClusterCluster: [CTRL-M] - initializing slave clients...
[2021.08.26-18.57.18:114][  0]LogDisplayClusterCluster: [CTRL-M] - starting master servers...
[2021.08.26-18.57.18:114][  0]LogDisplayClusterCluster: Servers: addr 127.0.0.1, port_cs 41001, port_ss 41002, port_ce 41003, port_ceb 41004
[2021.08.26-18.57.18:114][  0]LogDisplayClusterNetwork: TCP listener SRV_CS_listener: started listening to 127.0.0.1:41001...
[2021.08.26-18.57.18:115][  0]LogDisplayClusterCluster: Server SRV_CS has started
[2021.08.26-18.57.18:115][  0]LogDisplayClusterNetwork: TCP listener SRV_RS_listener: started listening to 127.0.0.1:41002...
[2021.08.26-18.57.18:116][  0]LogDisplayClusterCluster: Server SRV_RS has started
[2021.08.26-18.57.18:116][  0]LogDisplayClusterNetwork: TCP listener SRV_CEJ_listener: started listening to 127.0.0.1:41003...
[2021.08.26-18.57.18:116][  0]LogDisplayClusterCluster: Server SRV_CEJ has started
[2021.08.26-18.57.18:116][  0]LogDisplayClusterNetwork: TCP listener SRV_CEB_listener: started listening to 127.0.0.1:41004...
[2021.08.26-18.57.18:117][  0]LogDisplayClusterCluster: Server SRV_CEB has started
[2021.08.26-18.57.18:117][  0]LogDisplayClusterCluster: [CTRL-M] - initializing slave clients...
[2021.08.26-18.57.18:119][  0]LogDisplayClusterNetwork: Session thread SRV_CS_session_0_127.0.0.1:54959 has started
[2021.08.26-18.57.18:119][  0]LogDisplayClusterNetwork: Session SRV_CS_session_0_127.0.0.1:54959 started
[2021.08.26-18.57.18:119][  0]LogDisplayClusterCluster: CLN_CS connected to the server 127.0.0.1:41001
[2021.08.26-18.57.18:121][  0]LogDisplayClusterNetwork: Session thread SRV_RS_session_0_127.0.0.1:54960 has started
[2021.08.26-18.57.18:121][  0]LogDisplayClusterNetwork: Session SRV_RS_session_0_127.0.0.1:54960 started
[2021.08.26-18.57.18:121][  0]LogDisplayClusterCluster: CLN_RS connected to the server 127.0.0.1:41002
[2021.08.26-18.57.18:123][  0]LogDisplayClusterNetwork: Session thread SRV_CEJ_session_0_127.0.0.1:54961 has started
[2021.08.26-18.57.18:123][  0]LogDisplayClusterNetwork: Session SRV_CEJ_session_0_127.0.0.1:54961 started
[2021.08.26-18.57.18:123][  0]LogDisplayClusterCluster: CLN_CEJ connected to the server 127.0.0.1:41003
[2021.08.26-18.57.18:124][  0]LogDisplayClusterNetwork: Session thread SRV_CEB_session_0_127.0.0.1:54962 has started
[2021.08.26-18.57.18:124][  0]LogDisplayClusterNetwork: Session SRV_CEB_session_0_127.0.0.1:54962 started
[2021.08.26-18.57.18:124][  0]LogDisplayClusterCluster: CLN_CEB connected to the server 127.0.0.1:41004
[2021.08.26-18.57.18:124][  0]LogDisplayClusterRender: Instantiating synchronization policy object...
[2021.08.26-18.57.18:124][  0]LogDisplayClusterRender: A factory for the requested synchronization policy <ethernet> was found
[2021.08.26-18.57.18:124][  0]LogDisplayClusterRender: Instantiating stereo device...
[2021.08.26-18.57.18:124][  0]LogDisplayClusterRender: Instantiating DX12 monoscopic device...
[2021.08.26-18.57.18:124][  0]LogDisplayClusterRender: Created DCRenderDevice
[2021.08.26-18.57.18:124][  0]LogDisplayClusterEngine: Configuring sound enabled: true
[2021.08.26-18.57.18:124][  0]LogEngine: Initializing Engine...
[2021.08.26-18.57.18:124][  0]LogHMD: Failed to enumerate extensions. Please check that you have a valid OpenXR runtime installed.
[2021.08.26-18.57.18:124][  0]LogMagicLeap: Warning: VR disabled because ZI is not enabled.  To enable, in the editor, Edit -> Project Settings -> Plugins -> Magic Leap Plugin -> Enable Zero Iteration
[2021.08.26-18.57.18:125][  0]LogStats: UGameplayTagsManager::InitializeManager -  0.000 s
[2021.08.26-18.57.18:189][  0]LogInit: Initializing FReadOnlyCVARCache
[2021.08.26-18.57.18:189][  0]LogAudio: Display: Initializing Audio Device Manager...
[2021.08.26-18.57.18:191][  0]LogAudio: Display: Loading Default Audio Settings Objects...
[2021.08.26-18.57.18:192][  0]LogAudio: Display: No default SoundConcurrencyObject specified (or failed to load).
[2021.08.26-18.57.18:192][  0]LogAudio: Display: Audio Device Manager Initialized
[2021.08.26-18.57.18:192][  0]LogAudio: Display: Creating Audio Device:                 Id: 1, Scope: Shared, Realtime: True
[2021.08.26-18.57.18:192][  0]LogAudioMixer: Display: Audio Mixer Platform Settings:
[2021.08.26-18.57.18:192][  0]LogAudioMixer: Display: 	Sample Rate:						  48000
[2021.08.26-18.57.18:192][  0]LogAudioMixer: Display: 	Callback Buffer Frame Size Requested: 1024
[2021.08.26-18.57.18:192][  0]LogAudioMixer: Display: 	Callback Buffer Frame Size To Use:	  1024
[2021.08.26-18.57.18:192][  0]LogAudioMixer: Display: 	Number of buffers to queue:			  2
[2021.08.26-18.57.18:192][  0]LogAudioMixer: Display: 	Max Channels (voices):				  32
[2021.08.26-18.57.18:192][  0]LogAudioMixer: Display: 	Number of Async Source Workers:		  0
[2021.08.26-18.57.18:192][  0]LogAudio: Display: AudioDevice MaxSources: 32
[2021.08.26-18.57.18:192][  0]LogAudio: Display: Audio Spatialization Plugin: None (built-in).
[2021.08.26-18.57.18:192][  0]LogAudio: Display: Audio Reverb Plugin: None (built-in).
[2021.08.26-18.57.18:192][  0]LogAudio: Display: Audio Occlusion Plugin: None (built-in).
[2021.08.26-18.57.18:192][  0]LogAudioMixer: Display: Initializing audio mixer.
[2021.08.26-18.57.18:200][  0]LogAudioMixer: Display: 0: FrontLeft
[2021.08.26-18.57.18:200][  0]LogAudioMixer: Display: 1: FrontRight
[2021.08.26-18.57.18:307][  0]LogAudioMixer: Display: Using Audio Device Speakers (Realtek(R) Audio)
[2021.08.26-18.57.18:310][  0]LogAudioMixer: Display: Initializing Sound Submixes...
[2021.08.26-18.57.18:311][  0]LogAudioMixer: Display: Creating Master Submix 'MasterSubmixDefault'
[2021.08.26-18.57.18:311][  0]LogAudioMixer: Display: Creating Master Submix 'MasterReverbSubmixDefault'
[2021.08.26-18.57.18:312][  0]LogAudioMixer: Display: Creating Master Submix 'MasterEQSubmixDefault'
[2021.08.26-18.57.18:312][  0]LogAudioMixer: FMixerPlatformXAudio2::StartAudioStream() called
[2021.08.26-18.57.18:312][  0]LogAudioMixer: Display: Output buffers initialized: Frames=1024, Channels=2, Samples=2048
[2021.08.26-18.57.18:312][  0]LogAudioMixer: Display: Starting AudioMixerPlatformInterface::RunInternal()
[2021.08.26-18.57.18:312][  0]LogAudioMixer: Display: FMixerPlatformXAudio2::SubmitBuffer() called for the first time
[2021.08.26-18.57.18:312][  0]LogInit: FAudioDevice initialized.
[2021.08.26-18.57.18:313][  0]LogNetVersion: Set ProjectVersion to 1.0.0.0. Version Checksum will be recalculated on next use.
[2021.08.26-18.57.18:347][  0]LogDerivedDataCache: Saved boot cache 0.03s 80MB C:/Users/micha/AppData/Local/UnrealEngine/4.27/DerivedDataCache/Boot.ddc.
[2021.08.26-18.57.18:348][  0]LogInit: Texture streaming: Enabled
[2021.08.26-18.57.18:387][  0]LogAudio: Display: Audio Device (ID: 1) registered with world 'Untitled'.
[2021.08.26-18.57.18:388][  0]LogSlate: Updating window title bar state: overlay mode, drag disabled, window buttons hidden, title bar hidden
[2021.08.26-18.57.18:388][  0]LogInit: Display: Game Engine Initialized.
[2021.08.26-18.57.18:388][  0]LogNiagaraEditor: GEditor isn't valid! Particle reset commands will not work for Niagara components!
[2021.08.26-18.57.18:428][  0]LogInit: Display: Starting Game.
[2021.08.26-18.57.18:467][  0]LogPackageName: SearchForPackageOnDisk took   0.039s to resolve Main.umap.
[2021.08.26-18.57.18:467][  0]LogNet: Browse: /Game/Maps/Main?Name=Player
[2021.08.26-18.57.18:467][  0]LogDisplayClusterModule: Stopping game...
[2021.08.26-18.57.18:468][  0]LogLoad: LoadMap: /Game/Maps/Main?Name=Player
[2021.08.26-18.57.18:468][  0]LogWorld: BeginTearingDown for /Temp/Untitled_0
[2021.08.26-18.57.18:468][  0]LogWorld: UWorld::CleanupWorld for Untitled, bSessionEnded=true, bCleanupResources=true
[2021.08.26-18.57.18:469][  0]LogSlate: InvalidateAllWidgets triggered.  All widgets were invalidated
[2021.08.26-18.57.18:472][  0]LogAudio: Display: Audio Device unregistered from world 'None'.
[2021.08.26-18.57.18:474][  0]LogUObjectHash: Compacting FUObjectHashTables data took   0.62ms
[2021.08.26-18.57.18:561][  0]LogAudio: Display: Audio Device (ID: 1) registered with world 'Main'.
[2021.08.26-18.57.18:565][  0]LogAIModule: Creating AISystem for world Main
[2021.08.26-18.57.18:566][  0]LogLoad: Game class is 'GameModeBase'
[2021.08.26-18.57.18:567][  0]LogWorld: Bringing World /Game/Maps/Main.Main up for play (max tick rate 0) at 2021.08.26-13.57.18
[2021.08.26-18.57.18:568][  0]LogWorld: Bringing up level for play took: 0.001376
[2021.08.26-18.57.18:569][  0]LogDisplayClusterGame: Native input sync policy: ReplicateMaster
[2021.08.26-18.57.18:569][  0]LogLoad: Took 0.101418 seconds to LoadMap(/Game/Maps/Main)
[2021.08.26-18.57.18:569][  0]LogDisplayClusterModule: Starting game...
[2021.08.26-18.57.18:569][  0]LogDisplayClusterInterception: Display: New scene event
[2021.08.26-18.57.18:569][  0]LogDisplayClusterGame: Found root actor - NDC_DualMonitor_Custom_2
[2021.08.26-18.57.18:569][  0]LogDisplayClusterEngine: Display: CheckGameStartBarrier - we are no longer out of sync. Restoring Play.
[2021.08.26-18.57.18:637][  0]LogDisplayClusterProjectionSimple: Instantiating projection policy <simple> id='proj_VP_Left'
[2021.08.26-18.57.18:637][  0]LogDisplayClusterProjectionSimple: Instantiating projection policy <simple> id='proj_VP_Right'
[2021.08.26-18.57.18:637][  0]LogDisplayClusterProjectionSimple: Initializing internals for the viewport 'VP_Left'
[2021.08.26-18.57.18:637][  0]LogDisplayClusterProjectionSimple: Initializing screen geometry for viewport policy  proj_VP_Left
[2021.08.26-18.57.18:637][  0]LogDisplayClusterProjectionSimple: Initializing internals for the viewport 'VP_Right'
[2021.08.26-18.57.18:637][  0]LogDisplayClusterProjectionSimple: Initializing screen geometry for viewport policy  proj_VP_Right
[2021.08.26-18.57.18:638][  0]LogSlate: InvalidateAllWidgets triggered.  All widgets were invalidated
[2021.08.26-18.57.18:647][  0]LogRenderer: Reallocating scene render targets to support 3840x2160 Format 10 NumSamples 1 (Frame:1).
[2021.08.26-18.57.18:711][  0]LogInit: Display: Engine is initialized. Leaving FEngineLoop::Init()
[2021.08.26-18.57.18:711][  0]LogLoad: (Engine Initialization) Total time: 4.17 seconds
[2021.08.26-18.57.18:711][  0]LogLoad: (Engine Initialization) Total Blueprint compile time: 0.00 seconds
[2021.08.26-18.57.18:712][  0]LogDisplayClusterInterception: Display: Node 'Node_0' received synchronization settings event
[2021.08.26-18.57.18:726][  0]LogDisplayClusterStageMonitoringDWM: DWM Sync watchdog active
[2021.08.26-18.57.18:726][  0]LogDisplayClusterInterception: Display: Sync received! Starting interception!
[2021.08.26-18.57.18:726][  0]LogDisplayClusterInterception: Display: Starting interception of bus messages
[2021.08.26-18.57.18:726][  0]LogDisplayClusterInterception: Display: Intercepting message type: 'ConcertSession_CustomEvent' with annotation 'ConcertMessageId'
[2021.08.26-18.57.18:727][  0]LogContentStreaming: Texture pool size now 1000 MB
[2021.08.26-18.57.18:729][  1]LogEngine: Onscreen warnings/messages are now DISABLED
[2021.08.26-18.57.18:775][  3]LogDisplayClusterRenderSync: nDisplay SYNC: Refresh period:      0.016668 (custom=0)
[2021.08.26-18.57.18:775][  3]LogDisplayClusterRenderSync: nDisplay SYNC: VBlank basis:        17561639.987246
[2021.08.26-18.57.18:775][  3]LogDisplayClusterRenderSync: nDisplay SYNC: VBlank FE threshold: 0.003000
[2021.08.26-18.57.18:775][  3]LogDisplayClusterRenderSync: nDisplay SYNC: VBlank BE threshold: 0.002000
[2021.08.26-18.57.18:775][  3]LogDisplayClusterRenderSync: nDisplay SYNC: VBlank sleep mult:   1.500000
[2021.08.26-18.57.18:775][  3]LogDisplayClusterRenderSync: nDisplay SYNC: VBlank sleep:        0.004500
[2021.08.26-18.57.18:792][  3]LogDisplayClusterRenderSync: nDisplay SYNC: VBlank Sample # 0: 17561640.003922
[2021.08.26-18.57.18:808][  3]LogDisplayClusterRenderSync: nDisplay SYNC: VBlank Sample # 1: 17561640.020716
[2021.08.26-18.57.18:825][  3]LogDisplayClusterRenderSync: nDisplay SYNC: VBlank Sample # 2: 17561640.037276
[2021.08.26-18.57.18:843][  3]LogDisplayClusterRenderSync: nDisplay SYNC: VBlank Sample # 3: 17561640.053944
[2021.08.26-18.57.18:860][  3]LogDisplayClusterRenderSync: nDisplay SYNC: VBlank Sample # 4: 17561640.070590
[2021.08.26-18.57.18:876][  3]LogDisplayClusterRenderSync: nDisplay SYNC: VBlank Sample # 5: 17561640.087272
[2021.08.26-18.57.18:893][  3]LogDisplayClusterRenderSync: nDisplay SYNC: VBlank Sample # 6: 17561640.103988
[2021.08.26-18.57.18:909][  3]LogDisplayClusterRenderSync: nDisplay SYNC: VBlank Sample # 7: 17561640.120598
[2021.08.26-18.57.18:925][  3]LogDisplayClusterRenderSync: nDisplay SYNC: VBlank Sample # 8: 17561640.137363
[2021.08.26-18.57.18:943][  3]LogDisplayClusterRenderSync: nDisplay SYNC: VBlank Sample # 9: 17561640.153927
[2021.08.26-18.57.18:943][  3]LogDisplayClusterRenderSync: nDisplay SYNC: Frame time # 1: 0.016793sec == 59.547560fps
[2021.08.26-18.57.18:943][  3]LogDisplayClusterRenderSync: nDisplay SYNC: Frame time # 2: 0.016561sec == 60.384275fps
[2021.08.26-18.57.18:943][  3]LogDisplayClusterRenderSync: nDisplay SYNC: Frame time # 3: 0.016668sec == 59.996651fps
[2021.08.26-18.57.18:943][  3]LogDisplayClusterRenderSync: nDisplay SYNC: Frame time # 4: 0.016646sec == 60.074124fps
[2021.08.26-18.57.18:943][  3]LogDisplayClusterRenderSync: nDisplay SYNC: Frame time # 5: 0.016682sec == 59.944493fps
[2021.08.26-18.57.18:943][  3]LogDisplayClusterRenderSync: nDisplay SYNC: Frame time # 6: 0.016716sec == 59.823285fps
[2021.08.26-18.57.18:943][  3]LogDisplayClusterRenderSync: nDisplay SYNC: Frame time # 7: 0.016610sec == 60.203250fps
[2021.08.26-18.57.18:943][  3]LogDisplayClusterRenderSync: nDisplay SYNC: Frame time # 8: 0.016765sec == 59.648784fps
[2021.08.26-18.57.18:943][  3]LogDisplayClusterRenderSync: nDisplay SYNC: Frame time # 9: 0.016564sec == 60.372256fps
[2021.08.26-18.57.18:997][  5]LogDisplayClusterStageMonitoringDWM: Warning: '14' VBlanks were missed.
[2021.08.26-18.57.19:049][  7]LogDisplayClusterStageMonitoringDWM: Warning: '1' VBlanks were missed.
